<?xml version="1.0" encoding="UTF-8"?>
<testsuite xmlns:xsi="http://www.w3.org/2001/XMLSchema-instance" xsi:noNamespaceSchemaLocation="https://maven.apache.org/surefire/maven-failsafe-plugin/xsd/failsafe-test-report-3.0.xsd" version="3.0" name="starter.CucumberTestSuite" time="42.96" tests="8" errors="0" skipped="0" failures="0">
  <properties>
[...]
</properties>
  <testcase name="Login with correct credentials" classname="Login to Sociops Admin Account" time="8.729">
    <system-out><![CDATA[18:24:08.221 [main] DEBUG net.thucydides.core.guice.Injectors - Created injector for module net.thucydides.core.guice.ThucydidesModule
18:24:08.459 [main] DEBUG io.cucumber.core.plugin.SerenityReporter - Running feature from file:///C:/Users/WINDOWS%2010/Documents/GitHub/Capstone/sociops_qe_web/src/test/resources/features/Dashboard.feature
18:24:08.612 [main] DEBUG net.thucydides.core.guice.Injectors - Created injector for module net.thucydides.core.guice.webdriver.WebDriverModule
18:24:08.630 [main] INFO  - 

-------------------------------------------------------------------------------------
     _______. _______ .______       _______ .__   __.  __  .___________.____    ____ 
    /       ||   ____||   _  \     |   ____||  \ |  | |  | |           |\   \  /   / 
   |   (----`|  |__   |  |_)  |    |  |__   |   \|  | |  | `---|  |----` \   \/   /  
    \   \    |   __|  |      /     |   __|  |  . `  | |  |     |  |       \_    _/   
.----)   |   |  |____ |  |\  \----.|  |____ |  |\   | |  |     |  |         |  |     
|_______/    |_______|| _| `._____||_______||__| \__| |__|     |__|         |__|    
                                                                                     
 News and tutorials at http://www.serenity-bdd.info                                  
 Documentation at https://wakaleo.gitbooks.io/the-serenity-book/content/             
 Join the Serenity Community on Gitter: https://gitter.im/serenity-bdd/serenity-core 
 Serenity BDD Support and Training at http://serenity-bdd.info/#/trainingandsupport  
-------------------------------------------------------------------------------------

18:24:08.632 [main] DEBUG net.thucydides.core.steps.StepEventBus - Test suite started for story net.thucydides.core.model.Story@d0cf6dd5
18:24:08.633 [main] INFO  - Test Suite Started: Validate Dashboard Sociops Web
18:24:08.650 [main] DEBUG io.cucumber.core.plugin.SerenityReporter - Running feature from file:///C:/Users/WINDOWS%2010/Documents/GitHub/Capstone/sociops_qe_web/src/test/resources/features/Login.feature
18:24:08.663 [main] DEBUG net.thucydides.core.steps.StepEventBus - Test suite started for story net.thucydides.core.model.Story@2938f36d
18:24:08.663 [main] INFO  - Test Suite Started: Login to Sociops Admin Account
18:24:08.665 [main] DEBUG io.cucumber.core.plugin.SerenityReporter - Running feature from file:///C:/Users/WINDOWS%2010/Documents/GitHub/Capstone/sociops_qe_web/src/test/resources/features/Login.feature
18:24:08.669 [main] DEBUG net.thucydides.core.steps.StepEventBus - Test suite started for story net.thucydides.core.model.Story@2938f36d
18:24:08.669 [main] INFO  - Test Suite Started: Login to Sociops Admin Account

Scenario: Login with correct credentials        &amp#27;[90m# src/test/resources/features/Login.feature:7&amp#27;[0m
18:24:08.763 [main] DEBUG io.cucumber.core.plugin.SerenityReporter - Running feature from file:///C:/Users/WINDOWS%2010/Documents/GitHub/Capstone/sociops_qe_web/src/test/resources/features/Login.feature
18:24:08.893 [main] INFO  - 
  _____   ___   ___   _____     ___   _____     _     ___   _____   ___   ___  
 |_   _| | __| / __| |_   _|   / __| |_   _|   /_\   | _ \ |_   _| | __| |   \ 
   | |   | _|  \__ \   | |     \__ \   | |    / _ \  |   /   | |   | _|  | |) |
   |_|   |___| |___/   |_|     |___/   |_|   /_/ \_\ |_|_\   |_|   |___| |___/ 

Login with correct credentials(login-to-sociops-admin-account;login-with-correct-credentials)
--------------------------------------------------------------------------------
18:24:08.952 [main] DEBUG net.thucydides.core.requirements.model.cucumber.CucumberParser - Loading feature C:\Users\WINDOWS 10\Documents\GitHub\Capstone\sociops_qe_web\src\test\resources\features\Dashboard.feature
18:24:08.976 [main] DEBUG net.thucydides.core.requirements.model.cucumber.CucumberParser - Loading feature C:\Users\WINDOWS 10\Documents\GitHub\Capstone\sociops_qe_web\src\test\resources\features\Login.feature
18:24:09.663 [main] DEBUG net.thucydides.core.steps.StepInterceptor - STARTING STEP: LoginSteps.onTheLoginPage - openPage
18:24:09.754 [main] INFO net.serenitybdd.core.webdriver.driverproviders.ChromeDriverProvider - Starting Chrome driver instance with capabilities:
18:24:09.757 [main] INFO net.serenitybdd.core.webdriver.driverproviders.ChromeDriverProvider - Capabilities {acceptInsecureCerts: false, browserName: chrome, goog:chromeOptions: {args: [remote-allow-origins=*], extensions: []}}
18:24:09.852 [main] DEBUG io.netty.util.internal.logging.InternalLoggerFactory - Using SLF4J as the default logging framework
18:24:09.857 [main] DEBUG io.netty.util.ResourceLeakDetector - -Dio.netty.leakDetection.level: simple
18:24:09.857 [main] DEBUG io.netty.util.ResourceLeakDetector - -Dio.netty.leakDetection.targetRecords: 4
18:24:09.862 [main] DEBUG io.netty.util.ResourceLeakDetectorFactory - Loaded default ResourceLeakDetector: io.netty.util.ResourceLeakDetector@599a9cb2
18:24:09.880 [main] DEBUG io.netty.util.internal.PlatformDependent0 - -Dio.netty.noUnsafe: false
18:24:09.880 [main] DEBUG io.netty.util.internal.PlatformDependent0 - Java version: 15
18:24:09.881 [main] DEBUG io.netty.util.internal.PlatformDependent0 - sun.misc.Unsafe.theUnsafe: available
18:24:09.881 [main] DEBUG io.netty.util.internal.PlatformDependent0 - sun.misc.Unsafe.copyMemory: available
18:24:09.882 [main] DEBUG io.netty.util.internal.PlatformDependent0 - sun.misc.Unsafe.storeFence: available
18:24:09.882 [main] DEBUG io.netty.util.internal.PlatformDependent0 - java.nio.Buffer.address: available
18:24:09.884 [main] DEBUG io.netty.util.internal.PlatformDependent0 - direct buffer constructor: unavailable: Reflective setAccessible(true) disabled
18:24:09.885 [main] DEBUG io.netty.util.internal.PlatformDependent0 - java.nio.Bits.unaligned: available, true
18:24:09.886 [main] DEBUG io.netty.util.internal.PlatformDependent0 - jdk.internal.misc.Unsafe.allocateUninitializedArray(int): unavailable: class io.netty.util.internal.PlatformDependent0$7 cannot access class jdk.internal.misc.Unsafe (in module java.base) because module java.base does not export jdk.internal.misc to unnamed module @55e8ec2f
18:24:09.887 [main] DEBUG io.netty.util.internal.PlatformDependent0 - java.nio.DirectByteBuffer.<init>(long, int): unavailable
18:24:09.887 [main] DEBUG io.netty.util.internal.PlatformDependent - sun.misc.Unsafe: available
18:24:09.889 [main] DEBUG io.netty.util.internal.PlatformDependent - maxDirectMemory: 4133486592 bytes (maybe)
18:24:09.889 [main] DEBUG io.netty.util.internal.PlatformDependent - -Dio.netty.tmpdir: C:\Users\WINDOW~1\AppData\Local\Temp (java.io.tmpdir)
18:24:09.889 [main] DEBUG io.netty.util.internal.PlatformDependent - -Dio.netty.bitMode: 64 (sun.arch.data.model)
18:24:09.889 [main] DEBUG io.netty.util.internal.PlatformDependent - Platform: Windows
18:24:09.890 [main] DEBUG io.netty.util.internal.PlatformDependent - -Dio.netty.maxDirectMemory: -1 bytes
18:24:09.890 [main] DEBUG io.netty.util.internal.PlatformDependent - -Dio.netty.uninitializedArrayAllocationThreshold: -1
18:24:09.891 [main] DEBUG io.netty.util.internal.CleanerJava9 - java.nio.ByteBuffer.cleaner(): available
18:24:09.891 [main] DEBUG io.netty.util.internal.PlatformDependent - -Dio.netty.noPreferDirect: false
18:24:09.896 [main] DEBUG io.netty.util.internal.PlatformDependent - org.jctools-core.MpscChunkedArrayQueue: available
18:24:09.930 [main] DEBUG io.netty.util.internal.InternalThreadLocalMap - -Dio.netty.threadLocalMap.stringBuilder.initialSize: 1024
18:24:09.930 [main] DEBUG io.netty.util.internal.InternalThreadLocalMap - -Dio.netty.threadLocalMap.stringBuilder.maxSize: 4096
18:24:10.144 [main] DEBUG io.netty.handler.ssl.JdkSslContext - Default protocols (JDK): [TLSv1.3, TLSv1.2, TLSv1.1, TLSv1] 
18:24:10.144 [main] DEBUG io.netty.handler.ssl.JdkSslContext - Default cipher suites (JDK): [TLS_ECDHE_ECDSA_WITH_AES_256_GCM_SHA384, TLS_ECDHE_ECDSA_WITH_AES_128_GCM_SHA256, TLS_ECDHE_RSA_WITH_AES_128_GCM_SHA256, TLS_ECDHE_RSA_WITH_AES_256_GCM_SHA384, TLS_ECDHE_RSA_WITH_AES_128_CBC_SHA, TLS_ECDHE_RSA_WITH_AES_256_CBC_SHA, TLS_RSA_WITH_AES_128_GCM_SHA256, TLS_RSA_WITH_AES_128_CBC_SHA, TLS_RSA_WITH_AES_256_CBC_SHA, TLS_AES_128_GCM_SHA256, TLS_AES_256_GCM_SHA384]
18:24:10.180 [main] DEBUG io.netty.channel.MultithreadEventLoopGroup - -Dio.netty.eventLoopThreads: 32
18:24:10.191 [main] DEBUG io.netty.channel.nio.NioEventLoop - -Dio.netty.noKeySetOptimization: false
18:24:10.191 [main] DEBUG io.netty.channel.nio.NioEventLoop - -Dio.netty.selectorAutoRebuildThreshold: 512
18:24:10.259 [main] DEBUG io.netty.buffer.PooledByteBufAllocator - -Dio.netty.allocator.numHeapArenas: 32
18:24:10.259 [main] DEBUG io.netty.buffer.PooledByteBufAllocator - -Dio.netty.allocator.numDirectArenas: 32
18:24:10.259 [main] DEBUG io.netty.buffer.PooledByteBufAllocator - -Dio.netty.allocator.pageSize: 8192
18:24:10.259 [main] DEBUG io.netty.buffer.PooledByteBufAllocator - -Dio.netty.allocator.maxOrder: 9
18:24:10.259 [main] DEBUG io.netty.buffer.PooledByteBufAllocator - -Dio.netty.allocator.chunkSize: 4194304
18:24:10.259 [main] DEBUG io.netty.buffer.PooledByteBufAllocator - -Dio.netty.allocator.smallCacheSize: 256
18:24:10.259 [main] DEBUG io.netty.buffer.PooledByteBufAllocator - -Dio.netty.allocator.normalCacheSize: 64
18:24:10.259 [main] DEBUG io.netty.buffer.PooledByteBufAllocator - -Dio.netty.allocator.maxCachedBufferCapacity: 32768
18:24:10.259 [main] DEBUG io.netty.buffer.PooledByteBufAllocator - -Dio.netty.allocator.cacheTrimInterval: 8192
18:24:10.259 [main] DEBUG io.netty.buffer.PooledByteBufAllocator - -Dio.netty.allocator.cacheTrimIntervalMillis: 0
18:24:10.259 [main] DEBUG io.netty.buffer.PooledByteBufAllocator - -Dio.netty.allocator.useCacheForAllThreads: false
18:24:10.259 [main] DEBUG io.netty.buffer.PooledByteBufAllocator - -Dio.netty.allocator.maxCachedByteBuffersPerChunk: 1023
18:24:10.272 [main] DEBUG io.netty.buffer.ByteBufUtil - -Dio.netty.allocator.type: pooled
18:24:10.272 [main] DEBUG io.netty.buffer.ByteBufUtil - -Dio.netty.threadLocalDirectBufferSize: 0
18:24:10.272 [main] DEBUG io.netty.buffer.ByteBufUtil - -Dio.netty.maxThreadLocalCharBufferSize: 16384
18:24:11.016 [Forwarding newSession on session null to remote] DEBUG io.netty.channel.DefaultChannelId - -Dio.netty.processId: 16872 (auto-detected)
18:24:11.018 [Forwarding newSession on session null to remote] DEBUG io.netty.util.NetUtil - -Djava.net.preferIPv4Stack: false
18:24:11.019 [Forwarding newSession on session null to remote] DEBUG io.netty.util.NetUtil - -Djava.net.preferIPv6Addresses: false
18:24:11.025 [Forwarding newSession on session null to remote] DEBUG io.netty.util.NetUtilInitializations - Loopback interface: lo (Software Loopback Interface 1, 127.0.0.1)
18:24:11.025 [Forwarding newSession on session null to remote] DEBUG io.netty.util.NetUtil - Failed to get SOMAXCONN from sysctl and file \proc\sys\net\core\somaxconn. Default: 200
18:24:11.040 [Forwarding newSession on session null to remote] DEBUG io.netty.channel.DefaultChannelId - -Dio.netty.machineId: 34:cf:f6:ff:fe:2b:0c:19 (auto-detected)
18:24:11.084 [AsyncHttpClient-1-2] DEBUG io.netty.buffer.AbstractByteBuf - -Dio.netty.buffer.checkAccessible: true
18:24:11.085 [AsyncHttpClient-1-2] DEBUG io.netty.buffer.AbstractByteBuf - -Dio.netty.buffer.checkBounds: true
18:24:11.085 [AsyncHttpClient-1-2] DEBUG io.netty.util.ResourceLeakDetectorFactory - Loaded default ResourceLeakDetector: io.netty.util.ResourceLeakDetector@2bf11f66
18:24:11.094 [AsyncHttpClient-1-2] DEBUG org.asynchttpclient.netty.channel.NettyConnectListener - Using new Channel '[id: 0xf13c86ba, L:/127.0.0.1:52048 - R:localhost/127.0.0.1:39870]' for 'POST' to '/session'
18:24:11.119 [AsyncHttpClient-1-2] DEBUG io.netty.util.Recycler - -Dio.netty.recycler.maxCapacityPerThread: 4096
18:24:11.119 [AsyncHttpClient-1-2] DEBUG io.netty.util.Recycler - -Dio.netty.recycler.ratio: 8
18:24:11.119 [AsyncHttpClient-1-2] DEBUG io.netty.util.Recycler - -Dio.netty.recycler.chunkSize: 32
18:24:11.119 [AsyncHttpClient-1-2] DEBUG io.netty.util.Recycler - -Dio.netty.recycler.blocking: false
18:24:12.009 [AsyncHttpClient-1-2] DEBUG io.netty.handler.codec.compression.Brotli - brotli4j not in the classpath; Brotli support will be unavailable.
18:24:12.009 [AsyncHttpClient-1-2] DEBUG org.asynchttpclient.netty.handler.HttpHandler - 

Request DefaultHttpRequest(decodeResult: success, version: HTTP/1.1)
POST /session HTTP/1.1
User-Agent: selenium/4.8.1 (java windows)
Content-Length: 507
Content-Type: application/json; charset=utf-8
host: localhost:39870
accept: */*

Response DefaultHttpResponse(decodeResult: success, version: HTTP/1.1)
HTTP/1.1 200 OK
Content-Length: 862
Content-Type: application/json; charset=utf-8
cache-control: no-cache

18:24:12.015 [AsyncHttpClient-1-2] DEBUG org.asynchttpclient.netty.channel.ChannelManager - Adding key: http://localhost:39870 for channel [id: 0xf13c86ba, L:/127.0.0.1:52048 - R:localhost/127.0.0.1:39870]
18:24:12.063 [AsyncHttpClient-1-3] DEBUG org.asynchttpclient.netty.channel.NettyConnectListener - Using new Channel '[id: 0x2e416f78, L:/127.0.0.1:52057 - R:localhost/127.0.0.1:52051]' for 'GET' to '/json/version'
18:24:12.067 [AsyncHttpClient-1-3] DEBUG org.asynchttpclient.netty.handler.HttpHandler - 

Request DefaultFullHttpRequest(decodeResult: success, version: HTTP/1.1, content: EmptyByteBufBE)
GET /json/version HTTP/1.1
User-Agent: selenium/4.8.1 (java windows)
host: localhost:52051
accept: */*

Response DefaultHttpResponse(decodeResult: success, version: HTTP/1.1)
HTTP/1.1 200 OK
Content-Security-Policy: frame-ancestors 'none'
Content-Length: 424
Content-Type: application/json; charset=UTF-8

18:24:12.067 [AsyncHttpClient-1-3] DEBUG org.asynchttpclient.netty.channel.ChannelManager - Adding key: http://localhost:52051 for channel [id: 0x2e416f78, L:/127.0.0.1:52057 - R:localhost/127.0.0.1:52051]
18:24:12.072 [main] DEBUG io.netty.util.internal.ThreadLocalRandom - -Dio.netty.initialSeedUniquifier: 0x39100687535d623a
18:24:12.076 [AsyncHttpClient-1-4] DEBUG org.asynchttpclient.netty.channel.NettyConnectListener - Using new Channel '[id: 0x19488c08, L:/127.0.0.1:52058 - R:localhost/127.0.0.1:52051]' for 'GET' to '/devtools/browser/b1f1c900-faf7-427b-a103-49cfd039379f'
18:24:12.079 [AsyncHttpClient-1-4] DEBUG org.asynchttpclient.netty.handler.WebSocketHandler - 

Request DefaultFullHttpRequest(decodeResult: success, version: HTTP/1.1, content: EmptyByteBufBE)
GET /devtools/browser/b1f1c900-faf7-427b-a103-49cfd039379f HTTP/1.1
upgrade: websocket
connection: upgrade
sec-websocket-key: ITBlEJhgJeKsQk+RY9sc+A==
sec-websocket-version: 13
origin: http://localhost:52051
host: localhost:52051
accept: */*
user-agent: AHC/2.1

Response DefaultHttpResponse(decodeResult: success, version: HTTP/1.1)
HTTP/1.1 101 WebSocket Protocol Handshake
Upgrade: WebSocket
Connection: Upgrade
Sec-WebSocket-Accept: qZMVk5v9/nx1eOpSx2KHLXZ2gRU=

18:24:12.162 [Forwarding get on session 01e247028c3b46154ff8b0d39f725768 to remote] DEBUG org.asynchttpclient.netty.request.NettyRequestSender - Using pooled Channel '[id: 0xf13c86ba, L:/127.0.0.1:52048 - R:localhost/127.0.0.1:39870]' for 'POST' to 'http://localhost:39870/session/01e247028c3b46154ff8b0d39f725768/url'
18:24:12.162 [Forwarding get on session 01e247028c3b46154ff8b0d39f725768 to remote] DEBUG org.asynchttpclient.netty.request.NettyRequestSender - Using open Channel [id: 0xf13c86ba, L:/127.0.0.1:52048 - R:localhost/127.0.0.1:39870] for POST '/session/01e247028c3b46154ff8b0d39f725768/url'
18:24:12.307 [AsyncHttpClient-1-1] DEBUG org.asynchttpclient.netty.channel.DefaultChannelPool - Entry count for : http://localhost:52051 : 1
18:24:12.915 [AsyncHttpClient-1-2] DEBUG org.asynchttpclient.netty.handler.HttpHandler - 

Request DefaultHttpRequest(decodeResult: success, version: HTTP/1.1)
POST /session/01e247028c3b46154ff8b0d39f725768/url HTTP/1.1
User-Agent: selenium/4.8.1 (java windows)
Content-Length: 63
Content-Type: application/json; charset=utf-8
host: localhost:39870
accept: */*

Response DefaultHttpResponse(decodeResult: success, version: HTTP/1.1)
HTTP/1.1 200 OK
Content-Length: 14
Content-Type: application/json; charset=utf-8
cache-control: no-cache

18:24:12.915 [AsyncHttpClient-1-2] DEBUG org.asynchttpclient.netty.channel.ChannelManager - Adding key: http://localhost:39870 for channel [id: 0xf13c86ba, L:/127.0.0.1:52048 - R:localhost/127.0.0.1:39870]
18:24:12.919 [Forwarding setTimeout on session 01e247028c3b46154ff8b0d39f725768 to remote] DEBUG org.asynchttpclient.netty.request.NettyRequestSender - Using pooled Channel '[id: 0xf13c86ba, L:/127.0.0.1:52048 - R:localhost/127.0.0.1:39870]' for 'POST' to 'http://localhost:39870/session/01e247028c3b46154ff8b0d39f725768/timeouts'
18:24:12.919 [Forwarding setTimeout on session 01e247028c3b46154ff8b0d39f725768 to remote] DEBUG org.asynchttpclient.netty.request.NettyRequestSender - Using open Channel [id: 0xf13c86ba, L:/127.0.0.1:52048 - R:localhost/127.0.0.1:39870] for POST '/session/01e247028c3b46154ff8b0d39f725768/timeouts'
18:24:12.921 [AsyncHttpClient-1-2] DEBUG org.asynchttpclient.netty.handler.HttpHandler - 

Request DefaultHttpRequest(decodeResult: success, version: HTTP/1.1)
POST /session/01e247028c3b46154ff8b0d39f725768/timeouts HTTP/1.1
User-Agent: selenium/4.8.1 (java windows)
Content-Length: 22
Content-Type: application/json; charset=utf-8
host: localhost:39870
accept: */*

Response DefaultHttpResponse(decodeResult: success, version: HTTP/1.1)
HTTP/1.1 200 OK
Content-Length: 14
Content-Type: application/json; charset=utf-8
cache-control: no-cache

18:24:12.921 [AsyncHttpClient-1-2] DEBUG org.asynchttpclient.netty.channel.ChannelManager - Adding key: http://localhost:39870 for channel [id: 0xf13c86ba, L:/127.0.0.1:52048 - R:localhost/127.0.0.1:39870]
18:24:12.955 [main] DEBUG net.serenitybdd.core.photography.Darkroom - Opening darkroom
18:24:12.957 [Darkroom Processing Line] DEBUG net.serenitybdd.core.photography.DarkroomProcessingLine - Darkroom processing line starting up
18:24:12.978 [Forwarding getAlertText on session 01e247028c3b46154ff8b0d39f725768 to remote] DEBUG org.asynchttpclient.netty.request.NettyRequestSender - Using pooled Channel '[id: 0xf13c86ba, L:/127.0.0.1:52048 - R:localhost/127.0.0.1:39870]' for 'GET' to 'http://localhost:39870/session/01e247028c3b46154ff8b0d39f725768/alert/text'
18:24:12.978 [Forwarding getAlertText on session 01e247028c3b46154ff8b0d39f725768 to remote] DEBUG org.asynchttpclient.netty.request.NettyRequestSender - Using open Channel [id: 0xf13c86ba, L:/127.0.0.1:52048 - R:localhost/127.0.0.1:39870] for GET '/session/01e247028c3b46154ff8b0d39f725768/alert/text'
18:24:12.980 [AsyncHttpClient-1-2] DEBUG org.asynchttpclient.netty.handler.HttpHandler - 

Request DefaultFullHttpRequest(decodeResult: success, version: HTTP/1.1, content: EmptyByteBufBE)
GET /session/01e247028c3b46154ff8b0d39f725768/alert/text HTTP/1.1
User-Agent: selenium/4.8.1 (java windows)
Cache-Control: no-cache
Content-Type: application/json; charset=utf-8
host: localhost:39870
accept: */*

Response DefaultHttpResponse(decodeResult: success, version: HTTP/1.1)
HTTP/1.1 404 Not Found
Content-Length: 821
Content-Type: application/json; charset=utf-8
cache-control: no-cache

18:24:12.980 [AsyncHttpClient-1-2] DEBUG org.asynchttpclient.netty.channel.ChannelManager - Adding key: http://localhost:39870 for channel [id: 0xf13c86ba, L:/127.0.0.1:52048 - R:localhost/127.0.0.1:39870]
18:24:12.986 [Forwarding getCurrentUrl on session 01e247028c3b46154ff8b0d39f725768 to remote] DEBUG org.asynchttpclient.netty.request.NettyRequestSender - Using pooled Channel '[id: 0xf13c86ba, L:/127.0.0.1:52048 - R:localhost/127.0.0.1:39870]' for 'GET' to 'http://localhost:39870/session/01e247028c3b46154ff8b0d39f725768/url'
18:24:12.986 [Forwarding getCurrentUrl on session 01e247028c3b46154ff8b0d39f725768 to remote] DEBUG org.asynchttpclient.netty.request.NettyRequestSender - Using open Channel [id: 0xf13c86ba, L:/127.0.0.1:52048 - R:localhost/127.0.0.1:39870] for GET '/session/01e247028c3b46154ff8b0d39f725768/url'
18:24:12.991 [AsyncHttpClient-1-2] DEBUG org.asynchttpclient.netty.handler.HttpHandler - 

Request DefaultFullHttpRequest(decodeResult: success, version: HTTP/1.1, content: EmptyByteBufBE)
GET /session/01e247028c3b46154ff8b0d39f725768/url HTTP/1.1
User-Agent: selenium/4.8.1 (java windows)
Cache-Control: no-cache
Content-Type: application/json; charset=utf-8
host: localhost:39870
accept: */*

Response DefaultHttpResponse(decodeResult: success, version: HTTP/1.1)
HTTP/1.1 200 OK
Content-Length: 45
Content-Type: application/json; charset=utf-8
cache-control: no-cache

18:24:12.991 [AsyncHttpClient-1-2] DEBUG org.asynchttpclient.netty.channel.ChannelManager - Adding key: http://localhost:39870 for channel [id: 0xf13c86ba, L:/127.0.0.1:52048 - R:localhost/127.0.0.1:39870]
18:24:12.995 [Forwarding screenshot on session 01e247028c3b46154ff8b0d39f725768 to remote] DEBUG org.asynchttpclient.netty.request.NettyRequestSender - Using pooled Channel '[id: 0xf13c86ba, L:/127.0.0.1:52048 - R:localhost/127.0.0.1:39870]' for 'GET' to 'http://localhost:39870/session/01e247028c3b46154ff8b0d39f725768/screenshot'
18:24:12.996 [Forwarding screenshot on session 01e247028c3b46154ff8b0d39f725768 to remote] DEBUG org.asynchttpclient.netty.request.NettyRequestSender - Using open Channel [id: 0xf13c86ba, L:/127.0.0.1:52048 - R:localhost/127.0.0.1:39870] for GET '/session/01e247028c3b46154ff8b0d39f725768/screenshot'
18:24:13.108 [AsyncHttpClient-1-2] DEBUG org.asynchttpclient.netty.handler.HttpHandler - 

Request DefaultFullHttpRequest(decodeResult: success, version: HTTP/1.1, content: EmptyByteBufBE)
GET /session/01e247028c3b46154ff8b0d39f725768/screenshot HTTP/1.1
User-Agent: selenium/4.8.1 (java windows)
Cache-Control: no-cache
Content-Type: application/json; charset=utf-8
host: localhost:39870
accept: */*

Response DefaultHttpResponse(decodeResult: success, version: HTTP/1.1)
HTTP/1.1 200 OK
Content-Length: 35188
Content-Type: application/json; charset=utf-8
cache-control: no-cache

18:24:13.109 [AsyncHttpClient-1-2] DEBUG org.asynchttpclient.netty.channel.ChannelManager - Adding key: http://localhost:39870 for channel [id: 0xf13c86ba, L:/127.0.0.1:52048 - R:localhost/127.0.0.1:39870]
18:24:13.172 [main] DEBUG net.serenitybdd.core.photography.Darkroom - Send negative for processing for target\site\serenity\e1a043f79cde61fd83c796824eb14028e2e774bcf48939784252612fe1cf5b50.png
18:24:13.172 [Darkroom Processing Line] DEBUG net.serenitybdd.core.photography.DarkroomProcessingLine - Processing screenshot image in /var/screenshots/screenshot-7616107983696333621
18:24:13.172 [Darkroom Processing Line] DEBUG net.serenitybdd.core.photography.DarkroomProcessingLine - Saving screenshot to target\site\serenity\e1a043f79cde61fd83c796824eb14028e2e774bcf48939784252612fe1cf5b50.png
18:24:13.175 [main] DEBUG net.thucydides.core.steps.StepInterceptor - STEP DONE: openPage
  &amp#27;[32mGiven &amp#27;[0m&amp#27;[32mI am on the sociops login page&amp#27;[0m          &amp#27;[90m# starter.stepdefinitions.LoginSteps.onTheLoginPage()&amp#27;[0m
18:24:13.191 [Forwarding getPageSource on session 01e247028c3b46154ff8b0d39f725768 to remote] DEBUG org.asynchttpclient.netty.request.NettyRequestSender - Using pooled Channel '[id: 0xf13c86ba, L:/127.0.0.1:52048 - R:localhost/127.0.0.1:39870]' for 'POST' to 'http://localhost:39870/session/01e247028c3b46154ff8b0d39f725768/execute/sync'
18:24:13.191 [Forwarding getPageSource on session 01e247028c3b46154ff8b0d39f725768 to remote] DEBUG org.asynchttpclient.netty.request.NettyRequestSender - Using open Channel [id: 0xf13c86ba, L:/127.0.0.1:52048 - R:localhost/127.0.0.1:39870] for POST '/session/01e247028c3b46154ff8b0d39f725768/execute/sync'
18:24:13.197 [AsyncHttpClient-1-2] DEBUG org.asynchttpclient.netty.handler.HttpHandler - 

Request DefaultHttpRequest(decodeResult: success, version: HTTP/1.1)
POST /session/01e247028c3b46154ff8b0d39f725768/execute/sync HTTP/1.1
User-Agent: selenium/4.8.1 (java windows)
Content-Length: 176
Content-Type: application/json; charset=utf-8
host: localhost:39870
accept: */*

Response DefaultHttpResponse(decodeResult: success, version: HTTP/1.1)
HTTP/1.1 200 OK
Content-Length: 9114
Content-Type: application/json; charset=utf-8
cache-control: no-cache

18:24:13.197 [AsyncHttpClient-1-2] DEBUG org.asynchttpclient.netty.channel.ChannelManager - Adding key: http://localhost:39870 for channel [id: 0xf13c86ba, L:/127.0.0.1:52048 - R:localhost/127.0.0.1:39870]
18:24:13.256 [Forwarding getCurrentUrl on session 01e247028c3b46154ff8b0d39f725768 to remote] DEBUG org.asynchttpclient.netty.request.NettyRequestSender - Using pooled Channel '[id: 0xf13c86ba, L:/127.0.0.1:52048 - R:localhost/127.0.0.1:39870]' for 'GET' to 'http://localhost:39870/session/01e247028c3b46154ff8b0d39f725768/url'
18:24:13.256 [Forwarding getCurrentUrl on session 01e247028c3b46154ff8b0d39f725768 to remote] DEBUG org.asynchttpclient.netty.request.NettyRequestSender - Using open Channel [id: 0xf13c86ba, L:/127.0.0.1:52048 - R:localhost/127.0.0.1:39870] for GET '/session/01e247028c3b46154ff8b0d39f725768/url'
18:24:13.260 [AsyncHttpClient-1-2] DEBUG org.asynchttpclient.netty.handler.HttpHandler - 

Request DefaultFullHttpRequest(decodeResult: success, version: HTTP/1.1, content: EmptyByteBufBE)
GET /session/01e247028c3b46154ff8b0d39f725768/url HTTP/1.1
User-Agent: selenium/4.8.1 (java windows)
Cache-Control: no-cache
Content-Type: application/json; charset=utf-8
host: localhost:39870
accept: */*

Response DefaultHttpResponse(decodeResult: success, version: HTTP/1.1)
HTTP/1.1 200 OK
Content-Length: 45
Content-Type: application/json; charset=utf-8
cache-control: no-cache

18:24:13.260 [AsyncHttpClient-1-2] DEBUG org.asynchttpclient.netty.channel.ChannelManager - Adding key: http://localhost:39870 for channel [id: 0xf13c86ba, L:/127.0.0.1:52048 - R:localhost/127.0.0.1:39870]
18:24:13.270 [Forwarding getAlertText on session 01e247028c3b46154ff8b0d39f725768 to remote] DEBUG org.asynchttpclient.netty.request.NettyRequestSender - Using pooled Channel '[id: 0xf13c86ba, L:/127.0.0.1:52048 - R:localhost/127.0.0.1:39870]' for 'GET' to 'http://localhost:39870/session/01e247028c3b46154ff8b0d39f725768/alert/text'
18:24:13.271 [Forwarding getAlertText on session 01e247028c3b46154ff8b0d39f725768 to remote] DEBUG org.asynchttpclient.netty.request.NettyRequestSender - Using open Channel [id: 0xf13c86ba, L:/127.0.0.1:52048 - R:localhost/127.0.0.1:39870] for GET '/session/01e247028c3b46154ff8b0d39f725768/alert/text'
18:24:13.274 [AsyncHttpClient-1-2] DEBUG org.asynchttpclient.netty.handler.HttpHandler - 

Request DefaultFullHttpRequest(decodeResult: success, version: HTTP/1.1, content: EmptyByteBufBE)
GET /session/01e247028c3b46154ff8b0d39f725768/alert/text HTTP/1.1
User-Agent: selenium/4.8.1 (java windows)
Cache-Control: no-cache
Content-Type: application/json; charset=utf-8
host: localhost:39870
accept: */*

Response DefaultHttpResponse(decodeResult: success, version: HTTP/1.1)
HTTP/1.1 404 Not Found
Content-Length: 821
Content-Type: application/json; charset=utf-8
cache-control: no-cache

18:24:13.274 [AsyncHttpClient-1-2] DEBUG org.asynchttpclient.netty.channel.ChannelManager - Adding key: http://localhost:39870 for channel [id: 0xf13c86ba, L:/127.0.0.1:52048 - R:localhost/127.0.0.1:39870]
18:24:13.277 [Forwarding getCurrentUrl on session 01e247028c3b46154ff8b0d39f725768 to remote] DEBUG org.asynchttpclient.netty.request.NettyRequestSender - Using pooled Channel '[id: 0xf13c86ba, L:/127.0.0.1:52048 - R:localhost/127.0.0.1:39870]' for 'GET' to 'http://localhost:39870/session/01e247028c3b46154ff8b0d39f725768/url'
18:24:13.277 [Forwarding getCurrentUrl on session 01e247028c3b46154ff8b0d39f725768 to remote] DEBUG org.asynchttpclient.netty.request.NettyRequestSender - Using open Channel [id: 0xf13c86ba, L:/127.0.0.1:52048 - R:localhost/127.0.0.1:39870] for GET '/session/01e247028c3b46154ff8b0d39f725768/url'
18:24:13.282 [AsyncHttpClient-1-2] DEBUG org.asynchttpclient.netty.handler.HttpHandler - 

Request DefaultFullHttpRequest(decodeResult: success, version: HTTP/1.1, content: EmptyByteBufBE)
GET /session/01e247028c3b46154ff8b0d39f725768/url HTTP/1.1
User-Agent: selenium/4.8.1 (java windows)
Cache-Control: no-cache
Content-Type: application/json; charset=utf-8
host: localhost:39870
accept: */*

Response DefaultHttpResponse(decodeResult: success, version: HTTP/1.1)
HTTP/1.1 200 OK
Content-Length: 45
Content-Type: application/json; charset=utf-8
cache-control: no-cache

18:24:13.283 [AsyncHttpClient-1-2] DEBUG org.asynchttpclient.netty.channel.ChannelManager - Adding key: http://localhost:39870 for channel [id: 0xf13c86ba, L:/127.0.0.1:52048 - R:localhost/127.0.0.1:39870]
18:24:13.286 [Forwarding screenshot on session 01e247028c3b46154ff8b0d39f725768 to remote] DEBUG org.asynchttpclient.netty.request.NettyRequestSender - Using pooled Channel '[id: 0xf13c86ba, L:/127.0.0.1:52048 - R:localhost/127.0.0.1:39870]' for 'GET' to 'http://localhost:39870/session/01e247028c3b46154ff8b0d39f725768/screenshot'
18:24:13.286 [Forwarding screenshot on session 01e247028c3b46154ff8b0d39f725768 to remote] DEBUG org.asynchttpclient.netty.request.NettyRequestSender - Using open Channel [id: 0xf13c86ba, L:/127.0.0.1:52048 - R:localhost/127.0.0.1:39870] for GET '/session/01e247028c3b46154ff8b0d39f725768/screenshot'
18:24:13.353 [AsyncHttpClient-1-2] DEBUG org.asynchttpclient.netty.handler.HttpHandler - 

Request DefaultFullHttpRequest(decodeResult: success, version: HTTP/1.1, content: EmptyByteBufBE)
GET /session/01e247028c3b46154ff8b0d39f725768/screenshot HTTP/1.1
User-Agent: selenium/4.8.1 (java windows)
Cache-Control: no-cache
Content-Type: application/json; charset=utf-8
host: localhost:39870
accept: */*

Response DefaultHttpResponse(decodeResult: success, version: HTTP/1.1)
HTTP/1.1 200 OK
Content-Length: 35188
Content-Type: application/json; charset=utf-8
cache-control: no-cache

18:24:13.353 [AsyncHttpClient-1-2] DEBUG org.asynchttpclient.netty.channel.ChannelManager - Adding key: http://localhost:39870 for channel [id: 0xf13c86ba, L:/127.0.0.1:52048 - R:localhost/127.0.0.1:39870]
18:24:13.357 [main] DEBUG net.serenitybdd.core.photography.Darkroom - Send negative for processing for target\site\serenity\e1a043f79cde61fd83c796824eb14028e2e774bcf48939784252612fe1cf5b50.png
18:24:13.358 [Forwarding getPageSource on session 01e247028c3b46154ff8b0d39f725768 to remote] DEBUG org.asynchttpclient.netty.request.NettyRequestSender - Using pooled Channel '[id: 0xf13c86ba, L:/127.0.0.1:52048 - R:localhost/127.0.0.1:39870]' for 'POST' to 'http://localhost:39870/session/01e247028c3b46154ff8b0d39f725768/execute/sync'
18:24:13.358 [Forwarding getPageSource on session 01e247028c3b46154ff8b0d39f725768 to remote] DEBUG org.asynchttpclient.netty.request.NettyRequestSender - Using open Channel [id: 0xf13c86ba, L:/127.0.0.1:52048 - R:localhost/127.0.0.1:39870] for POST '/session/01e247028c3b46154ff8b0d39f725768/execute/sync'
18:24:13.363 [AsyncHttpClient-1-2] DEBUG org.asynchttpclient.netty.handler.HttpHandler - 

Request DefaultHttpRequest(decodeResult: success, version: HTTP/1.1)
POST /session/01e247028c3b46154ff8b0d39f725768/execute/sync HTTP/1.1
User-Agent: selenium/4.8.1 (java windows)
Content-Length: 176
Content-Type: application/json; charset=utf-8
host: localhost:39870
accept: */*

Response DefaultHttpResponse(decodeResult: success, version: HTTP/1.1)
HTTP/1.1 200 OK
Content-Length: 9114
Content-Type: application/json; charset=utf-8
cache-control: no-cache

18:24:13.364 [AsyncHttpClient-1-2] DEBUG org.asynchttpclient.netty.channel.ChannelManager - Adding key: http://localhost:39870 for channel [id: 0xf13c86ba, L:/127.0.0.1:52048 - R:localhost/127.0.0.1:39870]
18:24:13.369 [Forwarding getCurrentUrl on session 01e247028c3b46154ff8b0d39f725768 to remote] DEBUG org.asynchttpclient.netty.request.NettyRequestSender - Using pooled Channel '[id: 0xf13c86ba, L:/127.0.0.1:52048 - R:localhost/127.0.0.1:39870]' for 'GET' to 'http://localhost:39870/session/01e247028c3b46154ff8b0d39f725768/url'
18:24:13.369 [Forwarding getCurrentUrl on session 01e247028c3b46154ff8b0d39f725768 to remote] DEBUG org.asynchttpclient.netty.request.NettyRequestSender - Using open Channel [id: 0xf13c86ba, L:/127.0.0.1:52048 - R:localhost/127.0.0.1:39870] for GET '/session/01e247028c3b46154ff8b0d39f725768/url'
18:24:13.373 [AsyncHttpClient-1-2] DEBUG org.asynchttpclient.netty.handler.HttpHandler - 

Request DefaultFullHttpRequest(decodeResult: success, version: HTTP/1.1, content: EmptyByteBufBE)
GET /session/01e247028c3b46154ff8b0d39f725768/url HTTP/1.1
User-Agent: selenium/4.8.1 (java windows)
Cache-Control: no-cache
Content-Type: application/json; charset=utf-8
host: localhost:39870
accept: */*

Response DefaultHttpResponse(decodeResult: success, version: HTTP/1.1)
HTTP/1.1 200 OK
Content-Length: 45
Content-Type: application/json; charset=utf-8
cache-control: no-cache

18:24:13.373 [AsyncHttpClient-1-2] DEBUG org.asynchttpclient.netty.channel.ChannelManager - Adding key: http://localhost:39870 for channel [id: 0xf13c86ba, L:/127.0.0.1:52048 - R:localhost/127.0.0.1:39870]
18:24:13.376 [main] DEBUG net.thucydides.core.steps.StepInterceptor - STARTING STEP: LoginSteps.inputEmail - inputEmail
18:24:13.386 [Forwarding findElement on session 01e247028c3b46154ff8b0d39f725768 to remote] DEBUG org.asynchttpclient.netty.request.NettyRequestSender - Using pooled Channel '[id: 0xf13c86ba, L:/127.0.0.1:52048 - R:localhost/127.0.0.1:39870]' for 'POST' to 'http://localhost:39870/session/01e247028c3b46154ff8b0d39f725768/element'
18:24:13.387 [Forwarding findElement on session 01e247028c3b46154ff8b0d39f725768 to remote] DEBUG org.asynchttpclient.netty.request.NettyRequestSender - Using open Channel [id: 0xf13c86ba, L:/127.0.0.1:52048 - R:localhost/127.0.0.1:39870] for POST '/session/01e247028c3b46154ff8b0d39f725768/element'
18:24:13.397 [AsyncHttpClient-1-2] DEBUG org.asynchttpclient.netty.handler.HttpHandler - 

Request DefaultHttpRequest(decodeResult: success, version: HTTP/1.1)
POST /session/01e247028c3b46154ff8b0d39f725768/element HTTP/1.1
User-Agent: selenium/4.8.1 (java windows)
Content-Length: 59
Content-Type: application/json; charset=utf-8
host: localhost:39870
accept: */*

Response DefaultHttpResponse(decodeResult: success, version: HTTP/1.1)
HTTP/1.1 200 OK
Content-Length: 94
Content-Type: application/json; charset=utf-8
cache-control: no-cache

18:24:13.397 [AsyncHttpClient-1-2] DEBUG org.asynchttpclient.netty.channel.ChannelManager - Adding key: http://localhost:39870 for channel [id: 0xf13c86ba, L:/127.0.0.1:52048 - R:localhost/127.0.0.1:39870]
18:24:13.400 [Forwarding clearElement on session 01e247028c3b46154ff8b0d39f725768 to remote] DEBUG org.asynchttpclient.netty.request.NettyRequestSender - Using pooled Channel '[id: 0xf13c86ba, L:/127.0.0.1:52048 - R:localhost/127.0.0.1:39870]' for 'POST' to 'http://localhost:39870/session/01e247028c3b46154ff8b0d39f725768/element/A2461D5665C49BE839BA907E634AF977_element_9/clear'
18:24:13.400 [Forwarding clearElement on session 01e247028c3b46154ff8b0d39f725768 to remote] DEBUG org.asynchttpclient.netty.request.NettyRequestSender - Using open Channel [id: 0xf13c86ba, L:/127.0.0.1:52048 - R:localhost/127.0.0.1:39870] for POST '/session/01e247028c3b46154ff8b0d39f725768/element/A2461D5665C49BE839BA907E634AF977_element_9/clear'
18:24:13.406 [AsyncHttpClient-1-1] DEBUG org.asynchttpclient.netty.channel.DefaultChannelPool - Entry count for : http://localhost:52051 : 1
18:24:13.437 [AsyncHttpClient-1-2] DEBUG org.asynchttpclient.netty.handler.HttpHandler - 

Request DefaultHttpRequest(decodeResult: success, version: HTTP/1.1)
POST /session/01e247028c3b46154ff8b0d39f725768/element/A2461D5665C49BE839BA907E634AF977_element_9/clear HTTP/1.1
User-Agent: selenium/4.8.1 (java windows)
Content-Length: 56
Content-Type: application/json; charset=utf-8
host: localhost:39870
accept: */*

Response DefaultHttpResponse(decodeResult: success, version: HTTP/1.1)
HTTP/1.1 200 OK
Content-Length: 14
Content-Type: application/json; charset=utf-8
cache-control: no-cache

18:24:13.437 [AsyncHttpClient-1-2] DEBUG org.asynchttpclient.netty.channel.ChannelManager - Adding key: http://localhost:39870 for channel [id: 0xf13c86ba, L:/127.0.0.1:52048 - R:localhost/127.0.0.1:39870]
18:24:13.440 [Forwarding sendKeysToElement on session 01e247028c3b46154ff8b0d39f725768 to remote] DEBUG org.asynchttpclient.netty.request.NettyRequestSender - Using pooled Channel '[id: 0xf13c86ba, L:/127.0.0.1:52048 - R:localhost/127.0.0.1:39870]' for 'POST' to 'http://localhost:39870/session/01e247028c3b46154ff8b0d39f725768/element/A2461D5665C49BE839BA907E634AF977_element_9/value'
18:24:13.440 [Forwarding sendKeysToElement on session 01e247028c3b46154ff8b0d39f725768 to remote] DEBUG org.asynchttpclient.netty.request.NettyRequestSender - Using open Channel [id: 0xf13c86ba, L:/127.0.0.1:52048 - R:localhost/127.0.0.1:39870] for POST '/session/01e247028c3b46154ff8b0d39f725768/element/A2461D5665C49BE839BA907E634AF977_element_9/value'
18:24:13.524 [AsyncHttpClient-1-2] DEBUG org.asynchttpclient.netty.handler.HttpHandler - 

Request DefaultHttpRequest(decodeResult: success, version: HTTP/1.1)
POST /session/01e247028c3b46154ff8b0d39f725768/element/A2461D5665C49BE839BA907E634AF977_element_9/value HTTP/1.1
User-Agent: selenium/4.8.1 (java windows)
Content-Length: 207
Content-Type: application/json; charset=utf-8
host: localhost:39870
accept: */*

Response DefaultHttpResponse(decodeResult: success, version: HTTP/1.1)
HTTP/1.1 200 OK
Content-Length: 14
Content-Type: application/json; charset=utf-8
cache-control: no-cache

18:24:13.526 [AsyncHttpClient-1-2] DEBUG org.asynchttpclient.netty.channel.ChannelManager - Adding key: http://localhost:39870 for channel [id: 0xf13c86ba, L:/127.0.0.1:52048 - R:localhost/127.0.0.1:39870]
18:24:13.534 [Forwarding getAlertText on session 01e247028c3b46154ff8b0d39f725768 to remote] DEBUG org.asynchttpclient.netty.request.NettyRequestSender - Using pooled Channel '[id: 0xf13c86ba, L:/127.0.0.1:52048 - R:localhost/127.0.0.1:39870]' for 'GET' to 'http://localhost:39870/session/01e247028c3b46154ff8b0d39f725768/alert/text'
18:24:13.534 [Forwarding getAlertText on session 01e247028c3b46154ff8b0d39f725768 to remote] DEBUG org.asynchttpclient.netty.request.NettyRequestSender - Using open Channel [id: 0xf13c86ba, L:/127.0.0.1:52048 - R:localhost/127.0.0.1:39870] for GET '/session/01e247028c3b46154ff8b0d39f725768/alert/text'
18:24:13.537 [AsyncHttpClient-1-2] DEBUG org.asynchttpclient.netty.handler.HttpHandler - 

Request DefaultFullHttpRequest(decodeResult: success, version: HTTP/1.1, content: EmptyByteBufBE)
GET /session/01e247028c3b46154ff8b0d39f725768/alert/text HTTP/1.1
User-Agent: selenium/4.8.1 (java windows)
Cache-Control: no-cache
Content-Type: application/json; charset=utf-8
host: localhost:39870
accept: */*

Response DefaultHttpResponse(decodeResult: success, version: HTTP/1.1)
HTTP/1.1 404 Not Found
Content-Length: 821
Content-Type: application/json; charset=utf-8
cache-control: no-cache

18:24:13.537 [AsyncHttpClient-1-2] DEBUG org.asynchttpclient.netty.channel.ChannelManager - Adding key: http://localhost:39870 for channel [id: 0xf13c86ba, L:/127.0.0.1:52048 - R:localhost/127.0.0.1:39870]
18:24:13.539 [Forwarding getCurrentUrl on session 01e247028c3b46154ff8b0d39f725768 to remote] DEBUG org.asynchttpclient.netty.request.NettyRequestSender - Using pooled Channel '[id: 0xf13c86ba, L:/127.0.0.1:52048 - R:localhost/127.0.0.1:39870]' for 'GET' to 'http://localhost:39870/session/01e247028c3b46154ff8b0d39f725768/url'
18:24:13.539 [Forwarding getCurrentUrl on session 01e247028c3b46154ff8b0d39f725768 to remote] DEBUG org.asynchttpclient.netty.request.NettyRequestSender - Using open Channel [id: 0xf13c86ba, L:/127.0.0.1:52048 - R:localhost/127.0.0.1:39870] for GET '/session/01e247028c3b46154ff8b0d39f725768/url'
18:24:13.546 [AsyncHttpClient-1-2] DEBUG org.asynchttpclient.netty.handler.HttpHandler - 

Request DefaultFullHttpRequest(decodeResult: success, version: HTTP/1.1, content: EmptyByteBufBE)
GET /session/01e247028c3b46154ff8b0d39f725768/url HTTP/1.1
User-Agent: selenium/4.8.1 (java windows)
Cache-Control: no-cache
Content-Type: application/json; charset=utf-8
host: localhost:39870
accept: */*

Response DefaultHttpResponse(decodeResult: success, version: HTTP/1.1)
HTTP/1.1 200 OK
Content-Length: 45
Content-Type: application/json; charset=utf-8
cache-control: no-cache

18:24:13.546 [AsyncHttpClient-1-2] DEBUG org.asynchttpclient.netty.channel.ChannelManager - Adding key: http://localhost:39870 for channel [id: 0xf13c86ba, L:/127.0.0.1:52048 - R:localhost/127.0.0.1:39870]
18:24:13.547 [Forwarding screenshot on session 01e247028c3b46154ff8b0d39f725768 to remote] DEBUG org.asynchttpclient.netty.request.NettyRequestSender - Using pooled Channel '[id: 0xf13c86ba, L:/127.0.0.1:52048 - R:localhost/127.0.0.1:39870]' for 'GET' to 'http://localhost:39870/session/01e247028c3b46154ff8b0d39f725768/screenshot'
18:24:13.547 [Forwarding screenshot on session 01e247028c3b46154ff8b0d39f725768 to remote] DEBUG org.asynchttpclient.netty.request.NettyRequestSender - Using open Channel [id: 0xf13c86ba, L:/127.0.0.1:52048 - R:localhost/127.0.0.1:39870] for GET '/session/01e247028c3b46154ff8b0d39f725768/screenshot'
18:24:13.635 [AsyncHttpClient-1-2] DEBUG org.asynchttpclient.netty.handler.HttpHandler - 

Request DefaultFullHttpRequest(decodeResult: success, version: HTTP/1.1, content: EmptyByteBufBE)
GET /session/01e247028c3b46154ff8b0d39f725768/screenshot HTTP/1.1
User-Agent: selenium/4.8.1 (java windows)
Cache-Control: no-cache
Content-Type: application/json; charset=utf-8
host: localhost:39870
accept: */*

Response DefaultHttpResponse(decodeResult: success, version: HTTP/1.1)
HTTP/1.1 200 OK
Content-Length: 39320
Content-Type: application/json; charset=utf-8
cache-control: no-cache

18:24:13.636 [AsyncHttpClient-1-2] DEBUG org.asynchttpclient.netty.channel.ChannelManager - Adding key: http://localhost:39870 for channel [id: 0xf13c86ba, L:/127.0.0.1:52048 - R:localhost/127.0.0.1:39870]
18:24:13.639 [main] DEBUG net.serenitybdd.core.photography.Darkroom - Send negative for processing for target\site\serenity\0a78271d4cd45ebe50b780dcb158cfe353407df2b7f600becedaa923f5ce3bd7.png
18:24:13.639 [Darkroom Processing Line] DEBUG net.serenitybdd.core.photography.DarkroomProcessingLine - Processing screenshot image in /var/screenshots/screenshot-14045980323771289586
18:24:13.639 [Darkroom Processing Line] DEBUG net.serenitybdd.core.photography.DarkroomProcessingLine - Saving screenshot to target\site\serenity\0a78271d4cd45ebe50b780dcb158cfe353407df2b7f600becedaa923f5ce3bd7.png
18:24:13.639 [main] DEBUG net.thucydides.core.steps.StepInterceptor - STEP DONE: inputEmail
  &amp#27;[32mAnd &amp#27;[0m&amp#27;[32mI type correct email&amp#27;[0m                      &amp#27;[90m# starter.stepdefinitions.LoginSteps.inputEmail()&amp#27;[0m
18:24:13.649 [Forwarding getPageSource on session 01e247028c3b46154ff8b0d39f725768 to remote] DEBUG org.asynchttpclient.netty.request.NettyRequestSender - Using pooled Channel '[id: 0xf13c86ba, L:/127.0.0.1:52048 - R:localhost/127.0.0.1:39870]' for 'POST' to 'http://localhost:39870/session/01e247028c3b46154ff8b0d39f725768/execute/sync'
18:24:13.649 [Forwarding getPageSource on session 01e247028c3b46154ff8b0d39f725768 to remote] DEBUG org.asynchttpclient.netty.request.NettyRequestSender - Using open Channel [id: 0xf13c86ba, L:/127.0.0.1:52048 - R:localhost/127.0.0.1:39870] for POST '/session/01e247028c3b46154ff8b0d39f725768/execute/sync'
18:24:13.653 [AsyncHttpClient-1-2] DEBUG org.asynchttpclient.netty.handler.HttpHandler - 

Request DefaultHttpRequest(decodeResult: success, version: HTTP/1.1)
POST /session/01e247028c3b46154ff8b0d39f725768/execute/sync HTTP/1.1
User-Agent: selenium/4.8.1 (java windows)
Content-Length: 176
Content-Type: application/json; charset=utf-8
host: localhost:39870
accept: */*

Response DefaultHttpResponse(decodeResult: success, version: HTTP/1.1)
HTTP/1.1 200 OK
Content-Length: 9126
Content-Type: application/json; charset=utf-8
cache-control: no-cache

18:24:13.653 [AsyncHttpClient-1-2] DEBUG org.asynchttpclient.netty.channel.ChannelManager - Adding key: http://localhost:39870 for channel [id: 0xf13c86ba, L:/127.0.0.1:52048 - R:localhost/127.0.0.1:39870]
18:24:13.657 [Forwarding getCurrentUrl on session 01e247028c3b46154ff8b0d39f725768 to remote] DEBUG org.asynchttpclient.netty.request.NettyRequestSender - Using pooled Channel '[id: 0xf13c86ba, L:/127.0.0.1:52048 - R:localhost/127.0.0.1:39870]' for 'GET' to 'http://localhost:39870/session/01e247028c3b46154ff8b0d39f725768/url'
18:24:13.658 [Forwarding getCurrentUrl on session 01e247028c3b46154ff8b0d39f725768 to remote] DEBUG org.asynchttpclient.netty.request.NettyRequestSender - Using open Channel [id: 0xf13c86ba, L:/127.0.0.1:52048 - R:localhost/127.0.0.1:39870] for GET '/session/01e247028c3b46154ff8b0d39f725768/url'
18:24:13.660 [AsyncHttpClient-1-2] DEBUG org.asynchttpclient.netty.handler.HttpHandler - 

Request DefaultFullHttpRequest(decodeResult: success, version: HTTP/1.1, content: EmptyByteBufBE)
GET /session/01e247028c3b46154ff8b0d39f725768/url HTTP/1.1
User-Agent: selenium/4.8.1 (java windows)
Cache-Control: no-cache
Content-Type: application/json; charset=utf-8
host: localhost:39870
accept: */*

Response DefaultHttpResponse(decodeResult: success, version: HTTP/1.1)
HTTP/1.1 200 OK
Content-Length: 45
Content-Type: application/json; charset=utf-8
cache-control: no-cache

18:24:13.662 [AsyncHttpClient-1-2] DEBUG org.asynchttpclient.netty.channel.ChannelManager - Adding key: http://localhost:39870 for channel [id: 0xf13c86ba, L:/127.0.0.1:52048 - R:localhost/127.0.0.1:39870]
18:24:13.669 [Forwarding getPageSource on session 01e247028c3b46154ff8b0d39f725768 to remote] DEBUG org.asynchttpclient.netty.request.NettyRequestSender - Using pooled Channel '[id: 0xf13c86ba, L:/127.0.0.1:52048 - R:localhost/127.0.0.1:39870]' for 'POST' to 'http://localhost:39870/session/01e247028c3b46154ff8b0d39f725768/execute/sync'
18:24:13.669 [Forwarding getPageSource on session 01e247028c3b46154ff8b0d39f725768 to remote] DEBUG org.asynchttpclient.netty.request.NettyRequestSender - Using open Channel [id: 0xf13c86ba, L:/127.0.0.1:52048 - R:localhost/127.0.0.1:39870] for POST '/session/01e247028c3b46154ff8b0d39f725768/execute/sync'
18:24:13.674 [AsyncHttpClient-1-2] DEBUG org.asynchttpclient.netty.handler.HttpHandler - 

Request DefaultHttpRequest(decodeResult: success, version: HTTP/1.1)
POST /session/01e247028c3b46154ff8b0d39f725768/execute/sync HTTP/1.1
User-Agent: selenium/4.8.1 (java windows)
Content-Length: 176
Content-Type: application/json; charset=utf-8
host: localhost:39870
accept: */*

Response DefaultHttpResponse(decodeResult: success, version: HTTP/1.1)
HTTP/1.1 200 OK
Content-Length: 9126
Content-Type: application/json; charset=utf-8
cache-control: no-cache

18:24:13.674 [AsyncHttpClient-1-2] DEBUG org.asynchttpclient.netty.channel.ChannelManager - Adding key: http://localhost:39870 for channel [id: 0xf13c86ba, L:/127.0.0.1:52048 - R:localhost/127.0.0.1:39870]
18:24:13.679 [Forwarding getCurrentUrl on session 01e247028c3b46154ff8b0d39f725768 to remote] DEBUG org.asynchttpclient.netty.request.NettyRequestSender - Using pooled Channel '[id: 0xf13c86ba, L:/127.0.0.1:52048 - R:localhost/127.0.0.1:39870]' for 'GET' to 'http://localhost:39870/session/01e247028c3b46154ff8b0d39f725768/url'
18:24:13.679 [Forwarding getCurrentUrl on session 01e247028c3b46154ff8b0d39f725768 to remote] DEBUG org.asynchttpclient.netty.request.NettyRequestSender - Using open Channel [id: 0xf13c86ba, L:/127.0.0.1:52048 - R:localhost/127.0.0.1:39870] for GET '/session/01e247028c3b46154ff8b0d39f725768/url'
18:24:13.684 [AsyncHttpClient-1-2] DEBUG org.asynchttpclient.netty.handler.HttpHandler - 

Request DefaultFullHttpRequest(decodeResult: success, version: HTTP/1.1, content: EmptyByteBufBE)
GET /session/01e247028c3b46154ff8b0d39f725768/url HTTP/1.1
User-Agent: selenium/4.8.1 (java windows)
Cache-Control: no-cache
Content-Type: application/json; charset=utf-8
host: localhost:39870
accept: */*

Response DefaultHttpResponse(decodeResult: success, version: HTTP/1.1)
HTTP/1.1 200 OK
Content-Length: 45
Content-Type: application/json; charset=utf-8
cache-control: no-cache

18:24:13.684 [AsyncHttpClient-1-2] DEBUG org.asynchttpclient.netty.channel.ChannelManager - Adding key: http://localhost:39870 for channel [id: 0xf13c86ba, L:/127.0.0.1:52048 - R:localhost/127.0.0.1:39870]
18:24:13.686 [main] DEBUG net.thucydides.core.steps.StepInterceptor - STARTING STEP: LoginSteps.inputPassword - inputPassword
18:24:13.688 [Forwarding findElement on session 01e247028c3b46154ff8b0d39f725768 to remote] DEBUG org.asynchttpclient.netty.request.NettyRequestSender - Using pooled Channel '[id: 0xf13c86ba, L:/127.0.0.1:52048 - R:localhost/127.0.0.1:39870]' for 'POST' to 'http://localhost:39870/session/01e247028c3b46154ff8b0d39f725768/element'
18:24:13.688 [Forwarding findElement on session 01e247028c3b46154ff8b0d39f725768 to remote] DEBUG org.asynchttpclient.netty.request.NettyRequestSender - Using open Channel [id: 0xf13c86ba, L:/127.0.0.1:52048 - R:localhost/127.0.0.1:39870] for POST '/session/01e247028c3b46154ff8b0d39f725768/element'
18:24:13.702 [AsyncHttpClient-1-2] DEBUG org.asynchttpclient.netty.handler.HttpHandler - 

Request DefaultHttpRequest(decodeResult: success, version: HTTP/1.1)
POST /session/01e247028c3b46154ff8b0d39f725768/element HTTP/1.1
User-Agent: selenium/4.8.1 (java windows)
Content-Length: 62
Content-Type: application/json; charset=utf-8
host: localhost:39870
accept: */*

Response DefaultHttpResponse(decodeResult: success, version: HTTP/1.1)
HTTP/1.1 200 OK
Content-Length: 94
Content-Type: application/json; charset=utf-8
cache-control: no-cache

18:24:13.702 [AsyncHttpClient-1-2] DEBUG org.asynchttpclient.netty.channel.ChannelManager - Adding key: http://localhost:39870 for channel [id: 0xf13c86ba, L:/127.0.0.1:52048 - R:localhost/127.0.0.1:39870]
18:24:13.706 [Forwarding clearElement on session 01e247028c3b46154ff8b0d39f725768 to remote] DEBUG org.asynchttpclient.netty.request.NettyRequestSender - Using pooled Channel '[id: 0xf13c86ba, L:/127.0.0.1:52048 - R:localhost/127.0.0.1:39870]' for 'POST' to 'http://localhost:39870/session/01e247028c3b46154ff8b0d39f725768/element/A2461D5665C49BE839BA907E634AF977_element_2/clear'
18:24:13.706 [Forwarding clearElement on session 01e247028c3b46154ff8b0d39f725768 to remote] DEBUG org.asynchttpclient.netty.request.NettyRequestSender - Using open Channel [id: 0xf13c86ba, L:/127.0.0.1:52048 - R:localhost/127.0.0.1:39870] for POST '/session/01e247028c3b46154ff8b0d39f725768/element/A2461D5665C49BE839BA907E634AF977_element_2/clear'
18:24:13.745 [AsyncHttpClient-1-2] DEBUG org.asynchttpclient.netty.handler.HttpHandler - 

Request DefaultHttpRequest(decodeResult: success, version: HTTP/1.1)
POST /session/01e247028c3b46154ff8b0d39f725768/element/A2461D5665C49BE839BA907E634AF977_element_2/clear HTTP/1.1
User-Agent: selenium/4.8.1 (java windows)
Content-Length: 56
Content-Type: application/json; charset=utf-8
host: localhost:39870
accept: */*

Response DefaultHttpResponse(decodeResult: success, version: HTTP/1.1)
HTTP/1.1 200 OK
Content-Length: 14
Content-Type: application/json; charset=utf-8
cache-control: no-cache

18:24:13.745 [AsyncHttpClient-1-2] DEBUG org.asynchttpclient.netty.channel.ChannelManager - Adding key: http://localhost:39870 for channel [id: 0xf13c86ba, L:/127.0.0.1:52048 - R:localhost/127.0.0.1:39870]
18:24:13.747 [Forwarding sendKeysToElement on session 01e247028c3b46154ff8b0d39f725768 to remote] DEBUG org.asynchttpclient.netty.request.NettyRequestSender - Using pooled Channel '[id: 0xf13c86ba, L:/127.0.0.1:52048 - R:localhost/127.0.0.1:39870]' for 'POST' to 'http://localhost:39870/session/01e247028c3b46154ff8b0d39f725768/element/A2461D5665C49BE839BA907E634AF977_element_2/value'
18:24:13.747 [Forwarding sendKeysToElement on session 01e247028c3b46154ff8b0d39f725768 to remote] DEBUG org.asynchttpclient.netty.request.NettyRequestSender - Using open Channel [id: 0xf13c86ba, L:/127.0.0.1:52048 - R:localhost/127.0.0.1:39870] for POST '/session/01e247028c3b46154ff8b0d39f725768/element/A2461D5665C49BE839BA907E634AF977_element_2/value'
18:24:13.827 [AsyncHttpClient-1-2] DEBUG org.asynchttpclient.netty.handler.HttpHandler - 

Request DefaultHttpRequest(decodeResult: success, version: HTTP/1.1)
POST /session/01e247028c3b46154ff8b0d39f725768/element/A2461D5665C49BE839BA907E634AF977_element_2/value HTTP/1.1
User-Agent: selenium/4.8.1 (java windows)
Content-Length: 187
Content-Type: application/json; charset=utf-8
host: localhost:39870
accept: */*

Response DefaultHttpResponse(decodeResult: success, version: HTTP/1.1)
HTTP/1.1 200 OK
Content-Length: 14
Content-Type: application/json; charset=utf-8
cache-control: no-cache

18:24:13.827 [AsyncHttpClient-1-2] DEBUG org.asynchttpclient.netty.channel.ChannelManager - Adding key: http://localhost:39870 for channel [id: 0xf13c86ba, L:/127.0.0.1:52048 - R:localhost/127.0.0.1:39870]
18:24:13.835 [Forwarding getAlertText on session 01e247028c3b46154ff8b0d39f725768 to remote] DEBUG org.asynchttpclient.netty.request.NettyRequestSender - Using pooled Channel '[id: 0xf13c86ba, L:/127.0.0.1:52048 - R:localhost/127.0.0.1:39870]' for 'GET' to 'http://localhost:39870/session/01e247028c3b46154ff8b0d39f725768/alert/text'
18:24:13.835 [Forwarding getAlertText on session 01e247028c3b46154ff8b0d39f725768 to remote] DEBUG org.asynchttpclient.netty.request.NettyRequestSender - Using open Channel [id: 0xf13c86ba, L:/127.0.0.1:52048 - R:localhost/127.0.0.1:39870] for GET '/session/01e247028c3b46154ff8b0d39f725768/alert/text'
18:24:13.837 [AsyncHttpClient-1-2] DEBUG org.asynchttpclient.netty.handler.HttpHandler - 

Request DefaultFullHttpRequest(decodeResult: success, version: HTTP/1.1, content: EmptyByteBufBE)
GET /session/01e247028c3b46154ff8b0d39f725768/alert/text HTTP/1.1
User-Agent: selenium/4.8.1 (java windows)
Cache-Control: no-cache
Content-Type: application/json; charset=utf-8
host: localhost:39870
accept: */*

Response DefaultHttpResponse(decodeResult: success, version: HTTP/1.1)
HTTP/1.1 404 Not Found
Content-Length: 821
Content-Type: application/json; charset=utf-8
cache-control: no-cache

18:24:13.837 [AsyncHttpClient-1-2] DEBUG org.asynchttpclient.netty.channel.ChannelManager - Adding key: http://localhost:39870 for channel [id: 0xf13c86ba, L:/127.0.0.1:52048 - R:localhost/127.0.0.1:39870]
18:24:13.839 [Forwarding getCurrentUrl on session 01e247028c3b46154ff8b0d39f725768 to remote] DEBUG org.asynchttpclient.netty.request.NettyRequestSender - Using pooled Channel '[id: 0xf13c86ba, L:/127.0.0.1:52048 - R:localhost/127.0.0.1:39870]' for 'GET' to 'http://localhost:39870/session/01e247028c3b46154ff8b0d39f725768/url'
18:24:13.839 [Forwarding getCurrentUrl on session 01e247028c3b46154ff8b0d39f725768 to remote] DEBUG org.asynchttpclient.netty.request.NettyRequestSender - Using open Channel [id: 0xf13c86ba, L:/127.0.0.1:52048 - R:localhost/127.0.0.1:39870] for GET '/session/01e247028c3b46154ff8b0d39f725768/url'
18:24:13.844 [AsyncHttpClient-1-2] DEBUG org.asynchttpclient.netty.handler.HttpHandler - 

Request DefaultFullHttpRequest(decodeResult: success, version: HTTP/1.1, content: EmptyByteBufBE)
GET /session/01e247028c3b46154ff8b0d39f725768/url HTTP/1.1
User-Agent: selenium/4.8.1 (java windows)
Cache-Control: no-cache
Content-Type: application/json; charset=utf-8
host: localhost:39870
accept: */*

Response DefaultHttpResponse(decodeResult: success, version: HTTP/1.1)
HTTP/1.1 200 OK
Content-Length: 45
Content-Type: application/json; charset=utf-8
cache-control: no-cache

18:24:13.845 [AsyncHttpClient-1-2] DEBUG org.asynchttpclient.netty.channel.ChannelManager - Adding key: http://localhost:39870 for channel [id: 0xf13c86ba, L:/127.0.0.1:52048 - R:localhost/127.0.0.1:39870]
18:24:13.846 [Forwarding screenshot on session 01e247028c3b46154ff8b0d39f725768 to remote] DEBUG org.asynchttpclient.netty.request.NettyRequestSender - Using pooled Channel '[id: 0xf13c86ba, L:/127.0.0.1:52048 - R:localhost/127.0.0.1:39870]' for 'GET' to 'http://localhost:39870/session/01e247028c3b46154ff8b0d39f725768/screenshot'
18:24:13.846 [Forwarding screenshot on session 01e247028c3b46154ff8b0d39f725768 to remote] DEBUG org.asynchttpclient.netty.request.NettyRequestSender - Using open Channel [id: 0xf13c86ba, L:/127.0.0.1:52048 - R:localhost/127.0.0.1:39870] for GET '/session/01e247028c3b46154ff8b0d39f725768/screenshot'
18:24:13.921 [AsyncHttpClient-1-2] DEBUG org.asynchttpclient.netty.handler.HttpHandler - 

Request DefaultFullHttpRequest(decodeResult: success, version: HTTP/1.1, content: EmptyByteBufBE)
GET /session/01e247028c3b46154ff8b0d39f725768/screenshot HTTP/1.1
User-Agent: selenium/4.8.1 (java windows)
Cache-Control: no-cache
Content-Type: application/json; charset=utf-8
host: localhost:39870
accept: */*

Response DefaultHttpResponse(decodeResult: success, version: HTTP/1.1)
HTTP/1.1 200 OK
Content-Length: 36836
Content-Type: application/json; charset=utf-8
cache-control: no-cache

18:24:13.922 [AsyncHttpClient-1-2] DEBUG org.asynchttpclient.netty.channel.ChannelManager - Adding key: http://localhost:39870 for channel [id: 0xf13c86ba, L:/127.0.0.1:52048 - R:localhost/127.0.0.1:39870]
18:24:13.925 [main] DEBUG net.serenitybdd.core.photography.Darkroom - Send negative for processing for target\site\serenity\2aa86d31854312c8ab1c6d9551b633df9df65a4d0a000f2ef90d4e167f27fdb2.png
18:24:13.925 [main] DEBUG net.thucydides.core.steps.StepInterceptor - STEP DONE: inputPassword
18:24:13.925 [Darkroom Processing Line] DEBUG net.serenitybdd.core.photography.DarkroomProcessingLine - Processing screenshot image in /var/screenshots/screenshot-17663838259905651278
18:24:13.925 [Darkroom Processing Line] DEBUG net.serenitybdd.core.photography.DarkroomProcessingLine - Saving screenshot to target\site\serenity\2aa86d31854312c8ab1c6d9551b633df9df65a4d0a000f2ef90d4e167f27fdb2.png
  &amp#27;[32mAnd &amp#27;[0m&amp#27;[32mI type correct password&amp#27;[0m                   &amp#27;[90m# starter.stepdefinitions.LoginSteps.inputPassword()&amp#27;[0m
18:24:13.936 [Forwarding getPageSource on session 01e247028c3b46154ff8b0d39f725768 to remote] DEBUG org.asynchttpclient.netty.request.NettyRequestSender - Using pooled Channel '[id: 0xf13c86ba, L:/127.0.0.1:52048 - R:localhost/127.0.0.1:39870]' for 'POST' to 'http://localhost:39870/session/01e247028c3b46154ff8b0d39f725768/execute/sync'
18:24:13.936 [Forwarding getPageSource on session 01e247028c3b46154ff8b0d39f725768 to remote] DEBUG org.asynchttpclient.netty.request.NettyRequestSender - Using open Channel [id: 0xf13c86ba, L:/127.0.0.1:52048 - R:localhost/127.0.0.1:39870] for POST '/session/01e247028c3b46154ff8b0d39f725768/execute/sync'
18:24:13.941 [AsyncHttpClient-1-2] DEBUG org.asynchttpclient.netty.handler.HttpHandler - 

Request DefaultHttpRequest(decodeResult: success, version: HTTP/1.1)
POST /session/01e247028c3b46154ff8b0d39f725768/execute/sync HTTP/1.1
User-Agent: selenium/4.8.1 (java windows)
Content-Length: 176
Content-Type: application/json; charset=utf-8
host: localhost:39870
accept: */*

Response DefaultHttpResponse(decodeResult: success, version: HTTP/1.1)
HTTP/1.1 200 OK
Content-Length: 9136
Content-Type: application/json; charset=utf-8
cache-control: no-cache

18:24:13.941 [AsyncHttpClient-1-2] DEBUG org.asynchttpclient.netty.channel.ChannelManager - Adding key: http://localhost:39870 for channel [id: 0xf13c86ba, L:/127.0.0.1:52048 - R:localhost/127.0.0.1:39870]
18:24:13.946 [Forwarding getCurrentUrl on session 01e247028c3b46154ff8b0d39f725768 to remote] DEBUG org.asynchttpclient.netty.request.NettyRequestSender - Using pooled Channel '[id: 0xf13c86ba, L:/127.0.0.1:52048 - R:localhost/127.0.0.1:39870]' for 'GET' to 'http://localhost:39870/session/01e247028c3b46154ff8b0d39f725768/url'
18:24:13.946 [Forwarding getCurrentUrl on session 01e247028c3b46154ff8b0d39f725768 to remote] DEBUG org.asynchttpclient.netty.request.NettyRequestSender - Using open Channel [id: 0xf13c86ba, L:/127.0.0.1:52048 - R:localhost/127.0.0.1:39870] for GET '/session/01e247028c3b46154ff8b0d39f725768/url'
18:24:13.951 [AsyncHttpClient-1-2] DEBUG org.asynchttpclient.netty.handler.HttpHandler - 

Request DefaultFullHttpRequest(decodeResult: success, version: HTTP/1.1, content: EmptyByteBufBE)
GET /session/01e247028c3b46154ff8b0d39f725768/url HTTP/1.1
User-Agent: selenium/4.8.1 (java windows)
Cache-Control: no-cache
Content-Type: application/json; charset=utf-8
host: localhost:39870
accept: */*

Response DefaultHttpResponse(decodeResult: success, version: HTTP/1.1)
HTTP/1.1 200 OK
Content-Length: 45
Content-Type: application/json; charset=utf-8
cache-control: no-cache

18:24:13.951 [AsyncHttpClient-1-2] DEBUG org.asynchttpclient.netty.channel.ChannelManager - Adding key: http://localhost:39870 for channel [id: 0xf13c86ba, L:/127.0.0.1:52048 - R:localhost/127.0.0.1:39870]
18:24:13.968 [Forwarding getPageSource on session 01e247028c3b46154ff8b0d39f725768 to remote] DEBUG org.asynchttpclient.netty.request.NettyRequestSender - Using pooled Channel '[id: 0xf13c86ba, L:/127.0.0.1:52048 - R:localhost/127.0.0.1:39870]' for 'POST' to 'http://localhost:39870/session/01e247028c3b46154ff8b0d39f725768/execute/sync'
18:24:13.969 [Forwarding getPageSource on session 01e247028c3b46154ff8b0d39f725768 to remote] DEBUG org.asynchttpclient.netty.request.NettyRequestSender - Using open Channel [id: 0xf13c86ba, L:/127.0.0.1:52048 - R:localhost/127.0.0.1:39870] for POST '/session/01e247028c3b46154ff8b0d39f725768/execute/sync'
18:24:13.972 [AsyncHttpClient-1-2] DEBUG org.asynchttpclient.netty.handler.HttpHandler - 

Request DefaultHttpRequest(decodeResult: success, version: HTTP/1.1)
POST /session/01e247028c3b46154ff8b0d39f725768/execute/sync HTTP/1.1
User-Agent: selenium/4.8.1 (java windows)
Content-Length: 176
Content-Type: application/json; charset=utf-8
host: localhost:39870
accept: */*

Response DefaultHttpResponse(decodeResult: success, version: HTTP/1.1)
HTTP/1.1 200 OK
Content-Length: 9136
Content-Type: application/json; charset=utf-8
cache-control: no-cache

18:24:13.972 [AsyncHttpClient-1-2] DEBUG org.asynchttpclient.netty.channel.ChannelManager - Adding key: http://localhost:39870 for channel [id: 0xf13c86ba, L:/127.0.0.1:52048 - R:localhost/127.0.0.1:39870]
18:24:13.978 [Forwarding getCurrentUrl on session 01e247028c3b46154ff8b0d39f725768 to remote] DEBUG org.asynchttpclient.netty.request.NettyRequestSender - Using pooled Channel '[id: 0xf13c86ba, L:/127.0.0.1:52048 - R:localhost/127.0.0.1:39870]' for 'GET' to 'http://localhost:39870/session/01e247028c3b46154ff8b0d39f725768/url'
18:24:13.978 [Forwarding getCurrentUrl on session 01e247028c3b46154ff8b0d39f725768 to remote] DEBUG org.asynchttpclient.netty.request.NettyRequestSender - Using open Channel [id: 0xf13c86ba, L:/127.0.0.1:52048 - R:localhost/127.0.0.1:39870] for GET '/session/01e247028c3b46154ff8b0d39f725768/url'
18:24:13.981 [AsyncHttpClient-1-2] DEBUG org.asynchttpclient.netty.handler.HttpHandler - 

Request DefaultFullHttpRequest(decodeResult: success, version: HTTP/1.1, content: EmptyByteBufBE)
GET /session/01e247028c3b46154ff8b0d39f725768/url HTTP/1.1
User-Agent: selenium/4.8.1 (java windows)
Cache-Control: no-cache
Content-Type: application/json; charset=utf-8
host: localhost:39870
accept: */*

Response DefaultHttpResponse(decodeResult: success, version: HTTP/1.1)
HTTP/1.1 200 OK
Content-Length: 45
Content-Type: application/json; charset=utf-8
cache-control: no-cache

18:24:13.981 [AsyncHttpClient-1-2] DEBUG org.asynchttpclient.netty.channel.ChannelManager - Adding key: http://localhost:39870 for channel [id: 0xf13c86ba, L:/127.0.0.1:52048 - R:localhost/127.0.0.1:39870]
18:24:13.983 [main] DEBUG net.thucydides.core.steps.StepInterceptor - STARTING STEP: LoginSteps.clickLoginButton - clickLoginButton
18:24:13.989 [Forwarding findElement on session 01e247028c3b46154ff8b0d39f725768 to remote] DEBUG org.asynchttpclient.netty.request.NettyRequestSender - Using pooled Channel '[id: 0xf13c86ba, L:/127.0.0.1:52048 - R:localhost/127.0.0.1:39870]' for 'POST' to 'http://localhost:39870/session/01e247028c3b46154ff8b0d39f725768/element'
18:24:13.989 [Forwarding findElement on session 01e247028c3b46154ff8b0d39f725768 to remote] DEBUG org.asynchttpclient.netty.request.NettyRequestSender - Using open Channel [id: 0xf13c86ba, L:/127.0.0.1:52048 - R:localhost/127.0.0.1:39870] for POST '/session/01e247028c3b46154ff8b0d39f725768/element'
18:24:13.998 [AsyncHttpClient-1-2] DEBUG org.asynchttpclient.netty.handler.HttpHandler - 

Request DefaultHttpRequest(decodeResult: success, version: HTTP/1.1)
POST /session/01e247028c3b46154ff8b0d39f725768/element HTTP/1.1
User-Agent: selenium/4.8.1 (java windows)
Content-Length: 63
Content-Type: application/json; charset=utf-8
host: localhost:39870
accept: */*

Response DefaultHttpResponse(decodeResult: success, version: HTTP/1.1)
HTTP/1.1 200 OK
Content-Length: 95
Content-Type: application/json; charset=utf-8
cache-control: no-cache

18:24:13.998 [AsyncHttpClient-1-2] DEBUG org.asynchttpclient.netty.channel.ChannelManager - Adding key: http://localhost:39870 for channel [id: 0xf13c86ba, L:/127.0.0.1:52048 - R:localhost/127.0.0.1:39870]
18:24:14.000 [Forwarding getElementTagName on session 01e247028c3b46154ff8b0d39f725768 to remote] DEBUG org.asynchttpclient.netty.request.NettyRequestSender - Using pooled Channel '[id: 0xf13c86ba, L:/127.0.0.1:52048 - R:localhost/127.0.0.1:39870]' for 'GET' to 'http://localhost:39870/session/01e247028c3b46154ff8b0d39f725768/element/A2461D5665C49BE839BA907E634AF977_element_11/name'
18:24:14.000 [Forwarding getElementTagName on session 01e247028c3b46154ff8b0d39f725768 to remote] DEBUG org.asynchttpclient.netty.request.NettyRequestSender - Using open Channel [id: 0xf13c86ba, L:/127.0.0.1:52048 - R:localhost/127.0.0.1:39870] for GET '/session/01e247028c3b46154ff8b0d39f725768/element/A2461D5665C49BE839BA907E634AF977_element_11/name'
18:24:14.005 [AsyncHttpClient-1-2] DEBUG org.asynchttpclient.netty.handler.HttpHandler - 

Request DefaultFullHttpRequest(decodeResult: success, version: HTTP/1.1, content: EmptyByteBufBE)
GET /session/01e247028c3b46154ff8b0d39f725768/element/A2461D5665C49BE839BA907E634AF977_element_11/name HTTP/1.1
User-Agent: selenium/4.8.1 (java windows)
Cache-Control: no-cache
Content-Type: application/json; charset=utf-8
host: localhost:39870
accept: */*

Response DefaultHttpResponse(decodeResult: success, version: HTTP/1.1)
HTTP/1.1 200 OK
Content-Length: 18
Content-Type: application/json; charset=utf-8
cache-control: no-cache

18:24:14.005 [AsyncHttpClient-1-2] DEBUG org.asynchttpclient.netty.channel.ChannelManager - Adding key: http://localhost:39870 for channel [id: 0xf13c86ba, L:/127.0.0.1:52048 - R:localhost/127.0.0.1:39870]
18:24:14.006 [Forwarding getElementTagName on session 01e247028c3b46154ff8b0d39f725768 to remote] DEBUG org.asynchttpclient.netty.request.NettyRequestSender - Using pooled Channel '[id: 0xf13c86ba, L:/127.0.0.1:52048 - R:localhost/127.0.0.1:39870]' for 'GET' to 'http://localhost:39870/session/01e247028c3b46154ff8b0d39f725768/element/A2461D5665C49BE839BA907E634AF977_element_11/name'
18:24:14.006 [Forwarding getElementTagName on session 01e247028c3b46154ff8b0d39f725768 to remote] DEBUG org.asynchttpclient.netty.request.NettyRequestSender - Using open Channel [id: 0xf13c86ba, L:/127.0.0.1:52048 - R:localhost/127.0.0.1:39870] for GET '/session/01e247028c3b46154ff8b0d39f725768/element/A2461D5665C49BE839BA907E634AF977_element_11/name'
18:24:14.009 [AsyncHttpClient-1-2] DEBUG org.asynchttpclient.netty.handler.HttpHandler - 

Request DefaultFullHttpRequest(decodeResult: success, version: HTTP/1.1, content: EmptyByteBufBE)
GET /session/01e247028c3b46154ff8b0d39f725768/element/A2461D5665C49BE839BA907E634AF977_element_11/name HTTP/1.1
User-Agent: selenium/4.8.1 (java windows)
Cache-Control: no-cache
Content-Type: application/json; charset=utf-8
host: localhost:39870
accept: */*

Response DefaultHttpResponse(decodeResult: success, version: HTTP/1.1)
HTTP/1.1 200 OK
Content-Length: 18
Content-Type: application/json; charset=utf-8
cache-control: no-cache

18:24:14.010 [AsyncHttpClient-1-2] DEBUG org.asynchttpclient.netty.channel.ChannelManager - Adding key: http://localhost:39870 for channel [id: 0xf13c86ba, L:/127.0.0.1:52048 - R:localhost/127.0.0.1:39870]
18:24:14.012 [Forwarding isElementEnabled on session 01e247028c3b46154ff8b0d39f725768 to remote] DEBUG org.asynchttpclient.netty.request.NettyRequestSender - Using pooled Channel '[id: 0xf13c86ba, L:/127.0.0.1:52048 - R:localhost/127.0.0.1:39870]' for 'GET' to 'http://localhost:39870/session/01e247028c3b46154ff8b0d39f725768/element/A2461D5665C49BE839BA907E634AF977_element_11/enabled'
18:24:14.012 [Forwarding isElementEnabled on session 01e247028c3b46154ff8b0d39f725768 to remote] DEBUG org.asynchttpclient.netty.request.NettyRequestSender - Using open Channel [id: 0xf13c86ba, L:/127.0.0.1:52048 - R:localhost/127.0.0.1:39870] for GET '/session/01e247028c3b46154ff8b0d39f725768/element/A2461D5665C49BE839BA907E634AF977_element_11/enabled'
18:24:14.018 [AsyncHttpClient-1-2] DEBUG org.asynchttpclient.netty.handler.HttpHandler - 

Request DefaultFullHttpRequest(decodeResult: success, version: HTTP/1.1, content: EmptyByteBufBE)
GET /session/01e247028c3b46154ff8b0d39f725768/element/A2461D5665C49BE839BA907E634AF977_element_11/enabled HTTP/1.1
User-Agent: selenium/4.8.1 (java windows)
Cache-Control: no-cache
Content-Type: application/json; charset=utf-8
host: localhost:39870
accept: */*

Response DefaultHttpResponse(decodeResult: success, version: HTTP/1.1)
HTTP/1.1 200 OK
Content-Length: 14
Content-Type: application/json; charset=utf-8
cache-control: no-cache

18:24:14.018 [AsyncHttpClient-1-2] DEBUG org.asynchttpclient.netty.channel.ChannelManager - Adding key: http://localhost:39870 for channel [id: 0xf13c86ba, L:/127.0.0.1:52048 - R:localhost/127.0.0.1:39870]
18:24:14.020 [Forwarding isElementEnabled on session 01e247028c3b46154ff8b0d39f725768 to remote] DEBUG org.asynchttpclient.netty.request.NettyRequestSender - Using pooled Channel '[id: 0xf13c86ba, L:/127.0.0.1:52048 - R:localhost/127.0.0.1:39870]' for 'GET' to 'http://localhost:39870/session/01e247028c3b46154ff8b0d39f725768/element/A2461D5665C49BE839BA907E634AF977_element_11/enabled'
18:24:14.020 [Forwarding isElementEnabled on session 01e247028c3b46154ff8b0d39f725768 to remote] DEBUG org.asynchttpclient.netty.request.NettyRequestSender - Using open Channel [id: 0xf13c86ba, L:/127.0.0.1:52048 - R:localhost/127.0.0.1:39870] for GET '/session/01e247028c3b46154ff8b0d39f725768/element/A2461D5665C49BE839BA907E634AF977_element_11/enabled'
18:24:14.025 [AsyncHttpClient-1-2] DEBUG org.asynchttpclient.netty.handler.HttpHandler - 

Request DefaultFullHttpRequest(decodeResult: success, version: HTTP/1.1, content: EmptyByteBufBE)
GET /session/01e247028c3b46154ff8b0d39f725768/element/A2461D5665C49BE839BA907E634AF977_element_11/enabled HTTP/1.1
User-Agent: selenium/4.8.1 (java windows)
Cache-Control: no-cache
Content-Type: application/json; charset=utf-8
host: localhost:39870
accept: */*

Response DefaultHttpResponse(decodeResult: success, version: HTTP/1.1)
HTTP/1.1 200 OK
Content-Length: 14
Content-Type: application/json; charset=utf-8
cache-control: no-cache

18:24:14.027 [AsyncHttpClient-1-2] DEBUG org.asynchttpclient.netty.channel.ChannelManager - Adding key: http://localhost:39870 for channel [id: 0xf13c86ba, L:/127.0.0.1:52048 - R:localhost/127.0.0.1:39870]
18:24:14.031 [Forwarding findElement on session 01e247028c3b46154ff8b0d39f725768 to remote] DEBUG org.asynchttpclient.netty.request.NettyRequestSender - Using pooled Channel '[id: 0xf13c86ba, L:/127.0.0.1:52048 - R:localhost/127.0.0.1:39870]' for 'POST' to 'http://localhost:39870/session/01e247028c3b46154ff8b0d39f725768/element'
18:24:14.032 [Forwarding findElement on session 01e247028c3b46154ff8b0d39f725768 to remote] DEBUG org.asynchttpclient.netty.request.NettyRequestSender - Using open Channel [id: 0xf13c86ba, L:/127.0.0.1:52048 - R:localhost/127.0.0.1:39870] for POST '/session/01e247028c3b46154ff8b0d39f725768/element'
18:24:14.047 [AsyncHttpClient-1-2] DEBUG org.asynchttpclient.netty.handler.HttpHandler - 

Request DefaultHttpRequest(decodeResult: success, version: HTTP/1.1)
POST /session/01e247028c3b46154ff8b0d39f725768/element HTTP/1.1
User-Agent: selenium/4.8.1 (java windows)
Content-Length: 63
Content-Type: application/json; charset=utf-8
host: localhost:39870
accept: */*

Response DefaultHttpResponse(decodeResult: success, version: HTTP/1.1)
HTTP/1.1 200 OK
Content-Length: 95
Content-Type: application/json; charset=utf-8
cache-control: no-cache

18:24:14.048 [AsyncHttpClient-1-2] DEBUG org.asynchttpclient.netty.channel.ChannelManager - Adding key: http://localhost:39870 for channel [id: 0xf13c86ba, L:/127.0.0.1:52048 - R:localhost/127.0.0.1:39870]
18:24:14.052 [Forwarding clickElement on session 01e247028c3b46154ff8b0d39f725768 to remote] DEBUG org.asynchttpclient.netty.request.NettyRequestSender - Using pooled Channel '[id: 0xf13c86ba, L:/127.0.0.1:52048 - R:localhost/127.0.0.1:39870]' for 'POST' to 'http://localhost:39870/session/01e247028c3b46154ff8b0d39f725768/element/A2461D5665C49BE839BA907E634AF977_element_11/click'
18:24:14.052 [Forwarding clickElement on session 01e247028c3b46154ff8b0d39f725768 to remote] DEBUG org.asynchttpclient.netty.request.NettyRequestSender - Using open Channel [id: 0xf13c86ba, L:/127.0.0.1:52048 - R:localhost/127.0.0.1:39870] for POST '/session/01e247028c3b46154ff8b0d39f725768/element/A2461D5665C49BE839BA907E634AF977_element_11/click'
18:24:14.096 [AsyncHttpClient-1-2] DEBUG org.asynchttpclient.netty.handler.HttpHandler - 

Request DefaultHttpRequest(decodeResult: success, version: HTTP/1.1)
POST /session/01e247028c3b46154ff8b0d39f725768/element/A2461D5665C49BE839BA907E634AF977_element_11/click HTTP/1.1
User-Agent: selenium/4.8.1 (java windows)
Content-Length: 57
Content-Type: application/json; charset=utf-8
host: localhost:39870
accept: */*

Response DefaultHttpResponse(decodeResult: success, version: HTTP/1.1)
HTTP/1.1 200 OK
Content-Length: 14
Content-Type: application/json; charset=utf-8
cache-control: no-cache

18:24:14.096 [AsyncHttpClient-1-2] DEBUG org.asynchttpclient.netty.channel.ChannelManager - Adding key: http://localhost:39870 for channel [id: 0xf13c86ba, L:/127.0.0.1:52048 - R:localhost/127.0.0.1:39870]
18:24:14.101 [Forwarding getAlertText on session 01e247028c3b46154ff8b0d39f725768 to remote] DEBUG org.asynchttpclient.netty.request.NettyRequestSender - Using pooled Channel '[id: 0xf13c86ba, L:/127.0.0.1:52048 - R:localhost/127.0.0.1:39870]' for 'GET' to 'http://localhost:39870/session/01e247028c3b46154ff8b0d39f725768/alert/text'
18:24:14.101 [Forwarding getAlertText on session 01e247028c3b46154ff8b0d39f725768 to remote] DEBUG org.asynchttpclient.netty.request.NettyRequestSender - Using open Channel [id: 0xf13c86ba, L:/127.0.0.1:52048 - R:localhost/127.0.0.1:39870] for GET '/session/01e247028c3b46154ff8b0d39f725768/alert/text'
18:24:14.103 [AsyncHttpClient-1-2] DEBUG org.asynchttpclient.netty.handler.HttpHandler - 

Request DefaultFullHttpRequest(decodeResult: success, version: HTTP/1.1, content: EmptyByteBufBE)
GET /session/01e247028c3b46154ff8b0d39f725768/alert/text HTTP/1.1
User-Agent: selenium/4.8.1 (java windows)
Cache-Control: no-cache
Content-Type: application/json; charset=utf-8
host: localhost:39870
accept: */*

Response DefaultHttpResponse(decodeResult: success, version: HTTP/1.1)
HTTP/1.1 404 Not Found
Content-Length: 821
Content-Type: application/json; charset=utf-8
cache-control: no-cache

18:24:14.103 [AsyncHttpClient-1-2] DEBUG org.asynchttpclient.netty.channel.ChannelManager - Adding key: http://localhost:39870 for channel [id: 0xf13c86ba, L:/127.0.0.1:52048 - R:localhost/127.0.0.1:39870]
18:24:14.104 [Forwarding getCurrentUrl on session 01e247028c3b46154ff8b0d39f725768 to remote] DEBUG org.asynchttpclient.netty.request.NettyRequestSender - Using pooled Channel '[id: 0xf13c86ba, L:/127.0.0.1:52048 - R:localhost/127.0.0.1:39870]' for 'GET' to 'http://localhost:39870/session/01e247028c3b46154ff8b0d39f725768/url'
18:24:14.104 [Forwarding getCurrentUrl on session 01e247028c3b46154ff8b0d39f725768 to remote] DEBUG org.asynchttpclient.netty.request.NettyRequestSender - Using open Channel [id: 0xf13c86ba, L:/127.0.0.1:52048 - R:localhost/127.0.0.1:39870] for GET '/session/01e247028c3b46154ff8b0d39f725768/url'
18:24:14.109 [AsyncHttpClient-1-2] DEBUG org.asynchttpclient.netty.handler.HttpHandler - 

Request DefaultFullHttpRequest(decodeResult: success, version: HTTP/1.1, content: EmptyByteBufBE)
GET /session/01e247028c3b46154ff8b0d39f725768/url HTTP/1.1
User-Agent: selenium/4.8.1 (java windows)
Cache-Control: no-cache
Content-Type: application/json; charset=utf-8
host: localhost:39870
accept: */*

Response DefaultHttpResponse(decodeResult: success, version: HTTP/1.1)
HTTP/1.1 200 OK
Content-Length: 45
Content-Type: application/json; charset=utf-8
cache-control: no-cache

18:24:14.109 [AsyncHttpClient-1-2] DEBUG org.asynchttpclient.netty.channel.ChannelManager - Adding key: http://localhost:39870 for channel [id: 0xf13c86ba, L:/127.0.0.1:52048 - R:localhost/127.0.0.1:39870]
18:24:14.110 [Forwarding screenshot on session 01e247028c3b46154ff8b0d39f725768 to remote] DEBUG org.asynchttpclient.netty.request.NettyRequestSender - Using pooled Channel '[id: 0xf13c86ba, L:/127.0.0.1:52048 - R:localhost/127.0.0.1:39870]' for 'GET' to 'http://localhost:39870/session/01e247028c3b46154ff8b0d39f725768/screenshot'
18:24:14.110 [Forwarding screenshot on session 01e247028c3b46154ff8b0d39f725768 to remote] DEBUG org.asynchttpclient.netty.request.NettyRequestSender - Using open Channel [id: 0xf13c86ba, L:/127.0.0.1:52048 - R:localhost/127.0.0.1:39870] for GET '/session/01e247028c3b46154ff8b0d39f725768/screenshot'
18:24:14.192 [AsyncHttpClient-1-2] DEBUG org.asynchttpclient.netty.handler.HttpHandler - 

Request DefaultFullHttpRequest(decodeResult: success, version: HTTP/1.1, content: EmptyByteBufBE)
GET /session/01e247028c3b46154ff8b0d39f725768/screenshot HTTP/1.1
User-Agent: selenium/4.8.1 (java windows)
Cache-Control: no-cache
Content-Type: application/json; charset=utf-8
host: localhost:39870
accept: */*

Response DefaultHttpResponse(decodeResult: success, version: HTTP/1.1)
HTTP/1.1 200 OK
Content-Length: 35196
Content-Type: application/json; charset=utf-8
cache-control: no-cache

18:24:14.194 [AsyncHttpClient-1-2] DEBUG org.asynchttpclient.netty.channel.ChannelManager - Adding key: http://localhost:39870 for channel [id: 0xf13c86ba, L:/127.0.0.1:52048 - R:localhost/127.0.0.1:39870]
18:24:14.196 [main] DEBUG net.serenitybdd.core.photography.Darkroom - Send negative for processing for target\site\serenity\e1dc76102c7425fb3c187f92009ca20f34aa1e1f28f1efc87bb77a0f8dcda7c6.png
18:24:14.196 [main] DEBUG net.thucydides.core.steps.StepInterceptor - STEP DONE: clickLoginButton
18:24:14.196 [Darkroom Processing Line] DEBUG net.serenitybdd.core.photography.DarkroomProcessingLine - Processing screenshot image in /var/screenshots/screenshot-6347571295419792457
[...]
18:24:41.570 [Forwarding getPageSource on session cec56b605d8694fa0e56aca46054e9cc to remote] DEBUG org.asynchttpclient.netty.request.NettyRequestSender - Using open Channel [id: 0x87ad1486, L:/127.0.0.1:52235 - R:localhost/127.0.0.1:10458] for POST '/session/cec56b605d8694fa0e56aca46054e9cc/execute/sync'
18:24:41.574 [AsyncHttpClient-1-23] DEBUG org.asynchttpclient.netty.handler.HttpHandler - 

Request DefaultHttpRequest(decodeResult: success, version: HTTP/1.1)
POST /session/cec56b605d8694fa0e56aca46054e9cc/execute/sync HTTP/1.1
User-Agent: selenium/4.8.1 (java windows)
Content-Length: 176
Content-Type: application/json; charset=utf-8
host: localhost:10458
accept: */*

Response DefaultHttpResponse(decodeResult: success, version: HTTP/1.1)
HTTP/1.1 200 OK
Content-Length: 9210
Content-Type: application/json; charset=utf-8
cache-control: no-cache

18:24:41.574 [AsyncHttpClient-1-23] DEBUG org.asynchttpclient.netty.channel.ChannelManager - Adding key: http://localhost:10458 for channel [id: 0x87ad1486, L:/127.0.0.1:52235 - R:localhost/127.0.0.1:10458]
18:24:41.575 [Forwarding getCurrentUrl on session cec56b605d8694fa0e56aca46054e9cc to remote] DEBUG org.asynchttpclient.netty.request.NettyRequestSender - Using pooled Channel '[id: 0x87ad1486, L:/127.0.0.1:52235 - R:localhost/127.0.0.1:10458]' for 'GET' to 'http://localhost:10458/session/cec56b605d8694fa0e56aca46054e9cc/url'
18:24:41.575 [Forwarding getCurrentUrl on session cec56b605d8694fa0e56aca46054e9cc to remote] DEBUG org.asynchttpclient.netty.request.NettyRequestSender - Using open Channel [id: 0x87ad1486, L:/127.0.0.1:52235 - R:localhost/127.0.0.1:10458] for GET '/session/cec56b605d8694fa0e56aca46054e9cc/url'
18:24:41.582 [AsyncHttpClient-1-23] DEBUG org.asynchttpclient.netty.handler.HttpHandler - 

Request DefaultFullHttpRequest(decodeResult: success, version: HTTP/1.1, content: EmptyByteBufBE)
GET /session/cec56b605d8694fa0e56aca46054e9cc/url HTTP/1.1
User-Agent: selenium/4.8.1 (java windows)
Cache-Control: no-cache
Content-Type: application/json; charset=utf-8
host: localhost:10458
accept: */*

Response DefaultHttpResponse(decodeResult: success, version: HTTP/1.1)
HTTP/1.1 200 OK
Content-Length: 45
Content-Type: application/json; charset=utf-8
cache-control: no-cache

18:24:41.582 [AsyncHttpClient-1-23] DEBUG org.asynchttpclient.netty.channel.ChannelManager - Adding key: http://localhost:10458 for channel [id: 0x87ad1486, L:/127.0.0.1:52235 - R:localhost/127.0.0.1:10458]
18:24:41.594 [Forwarding getPageSource on session cec56b605d8694fa0e56aca46054e9cc to remote] DEBUG org.asynchttpclient.netty.request.NettyRequestSender - Using pooled Channel '[id: 0x87ad1486, L:/127.0.0.1:52235 - R:localhost/127.0.0.1:10458]' for 'POST' to 'http://localhost:10458/session/cec56b605d8694fa0e56aca46054e9cc/execute/sync'
18:24:41.594 [Forwarding getPageSource on session cec56b605d8694fa0e56aca46054e9cc to remote] DEBUG org.asynchttpclient.netty.request.NettyRequestSender - Using open Channel [id: 0x87ad1486, L:/127.0.0.1:52235 - R:localhost/127.0.0.1:10458] for POST '/session/cec56b605d8694fa0e56aca46054e9cc/execute/sync'
18:24:41.604 [AsyncHttpClient-1-23] DEBUG org.asynchttpclient.netty.handler.HttpHandler - 

Request DefaultHttpRequest(decodeResult: success, version: HTTP/1.1)
POST /session/cec56b605d8694fa0e56aca46054e9cc/execute/sync HTTP/1.1
User-Agent: selenium/4.8.1 (java windows)
Content-Length: 176
Content-Type: application/json; charset=utf-8
host: localhost:10458
accept: */*

Response DefaultHttpResponse(decodeResult: success, version: HTTP/1.1)
HTTP/1.1 200 OK
Content-Length: 9210
Content-Type: application/json; charset=utf-8
cache-control: no-cache

18:24:41.604 [AsyncHttpClient-1-23] DEBUG org.asynchttpclient.netty.channel.ChannelManager - Adding key: http://localhost:10458 for channel [id: 0x87ad1486, L:/127.0.0.1:52235 - R:localhost/127.0.0.1:10458]
18:24:41.606 [Forwarding getCurrentUrl on session cec56b605d8694fa0e56aca46054e9cc to remote] DEBUG org.asynchttpclient.netty.request.NettyRequestSender - Using pooled Channel '[id: 0x87ad1486, L:/127.0.0.1:52235 - R:localhost/127.0.0.1:10458]' for 'GET' to 'http://localhost:10458/session/cec56b605d8694fa0e56aca46054e9cc/url'
18:24:41.606 [Forwarding getCurrentUrl on session cec56b605d8694fa0e56aca46054e9cc to remote] DEBUG org.asynchttpclient.netty.request.NettyRequestSender - Using open Channel [id: 0x87ad1486, L:/127.0.0.1:52235 - R:localhost/127.0.0.1:10458] for GET '/session/cec56b605d8694fa0e56aca46054e9cc/url'
18:24:41.614 [AsyncHttpClient-1-23] DEBUG org.asynchttpclient.netty.handler.HttpHandler - 

Request DefaultFullHttpRequest(decodeResult: success, version: HTTP/1.1, content: EmptyByteBufBE)
GET /session/cec56b605d8694fa0e56aca46054e9cc/url HTTP/1.1
User-Agent: selenium/4.8.1 (java windows)
Cache-Control: no-cache
Content-Type: application/json; charset=utf-8
host: localhost:10458
accept: */*

Response DefaultHttpResponse(decodeResult: success, version: HTTP/1.1)
HTTP/1.1 200 OK
Content-Length: 45
Content-Type: application/json; charset=utf-8
cache-control: no-cache

18:24:41.614 [AsyncHttpClient-1-23] DEBUG org.asynchttpclient.netty.channel.ChannelManager - Adding key: http://localhost:10458 for channel [id: 0x87ad1486, L:/127.0.0.1:52235 - R:localhost/127.0.0.1:10458]
18:24:41.618 [main] DEBUG net.thucydides.core.steps.StepInterceptor - STARTING STEP: LoginSteps.checkWarningCharPassword - checkWarningCharPassword
18:24:41.621 [Forwarding findElement on session cec56b605d8694fa0e56aca46054e9cc to remote] DEBUG org.asynchttpclient.netty.request.NettyRequestSender - Using pooled Channel '[id: 0x87ad1486, L:/127.0.0.1:52235 - R:localhost/127.0.0.1:10458]' for 'POST' to 'http://localhost:10458/session/cec56b605d8694fa0e56aca46054e9cc/element'
18:24:41.621 [Forwarding findElement on session cec56b605d8694fa0e56aca46054e9cc to remote] DEBUG org.asynchttpclient.netty.request.NettyRequestSender - Using open Channel [id: 0x87ad1486, L:/127.0.0.1:52235 - R:localhost/127.0.0.1:10458] for POST '/session/cec56b605d8694fa0e56aca46054e9cc/element'
18:24:41.631 [AsyncHttpClient-1-23] DEBUG org.asynchttpclient.netty.handler.HttpHandler - 

Request DefaultHttpRequest(decodeResult: success, version: HTTP/1.1)
POST /session/cec56b605d8694fa0e56aca46054e9cc/element HTTP/1.1
User-Agent: selenium/4.8.1 (java windows)
Content-Length: 51
Content-Type: application/json; charset=utf-8
host: localhost:10458
accept: */*

Response DefaultHttpResponse(decodeResult: success, version: HTTP/1.1)
HTTP/1.1 200 OK
Content-Length: 95
Content-Type: application/json; charset=utf-8
cache-control: no-cache

18:24:41.631 [AsyncHttpClient-1-23] DEBUG org.asynchttpclient.netty.channel.ChannelManager - Adding key: http://localhost:10458 for channel [id: 0x87ad1486, L:/127.0.0.1:52235 - R:localhost/127.0.0.1:10458]
18:24:41.637 [Forwarding isElementDisplayed on session cec56b605d8694fa0e56aca46054e9cc to remote] DEBUG org.asynchttpclient.netty.request.NettyRequestSender - Using pooled Channel '[id: 0x87ad1486, L:/127.0.0.1:52235 - R:localhost/127.0.0.1:10458]' for 'POST' to 'http://localhost:10458/session/cec56b605d8694fa0e56aca46054e9cc/execute/sync'
18:24:41.637 [Forwarding isElementDisplayed on session cec56b605d8694fa0e56aca46054e9cc to remote] DEBUG org.asynchttpclient.netty.request.NettyRequestSender - Using open Channel [id: 0x87ad1486, L:/127.0.0.1:52235 - R:localhost/127.0.0.1:10458] for POST '/session/cec56b605d8694fa0e56aca46054e9cc/execute/sync'
18:24:41.648 [AsyncHttpClient-1-23] DEBUG org.asynchttpclient.netty.handler.HttpHandler - 

Request DefaultHttpRequest(decodeResult: success, version: HTTP/1.1)
POST /session/cec56b605d8694fa0e56aca46054e9cc/execute/sync HTTP/1.1
User-Agent: selenium/4.8.1 (java windows)
Content-Length: 48814
Content-Type: application/json; charset=utf-8
host: localhost:10458
accept: */*

Response DefaultHttpResponse(decodeResult: success, version: HTTP/1.1)
HTTP/1.1 200 OK
Content-Length: 14
Content-Type: application/json; charset=utf-8
cache-control: no-cache

18:24:41.649 [AsyncHttpClient-1-23] DEBUG org.asynchttpclient.netty.channel.ChannelManager - Adding key: http://localhost:10458 for channel [id: 0x87ad1486, L:/127.0.0.1:52235 - R:localhost/127.0.0.1:10458]
18:24:41.651 [Forwarding getAlertText on session cec56b605d8694fa0e56aca46054e9cc to remote] DEBUG org.asynchttpclient.netty.request.NettyRequestSender - Using pooled Channel '[id: 0x87ad1486, L:/127.0.0.1:52235 - R:localhost/127.0.0.1:10458]' for 'GET' to 'http://localhost:10458/session/cec56b605d8694fa0e56aca46054e9cc/alert/text'
18:24:41.651 [Forwarding getAlertText on session cec56b605d8694fa0e56aca46054e9cc to remote] DEBUG org.asynchttpclient.netty.request.NettyRequestSender - Using open Channel [id: 0x87ad1486, L:/127.0.0.1:52235 - R:localhost/127.0.0.1:10458] for GET '/session/cec56b605d8694fa0e56aca46054e9cc/alert/text'
18:24:41.653 [AsyncHttpClient-1-23] DEBUG org.asynchttpclient.netty.handler.HttpHandler - 

Request DefaultFullHttpRequest(decodeResult: success, version: HTTP/1.1, content: EmptyByteBufBE)
GET /session/cec56b605d8694fa0e56aca46054e9cc/alert/text HTTP/1.1
User-Agent: selenium/4.8.1 (java windows)
Cache-Control: no-cache
Content-Type: application/json; charset=utf-8
host: localhost:10458
accept: */*

Response DefaultHttpResponse(decodeResult: success, version: HTTP/1.1)
HTTP/1.1 404 Not Found
Content-Length: 821
Content-Type: application/json; charset=utf-8
cache-control: no-cache

18:24:41.653 [AsyncHttpClient-1-23] DEBUG org.asynchttpclient.netty.channel.ChannelManager - Adding key: http://localhost:10458 for channel [id: 0x87ad1486, L:/127.0.0.1:52235 - R:localhost/127.0.0.1:10458]
18:24:41.654 [Forwarding getCurrentUrl on session cec56b605d8694fa0e56aca46054e9cc to remote] DEBUG org.asynchttpclient.netty.request.NettyRequestSender - Using pooled Channel '[id: 0x87ad1486, L:/127.0.0.1:52235 - R:localhost/127.0.0.1:10458]' for 'GET' to 'http://localhost:10458/session/cec56b605d8694fa0e56aca46054e9cc/url'
18:24:41.655 [Forwarding getCurrentUrl on session cec56b605d8694fa0e56aca46054e9cc to remote] DEBUG org.asynchttpclient.netty.request.NettyRequestSender - Using open Channel [id: 0x87ad1486, L:/127.0.0.1:52235 - R:localhost/127.0.0.1:10458] for GET '/session/cec56b605d8694fa0e56aca46054e9cc/url'
18:24:41.657 [AsyncHttpClient-1-23] DEBUG org.asynchttpclient.netty.handler.HttpHandler - 

Request DefaultFullHttpRequest(decodeResult: success, version: HTTP/1.1, content: EmptyByteBufBE)
GET /session/cec56b605d8694fa0e56aca46054e9cc/url HTTP/1.1
User-Agent: selenium/4.8.1 (java windows)
Cache-Control: no-cache
Content-Type: application/json; charset=utf-8
host: localhost:10458
accept: */*

Response DefaultHttpResponse(decodeResult: success, version: HTTP/1.1)
HTTP/1.1 200 OK
Content-Length: 45
Content-Type: application/json; charset=utf-8
cache-control: no-cache

18:24:41.657 [AsyncHttpClient-1-23] DEBUG org.asynchttpclient.netty.channel.ChannelManager - Adding key: http://localhost:10458 for channel [id: 0x87ad1486, L:/127.0.0.1:52235 - R:localhost/127.0.0.1:10458]
18:24:41.658 [Forwarding screenshot on session cec56b605d8694fa0e56aca46054e9cc to remote] DEBUG org.asynchttpclient.netty.request.NettyRequestSender - Using pooled Channel '[id: 0x87ad1486, L:/127.0.0.1:52235 - R:localhost/127.0.0.1:10458]' for 'GET' to 'http://localhost:10458/session/cec56b605d8694fa0e56aca46054e9cc/screenshot'
18:24:41.658 [Forwarding screenshot on session cec56b605d8694fa0e56aca46054e9cc to remote] DEBUG org.asynchttpclient.netty.request.NettyRequestSender - Using open Channel [id: 0x87ad1486, L:/127.0.0.1:52235 - R:localhost/127.0.0.1:10458] for GET '/session/cec56b605d8694fa0e56aca46054e9cc/screenshot'
18:24:41.739 [AsyncHttpClient-1-23] DEBUG org.asynchttpclient.netty.handler.HttpHandler - 

Request DefaultFullHttpRequest(decodeResult: success, version: HTTP/1.1, content: EmptyByteBufBE)
GET /session/cec56b605d8694fa0e56aca46054e9cc/screenshot HTTP/1.1
User-Agent: selenium/4.8.1 (java windows)
Cache-Control: no-cache
Content-Type: application/json; charset=utf-8
host: localhost:10458
accept: */*

Response DefaultHttpResponse(decodeResult: success, version: HTTP/1.1)
HTTP/1.1 200 OK
Content-Length: 37696
Content-Type: application/json; charset=utf-8
cache-control: no-cache

18:24:41.739 [AsyncHttpClient-1-23] DEBUG org.asynchttpclient.netty.channel.ChannelManager - Adding key: http://localhost:10458 for channel [id: 0x87ad1486, L:/127.0.0.1:52235 - R:localhost/127.0.0.1:10458]
18:24:41.740 [main] DEBUG net.serenitybdd.core.photography.Darkroom - Send negative for processing for target\site\serenity\d10ca9f241c9fe9a3d77770272431bb1a0522fc71a62f1ce6b80e0943558d92c.png
18:24:41.740 [main] DEBUG net.thucydides.core.steps.StepInterceptor - STEP DONE: checkWarningCharPassword
  &amp#27;[32mThen &amp#27;[0m&amp#27;[32mI should see warning char password&amp#27;[0m            &amp#27;[90m# starter.stepdefinitions.LoginSteps.checkWarningCharPassword()&amp#27;[0m
18:24:41.740 [Darkroom Processing Line] DEBUG net.serenitybdd.core.photography.DarkroomProcessingLine - Processing screenshot image in /var/screenshots/screenshot-3267549746870316823
18:24:41.740 [Darkroom Processing Line] DEBUG net.serenitybdd.core.photography.DarkroomProcessingLine - Saving screenshot to target\site\serenity\d10ca9f241c9fe9a3d77770272431bb1a0522fc71a62f1ce6b80e0943558d92c.png
18:24:41.743 [main] INFO  - 
  _____   ___   ___   _____     ___     _     ___   ___   ___   ___  
 |_   _| | __| / __| |_   _|   | _ \   /_\   / __| / __| | __| |   \ 
   | |   | _|  \__ \   | |     |  _/  / _ \  \__ \ \__ \ | _|  | |) |
   |_|   |___| |___/   |_|     |_|   /_/ \_\ |___/ |___/ |___| |___/ 

Admin login with password less than 8 char
----------------------------------------------------------------------
18:24:41.744 [Driver Command Executor] DEBUG org.asynchttpclient.netty.request.NettyRequestSender - Using pooled Channel '[id: 0x87ad1486, L:/127.0.0.1:52235 - R:localhost/127.0.0.1:10458]' for 'DELETE' to 'http://localhost:10458/session/cec56b605d8694fa0e56aca46054e9cc'
18:24:41.744 [AsyncHttpClient-1-25] DEBUG org.asynchttpclient.netty.handler.WebSocketHandler - Channel Closed: [id: 0xf1e0f28a, L:/127.0.0.1:52245 ! R:localhost/127.0.0.1:52236] with attribute NettyResponseFuture{currentRetry=0,
	isDone=1,
	isCancelled=0,
	asyncHandler=org.asynchttpclient.ws.WebSocketUpgradeHandler@6d081d24,
	nettyRequest=org.asynchttpclient.netty.request.NettyRequest@280a8ee1,
	future=java.util.concurrent.CompletableFuture@4cac0f62[Completed normally],
	uri=ws://localhost:52236/devtools/browser/bb70e6e5-8531-4c35-9d9d-97324ec8d4f3,
	keepAlive=true,
	redirectCount=0,
	timeoutsHolder=null,
	inAuth=0,
	touch=1687346680101}
18:24:41.745 [Driver Command Executor] DEBUG org.asynchttpclient.netty.request.NettyRequestSender - Using open Channel [id: 0x87ad1486, L:/127.0.0.1:52235 - R:localhost/127.0.0.1:10458] for DELETE '/session/cec56b605d8694fa0e56aca46054e9cc'
18:24:41.745 [AsyncHttpClient-1-25] DEBUG org.asynchttpclient.netty.channel.ChannelManager - Closing Channel [id: 0xf1e0f28a, L:/127.0.0.1:52245 ! R:localhost/127.0.0.1:52236] 
18:24:41.769 [AsyncHttpClient-1-24] DEBUG org.asynchttpclient.netty.handler.HttpHandler - Unexpected I/O exception on channel [id: 0x516d46f6, L:/127.0.0.1:52244 - R:localhost/127.0.0.1:52236]
java.net.SocketException: Connection reset
	at java.base/sun.nio.ch.SocketChannelImpl.throwConnectionReset(SocketChannelImpl.java:367)
	at java.base/sun.nio.ch.SocketChannelImpl.read(SocketChannelImpl.java:398)
	at io.netty.buffer.PooledByteBuf.setBytes(PooledByteBuf.java:259)
	at io.netty.buffer.AbstractByteBuf.writeBytes(AbstractByteBuf.java:1132)
	at io.netty.channel.socket.nio.NioSocketChannel.doReadBytes(NioSocketChannel.java:357)
	at io.netty.channel.nio.AbstractNioByteChannel$NioByteUnsafe.read(AbstractNioByteChannel.java:151)
	at io.netty.channel.nio.NioEventLoop.processSelectedKey(NioEventLoop.java:788)
	at io.netty.channel.nio.NioEventLoop.processSelectedKeysOptimized(NioEventLoop.java:724)
	at io.netty.channel.nio.NioEventLoop.processSelectedKeys(NioEventLoop.java:650)
	at io.netty.channel.nio.NioEventLoop.run(NioEventLoop.java:562)
	at io.netty.util.concurrent.SingleThreadEventExecutor$4.run(SingleThreadEventExecutor.java:997)
	at io.netty.util.internal.ThreadExecutorMap$2.run(ThreadExecutorMap.java:74)
	at io.netty.util.concurrent.FastThreadLocalRunnable.run(FastThreadLocalRunnable.java:30)
	at java.base/java.lang.Thread.run(Thread.java:832)
18:24:41.769 [AsyncHttpClient-1-24] DEBUG org.asynchttpclient.netty.channel.ChannelManager - Closing Channel [id: 0x516d46f6, L:/127.0.0.1:52244 - R:localhost/127.0.0.1:52236] 
18:24:41.769 [AsyncHttpClient-1-24] DEBUG org.asynchttpclient.netty.handler.HttpHandler - Channel Closed: [id: 0x516d46f6, L:/127.0.0.1:52244 ! R:localhost/127.0.0.1:52236] with attribute DISCARD
18:24:41.780 [AsyncHttpClient-1-23] DEBUG org.asynchttpclient.netty.handler.HttpHandler - 

Request DefaultFullHttpRequest(decodeResult: success, version: HTTP/1.1, content: EmptyByteBufBE)
DELETE /session/cec56b605d8694fa0e56aca46054e9cc HTTP/1.1
User-Agent: selenium/4.8.1 (java windows)
Content-Type: application/json; charset=utf-8
host: localhost:10458
accept: */*

Response DefaultHttpResponse(decodeResult: success, version: HTTP/1.1)
HTTP/1.1 200 OK
Content-Length: 14
Content-Type: application/json; charset=utf-8
cache-control: no-cache

18:24:41.780 [AsyncHttpClient-1-23] DEBUG org.asynchttpclient.netty.channel.ChannelManager - Adding key: http://localhost:10458 for channel [id: 0x87ad1486, L:/127.0.0.1:52235 - R:localhost/127.0.0.1:10458]
18:24:41.842 [AsyncHttpClient-1-23] DEBUG org.asynchttpclient.netty.handler.HttpHandler - Channel Closed: [id: 0x87ad1486, L:/127.0.0.1:52235 ! R:localhost/127.0.0.1:10458] with attribute DISCARD
18:24:42.002 [AsyncHttpClient-1-1] DEBUG org.asynchttpclient.netty.channel.DefaultChannelPool - Entry count for : http://localhost:10458 : 1
18:24:42.002 [AsyncHttpClient-1-1] DEBUG org.asynchttpclient.netty.channel.DefaultChannelPool - Entry count for : http://localhost:52236 : 1
18:24:42.002 [AsyncHttpClient-1-1] DEBUG org.asynchttpclient.netty.channel.DefaultChannelPool - Adding Candidate expired Channel [id: 0x87ad1486, L:/127.0.0.1:52235 ! R:localhost/127.0.0.1:10458] isIdleTimeoutExpired=false isRemotelyClosed=true isTtlExpired=false
18:24:42.002 [AsyncHttpClient-1-1] DEBUG org.asynchttpclient.netty.channel.DefaultChannelPool - Closing Idle Channel [id: 0x87ad1486, L:/127.0.0.1:52235 ! R:localhost/127.0.0.1:10458]
18:24:42.002 [AsyncHttpClient-1-1] DEBUG org.asynchttpclient.netty.channel.DefaultChannelPool - Adding Candidate expired Channel [id: 0x516d46f6, L:/127.0.0.1:52244 ! R:localhost/127.0.0.1:52236] isIdleTimeoutExpired=false isRemotelyClosed=true isTtlExpired=false
18:24:42.002 [AsyncHttpClient-1-1] DEBUG org.asynchttpclient.netty.channel.DefaultChannelPool - Closing Idle Channel [id: 0x516d46f6, L:/127.0.0.1:52244 ! R:localhost/127.0.0.1:52236]
18:24:42.002 [AsyncHttpClient-1-1] DEBUG org.asynchttpclient.netty.channel.DefaultChannelPool - Closed 2 connections out of 2 in 0 ms
]]></system-out>
    <system-err><![CDATA[Starting ChromeDriver 114.0.5735.16 (7e1ff058633f5b79b1cd7479aca585ba385519d8-refs/branch-heads/5735@{#182}) on port 10458
Only local connections are allowed.
Please see https://chromedriver.chromium.org/security-considerations for suggestions on keeping ChromeDriver safe.
ChromeDriver was started successfully.
Jun 21, 2023 6:24:40 PM org.openqa.selenium.devtools.CdpVersionFinder findNearestMatch
WARNING: Unable to find an exact match for CDP version 114, so returning the closest version found: 110
]]></system-err>
  </testcase>
</testsuite>