<?xml version="1.0" encoding="UTF-8"?>
<testsuite xmlns:xsi="http://www.w3.org/2001/XMLSchema-instance" xsi:noNamespaceSchemaLocation="https://maven.apache.org/surefire/maven-failsafe-plugin/xsd/failsafe-test-report-3.0.xsd" version="3.0" name="starter.CucumberTestSuite" time="50.053" tests="8" errors="0" skipped="0" failures="0">
  <properties>
[...]
</properties>
  <testcase name="Login with correct credentials" classname="Login to Sociops Admin Account" time="11.283">
    <system-out><![CDATA[18:56:22.446 [main] DEBUG net.thucydides.core.guice.Injectors - Created injector for module net.thucydides.core.guice.ThucydidesModule
18:56:22.737 [main] DEBUG io.cucumber.core.plugin.SerenityReporter - Running feature from file:///C:/Users/WINDOWS%2010/Documents/GitHub/Capstone/sociops_qe_web/src/test/resources/features/Dashboard.feature
18:56:23.023 [main] DEBUG net.thucydides.core.guice.Injectors - Created injector for module net.thucydides.core.guice.webdriver.WebDriverModule
18:56:23.052 [main] INFO  - 

-------------------------------------------------------------------------------------
     _______. _______ .______       _______ .__   __.  __  .___________.____    ____ 
    /       ||   ____||   _  \     |   ____||  \ |  | |  | |           |\   \  /   / 
   |   (----`|  |__   |  |_)  |    |  |__   |   \|  | |  | `---|  |----` \   \/   /  
    \   \    |   __|  |      /     |   __|  |  . `  | |  |     |  |       \_    _/   
.----)   |   |  |____ |  |\  \----.|  |____ |  |\   | |  |     |  |         |  |     
|_______/    |_______|| _| `._____||_______||__| \__| |__|     |__|         |__|    
                                                                                     
 News and tutorials at http://www.serenity-bdd.info                                  
 Documentation at https://wakaleo.gitbooks.io/the-serenity-book/content/             
 Join the Serenity Community on Gitter: https://gitter.im/serenity-bdd/serenity-core 
 Serenity BDD Support and Training at http://serenity-bdd.info/#/trainingandsupport  
-------------------------------------------------------------------------------------

18:56:23.056 [main] DEBUG net.thucydides.core.steps.StepEventBus - Test suite started for story net.thucydides.core.model.Story@d0cf6dd5
18:56:23.057 [main] INFO  - Test Suite Started: Validate Dashboard Sociops Web
18:56:23.081 [main] DEBUG io.cucumber.core.plugin.SerenityReporter - Running feature from file:///C:/Users/WINDOWS%2010/Documents/GitHub/Capstone/sociops_qe_web/src/test/resources/features/Login.feature
18:56:23.094 [main] DEBUG net.thucydides.core.steps.StepEventBus - Test suite started for story net.thucydides.core.model.Story@2938f36d
18:56:23.095 [main] INFO  - Test Suite Started: Login to Sociops Admin Account
18:56:23.097 [main] DEBUG io.cucumber.core.plugin.SerenityReporter - Running feature from file:///C:/Users/WINDOWS%2010/Documents/GitHub/Capstone/sociops_qe_web/src/test/resources/features/Login.feature
18:56:23.106 [main] DEBUG net.thucydides.core.steps.StepEventBus - Test suite started for story net.thucydides.core.model.Story@2938f36d
18:56:23.107 [main] INFO  - Test Suite Started: Login to Sociops Admin Account

Scenario: Login with correct credentials        &amp#27;[90m# src/test/resources/features/Login.feature:7&amp#27;[0m
18:56:23.257 [main] DEBUG io.cucumber.core.plugin.SerenityReporter - Running feature from file:///C:/Users/WINDOWS%2010/Documents/GitHub/Capstone/sociops_qe_web/src/test/resources/features/Login.feature
18:56:23.450 [main] INFO  - 
  _____   ___   ___   _____     ___   _____     _     ___   _____   ___   ___  
 |_   _| | __| / __| |_   _|   / __| |_   _|   /_\   | _ \ |_   _| | __| |   \ 
   | |   | _|  \__ \   | |     \__ \   | |    / _ \  |   /   | |   | _|  | |) |
   |_|   |___| |___/   |_|     |___/   |_|   /_/ \_\ |_|_\   |_|   |___| |___/ 

Login with correct credentials(login-to-sociops-admin-account;login-with-correct-credentials)
--------------------------------------------------------------------------------
18:56:23.544 [main] DEBUG net.thucydides.core.requirements.model.cucumber.CucumberParser - Loading feature C:\Users\WINDOWS 10\Documents\GitHub\Capstone\sociops_qe_web\src\test\resources\features\Dashboard.feature
18:56:23.569 [main] DEBUG net.thucydides.core.requirements.model.cucumber.CucumberParser - Loading feature C:\Users\WINDOWS 10\Documents\GitHub\Capstone\sociops_qe_web\src\test\resources\features\Login.feature
18:56:24.627 [main] DEBUG net.thucydides.core.steps.StepInterceptor - STARTING STEP: LoginSteps.onTheLoginPage - openPage
18:56:24.850 [main] INFO net.serenitybdd.core.webdriver.driverproviders.ChromeDriverProvider - Starting Chrome driver instance with capabilities:
18:56:24.858 [main] INFO net.serenitybdd.core.webdriver.driverproviders.ChromeDriverProvider - Capabilities {acceptInsecureCerts: false, browserName: chrome, goog:chromeOptions: {args: [remote-allow-origins=*], extensions: []}}
18:56:25.063 [main] DEBUG io.netty.util.internal.logging.InternalLoggerFactory - Using SLF4J as the default logging framework
18:56:25.069 [main] DEBUG io.netty.util.ResourceLeakDetector - -Dio.netty.leakDetection.level: simple
18:56:25.069 [main] DEBUG io.netty.util.ResourceLeakDetector - -Dio.netty.leakDetection.targetRecords: 4
18:56:25.077 [main] DEBUG io.netty.util.ResourceLeakDetectorFactory - Loaded default ResourceLeakDetector: io.netty.util.ResourceLeakDetector@601eb4af
18:56:25.116 [main] DEBUG io.netty.util.internal.PlatformDependent0 - -Dio.netty.noUnsafe: false
18:56:25.116 [main] DEBUG io.netty.util.internal.PlatformDependent0 - Java version: 15
18:56:25.118 [main] DEBUG io.netty.util.internal.PlatformDependent0 - sun.misc.Unsafe.theUnsafe: available
18:56:25.120 [main] DEBUG io.netty.util.internal.PlatformDependent0 - sun.misc.Unsafe.copyMemory: available
18:56:25.121 [main] DEBUG io.netty.util.internal.PlatformDependent0 - sun.misc.Unsafe.storeFence: available
18:56:25.122 [main] DEBUG io.netty.util.internal.PlatformDependent0 - java.nio.Buffer.address: available
18:56:25.124 [main] DEBUG io.netty.util.internal.PlatformDependent0 - direct buffer constructor: unavailable: Reflective setAccessible(true) disabled
18:56:25.125 [main] DEBUG io.netty.util.internal.PlatformDependent0 - java.nio.Bits.unaligned: available, true
18:56:25.127 [main] DEBUG io.netty.util.internal.PlatformDependent0 - jdk.internal.misc.Unsafe.allocateUninitializedArray(int): unavailable: class io.netty.util.internal.PlatformDependent0$7 cannot access class jdk.internal.misc.Unsafe (in module java.base) because module java.base does not export jdk.internal.misc to unnamed module @55e8ec2f
18:56:25.130 [main] DEBUG io.netty.util.internal.PlatformDependent0 - java.nio.DirectByteBuffer.<init>(long, int): unavailable
18:56:25.130 [main] DEBUG io.netty.util.internal.PlatformDependent - sun.misc.Unsafe: available
18:56:25.134 [main] DEBUG io.netty.util.internal.PlatformDependent - maxDirectMemory: 4133486592 bytes (maybe)
18:56:25.134 [main] DEBUG io.netty.util.internal.PlatformDependent - -Dio.netty.tmpdir: C:\Users\WINDOW~1\AppData\Local\Temp (java.io.tmpdir)
18:56:25.134 [main] DEBUG io.netty.util.internal.PlatformDependent - -Dio.netty.bitMode: 64 (sun.arch.data.model)
18:56:25.135 [main] DEBUG io.netty.util.internal.PlatformDependent - Platform: Windows
18:56:25.136 [main] DEBUG io.netty.util.internal.PlatformDependent - -Dio.netty.maxDirectMemory: -1 bytes
18:56:25.136 [main] DEBUG io.netty.util.internal.PlatformDependent - -Dio.netty.uninitializedArrayAllocationThreshold: -1
18:56:25.140 [main] DEBUG io.netty.util.internal.CleanerJava9 - java.nio.ByteBuffer.cleaner(): available
18:56:25.141 [main] DEBUG io.netty.util.internal.PlatformDependent - -Dio.netty.noPreferDirect: false
18:56:25.152 [main] DEBUG io.netty.util.internal.PlatformDependent - org.jctools-core.MpscChunkedArrayQueue: available
18:56:25.188 [main] DEBUG io.netty.util.internal.InternalThreadLocalMap - -Dio.netty.threadLocalMap.stringBuilder.initialSize: 1024
18:56:25.188 [main] DEBUG io.netty.util.internal.InternalThreadLocalMap - -Dio.netty.threadLocalMap.stringBuilder.maxSize: 4096
18:56:25.426 [main] DEBUG io.netty.handler.ssl.JdkSslContext - Default protocols (JDK): [TLSv1.3, TLSv1.2, TLSv1.1, TLSv1] 
18:56:25.426 [main] DEBUG io.netty.handler.ssl.JdkSslContext - Default cipher suites (JDK): [TLS_ECDHE_ECDSA_WITH_AES_256_GCM_SHA384, TLS_ECDHE_ECDSA_WITH_AES_128_GCM_SHA256, TLS_ECDHE_RSA_WITH_AES_128_GCM_SHA256, TLS_ECDHE_RSA_WITH_AES_256_GCM_SHA384, TLS_ECDHE_RSA_WITH_AES_128_CBC_SHA, TLS_ECDHE_RSA_WITH_AES_256_CBC_SHA, TLS_RSA_WITH_AES_128_GCM_SHA256, TLS_RSA_WITH_AES_128_CBC_SHA, TLS_RSA_WITH_AES_256_CBC_SHA, TLS_AES_128_GCM_SHA256, TLS_AES_256_GCM_SHA384]
18:56:25.497 [main] DEBUG io.netty.channel.MultithreadEventLoopGroup - -Dio.netty.eventLoopThreads: 32
18:56:25.522 [main] DEBUG io.netty.channel.nio.NioEventLoop - -Dio.netty.noKeySetOptimization: false
18:56:25.522 [main] DEBUG io.netty.channel.nio.NioEventLoop - -Dio.netty.selectorAutoRebuildThreshold: 512
18:56:25.633 [main] DEBUG io.netty.buffer.PooledByteBufAllocator - -Dio.netty.allocator.numHeapArenas: 32
18:56:25.633 [main] DEBUG io.netty.buffer.PooledByteBufAllocator - -Dio.netty.allocator.numDirectArenas: 32
18:56:25.633 [main] DEBUG io.netty.buffer.PooledByteBufAllocator - -Dio.netty.allocator.pageSize: 8192
18:56:25.633 [main] DEBUG io.netty.buffer.PooledByteBufAllocator - -Dio.netty.allocator.maxOrder: 9
18:56:25.633 [main] DEBUG io.netty.buffer.PooledByteBufAllocator - -Dio.netty.allocator.chunkSize: 4194304
18:56:25.634 [main] DEBUG io.netty.buffer.PooledByteBufAllocator - -Dio.netty.allocator.smallCacheSize: 256
18:56:25.634 [main] DEBUG io.netty.buffer.PooledByteBufAllocator - -Dio.netty.allocator.normalCacheSize: 64
18:56:25.634 [main] DEBUG io.netty.buffer.PooledByteBufAllocator - -Dio.netty.allocator.maxCachedBufferCapacity: 32768
18:56:25.634 [main] DEBUG io.netty.buffer.PooledByteBufAllocator - -Dio.netty.allocator.cacheTrimInterval: 8192
18:56:25.634 [main] DEBUG io.netty.buffer.PooledByteBufAllocator - -Dio.netty.allocator.cacheTrimIntervalMillis: 0
18:56:25.634 [main] DEBUG io.netty.buffer.PooledByteBufAllocator - -Dio.netty.allocator.useCacheForAllThreads: false
18:56:25.634 [main] DEBUG io.netty.buffer.PooledByteBufAllocator - -Dio.netty.allocator.maxCachedByteBuffersPerChunk: 1023
18:56:25.659 [main] DEBUG io.netty.buffer.ByteBufUtil - -Dio.netty.allocator.type: pooled
18:56:25.660 [main] DEBUG io.netty.buffer.ByteBufUtil - -Dio.netty.threadLocalDirectBufferSize: 0
18:56:25.660 [main] DEBUG io.netty.buffer.ByteBufUtil - -Dio.netty.maxThreadLocalCharBufferSize: 16384
18:56:27.531 [Forwarding newSession on session null to remote] DEBUG io.netty.channel.DefaultChannelId - -Dio.netty.processId: 16492 (auto-detected)
18:56:27.534 [Forwarding newSession on session null to remote] DEBUG io.netty.util.NetUtil - -Djava.net.preferIPv4Stack: false
18:56:27.534 [Forwarding newSession on session null to remote] DEBUG io.netty.util.NetUtil - -Djava.net.preferIPv6Addresses: false
18:56:27.541 [Forwarding newSession on session null to remote] DEBUG io.netty.util.NetUtilInitializations - Loopback interface: lo (Software Loopback Interface 1, 127.0.0.1)
18:56:27.542 [Forwarding newSession on session null to remote] DEBUG io.netty.util.NetUtil - Failed to get SOMAXCONN from sysctl and file \proc\sys\net\core\somaxconn. Default: 200
18:56:27.559 [Forwarding newSession on session null to remote] DEBUG io.netty.channel.DefaultChannelId - -Dio.netty.machineId: 34:cf:f6:ff:fe:2b:0c:19 (auto-detected)
18:56:27.616 [AsyncHttpClient-1-2] DEBUG io.netty.buffer.AbstractByteBuf - -Dio.netty.buffer.checkAccessible: true
18:56:27.616 [AsyncHttpClient-1-2] DEBUG io.netty.buffer.AbstractByteBuf - -Dio.netty.buffer.checkBounds: true
18:56:27.616 [AsyncHttpClient-1-2] DEBUG io.netty.util.ResourceLeakDetectorFactory - Loaded default ResourceLeakDetector: io.netty.util.ResourceLeakDetector@76fc335d
18:56:27.644 [AsyncHttpClient-1-2] DEBUG org.asynchttpclient.netty.channel.NettyConnectListener - Using new Channel '[id: 0x536e744d, L:/127.0.0.1:61978 - R:localhost/127.0.0.1:31786]' for 'POST' to '/session'
18:56:27.672 [AsyncHttpClient-1-2] DEBUG io.netty.util.Recycler - -Dio.netty.recycler.maxCapacityPerThread: 4096
18:56:27.672 [AsyncHttpClient-1-2] DEBUG io.netty.util.Recycler - -Dio.netty.recycler.ratio: 8
18:56:27.672 [AsyncHttpClient-1-2] DEBUG io.netty.util.Recycler - -Dio.netty.recycler.chunkSize: 32
18:56:27.672 [AsyncHttpClient-1-2] DEBUG io.netty.util.Recycler - -Dio.netty.recycler.blocking: false
18:56:28.401 [AsyncHttpClient-1-2] DEBUG io.netty.handler.codec.compression.Brotli - brotli4j not in the classpath; Brotli support will be unavailable.
18:56:28.401 [AsyncHttpClient-1-2] DEBUG org.asynchttpclient.netty.handler.HttpHandler - 

Request DefaultHttpRequest(decodeResult: success, version: HTTP/1.1)
POST /session HTTP/1.1
User-Agent: selenium/4.8.1 (java windows)
Content-Length: 507
Content-Type: application/json; charset=utf-8
host: localhost:31786
accept: */*

Response DefaultHttpResponse(decodeResult: success, version: HTTP/1.1)
HTTP/1.1 200 OK
Content-Length: 863
Content-Type: application/json; charset=utf-8
cache-control: no-cache

18:56:28.410 [AsyncHttpClient-1-2] DEBUG org.asynchttpclient.netty.channel.ChannelManager - Adding key: http://localhost:31786 for channel [id: 0x536e744d, L:/127.0.0.1:61978 - R:localhost/127.0.0.1:31786]
18:56:28.497 [AsyncHttpClient-1-3] DEBUG org.asynchttpclient.netty.channel.NettyConnectListener - Using new Channel '[id: 0x2ed2a5c2, L:/127.0.0.1:61986 - R:localhost/127.0.0.1:61980]' for 'GET' to '/json/version'
18:56:28.501 [AsyncHttpClient-1-3] DEBUG org.asynchttpclient.netty.handler.HttpHandler - 

Request DefaultFullHttpRequest(decodeResult: success, version: HTTP/1.1, content: EmptyByteBufBE)
GET /json/version HTTP/1.1
User-Agent: selenium/4.8.1 (java windows)
host: localhost:61980
accept: */*

Response DefaultHttpResponse(decodeResult: success, version: HTTP/1.1)
HTTP/1.1 200 OK
Content-Security-Policy: frame-ancestors 'none'
Content-Length: 424
Content-Type: application/json; charset=UTF-8

18:56:28.502 [AsyncHttpClient-1-3] DEBUG org.asynchttpclient.netty.channel.ChannelManager - Adding key: http://localhost:61980 for channel [id: 0x2ed2a5c2, L:/127.0.0.1:61986 - R:localhost/127.0.0.1:61980]
18:56:28.516 [main] DEBUG io.netty.util.internal.ThreadLocalRandom - -Dio.netty.initialSeedUniquifier: 0x505c38699a8b20f6
18:56:28.520 [AsyncHttpClient-1-4] DEBUG org.asynchttpclient.netty.channel.NettyConnectListener - Using new Channel '[id: 0x407d72b9, L:/127.0.0.1:61987 - R:localhost/127.0.0.1:61980]' for 'GET' to '/devtools/browser/dfb27699-2e57-4fab-9296-a601b78ad24f'
18:56:28.524 [AsyncHttpClient-1-4] DEBUG org.asynchttpclient.netty.handler.WebSocketHandler - 

Request DefaultFullHttpRequest(decodeResult: success, version: HTTP/1.1, content: EmptyByteBufBE)
GET /devtools/browser/dfb27699-2e57-4fab-9296-a601b78ad24f HTTP/1.1
upgrade: websocket
connection: upgrade
sec-websocket-key: 2LbAAHxCwwesfob/roTHJg==
sec-websocket-version: 13
origin: http://localhost:61980
host: localhost:61980
accept: */*
user-agent: AHC/2.1

Response DefaultHttpResponse(decodeResult: success, version: HTTP/1.1)
HTTP/1.1 101 WebSocket Protocol Handshake
Upgrade: WebSocket
Connection: Upgrade
Sec-WebSocket-Accept: 2nVQ8gtMNpjxEv1ZtFoxBFSK3nU=

18:56:28.651 [Forwarding get on session 718d3113ec5f0b2a4148c49fd9d7644d to remote] DEBUG org.asynchttpclient.netty.request.NettyRequestSender - Using pooled Channel '[id: 0x536e744d, L:/127.0.0.1:61978 - R:localhost/127.0.0.1:31786]' for 'POST' to 'http://localhost:31786/session/718d3113ec5f0b2a4148c49fd9d7644d/url'
18:56:28.651 [Forwarding get on session 718d3113ec5f0b2a4148c49fd9d7644d to remote] DEBUG org.asynchttpclient.netty.request.NettyRequestSender - Using open Channel [id: 0x536e744d, L:/127.0.0.1:61978 - R:localhost/127.0.0.1:31786] for POST '/session/718d3113ec5f0b2a4148c49fd9d7644d/url'
18:56:28.666 [AsyncHttpClient-1-1] DEBUG org.asynchttpclient.netty.channel.DefaultChannelPool - Entry count for : http://localhost:61980 : 1
18:56:29.330 [AsyncHttpClient-1-2] DEBUG org.asynchttpclient.netty.handler.HttpHandler - 

Request DefaultHttpRequest(decodeResult: success, version: HTTP/1.1)
POST /session/718d3113ec5f0b2a4148c49fd9d7644d/url HTTP/1.1
User-Agent: selenium/4.8.1 (java windows)
Content-Length: 63
Content-Type: application/json; charset=utf-8
host: localhost:31786
accept: */*

Response DefaultHttpResponse(decodeResult: success, version: HTTP/1.1)
HTTP/1.1 200 OK
Content-Length: 14
Content-Type: application/json; charset=utf-8
cache-control: no-cache

18:56:29.330 [AsyncHttpClient-1-2] DEBUG org.asynchttpclient.netty.channel.ChannelManager - Adding key: http://localhost:31786 for channel [id: 0x536e744d, L:/127.0.0.1:61978 - R:localhost/127.0.0.1:31786]
18:56:29.337 [Forwarding setTimeout on session 718d3113ec5f0b2a4148c49fd9d7644d to remote] DEBUG org.asynchttpclient.netty.request.NettyRequestSender - Using pooled Channel '[id: 0x536e744d, L:/127.0.0.1:61978 - R:localhost/127.0.0.1:31786]' for 'POST' to 'http://localhost:31786/session/718d3113ec5f0b2a4148c49fd9d7644d/timeouts'
18:56:29.337 [Forwarding setTimeout on session 718d3113ec5f0b2a4148c49fd9d7644d to remote] DEBUG org.asynchttpclient.netty.request.NettyRequestSender - Using open Channel [id: 0x536e744d, L:/127.0.0.1:61978 - R:localhost/127.0.0.1:31786] for POST '/session/718d3113ec5f0b2a4148c49fd9d7644d/timeouts'
18:56:29.341 [AsyncHttpClient-1-2] DEBUG org.asynchttpclient.netty.handler.HttpHandler - 

Request DefaultHttpRequest(decodeResult: success, version: HTTP/1.1)
POST /session/718d3113ec5f0b2a4148c49fd9d7644d/timeouts HTTP/1.1
User-Agent: selenium/4.8.1 (java windows)
Content-Length: 22
Content-Type: application/json; charset=utf-8
host: localhost:31786
accept: */*

Response DefaultHttpResponse(decodeResult: success, version: HTTP/1.1)
HTTP/1.1 200 OK
Content-Length: 14
Content-Type: application/json; charset=utf-8
cache-control: no-cache

18:56:29.342 [AsyncHttpClient-1-2] DEBUG org.asynchttpclient.netty.channel.ChannelManager - Adding key: http://localhost:31786 for channel [id: 0x536e744d, L:/127.0.0.1:61978 - R:localhost/127.0.0.1:31786]
18:56:29.390 [main] DEBUG net.serenitybdd.core.photography.Darkroom - Opening darkroom
18:56:29.392 [Darkroom Processing Line] DEBUG net.serenitybdd.core.photography.DarkroomProcessingLine - Darkroom processing line starting up
18:56:29.415 [Forwarding getAlertText on session 718d3113ec5f0b2a4148c49fd9d7644d to remote] DEBUG org.asynchttpclient.netty.request.NettyRequestSender - Using pooled Channel '[id: 0x536e744d, L:/127.0.0.1:61978 - R:localhost/127.0.0.1:31786]' for 'GET' to 'http://localhost:31786/session/718d3113ec5f0b2a4148c49fd9d7644d/alert/text'
18:56:29.415 [Forwarding getAlertText on session 718d3113ec5f0b2a4148c49fd9d7644d to remote] DEBUG org.asynchttpclient.netty.request.NettyRequestSender - Using open Channel [id: 0x536e744d, L:/127.0.0.1:61978 - R:localhost/127.0.0.1:31786] for GET '/session/718d3113ec5f0b2a4148c49fd9d7644d/alert/text'
18:56:29.417 [AsyncHttpClient-1-2] DEBUG org.asynchttpclient.netty.handler.HttpHandler - 

Request DefaultFullHttpRequest(decodeResult: success, version: HTTP/1.1, content: EmptyByteBufBE)
GET /session/718d3113ec5f0b2a4148c49fd9d7644d/alert/text HTTP/1.1
User-Agent: selenium/4.8.1 (java windows)
Cache-Control: no-cache
Content-Type: application/json; charset=utf-8
host: localhost:31786
accept: */*

Response DefaultHttpResponse(decodeResult: success, version: HTTP/1.1)
HTTP/1.1 404 Not Found
Content-Length: 821
Content-Type: application/json; charset=utf-8
cache-control: no-cache

18:56:29.417 [AsyncHttpClient-1-2] DEBUG org.asynchttpclient.netty.channel.ChannelManager - Adding key: http://localhost:31786 for channel [id: 0x536e744d, L:/127.0.0.1:61978 - R:localhost/127.0.0.1:31786]
18:56:29.431 [Forwarding getCurrentUrl on session 718d3113ec5f0b2a4148c49fd9d7644d to remote] DEBUG org.asynchttpclient.netty.request.NettyRequestSender - Using pooled Channel '[id: 0x536e744d, L:/127.0.0.1:61978 - R:localhost/127.0.0.1:31786]' for 'GET' to 'http://localhost:31786/session/718d3113ec5f0b2a4148c49fd9d7644d/url'
18:56:29.432 [Forwarding getCurrentUrl on session 718d3113ec5f0b2a4148c49fd9d7644d to remote] DEBUG org.asynchttpclient.netty.request.NettyRequestSender - Using open Channel [id: 0x536e744d, L:/127.0.0.1:61978 - R:localhost/127.0.0.1:31786] for GET '/session/718d3113ec5f0b2a4148c49fd9d7644d/url'
18:56:29.441 [AsyncHttpClient-1-2] DEBUG org.asynchttpclient.netty.handler.HttpHandler - 

Request DefaultFullHttpRequest(decodeResult: success, version: HTTP/1.1, content: EmptyByteBufBE)
GET /session/718d3113ec5f0b2a4148c49fd9d7644d/url HTTP/1.1
User-Agent: selenium/4.8.1 (java windows)
Cache-Control: no-cache
Content-Type: application/json; charset=utf-8
host: localhost:31786
accept: */*

Response DefaultHttpResponse(decodeResult: success, version: HTTP/1.1)
HTTP/1.1 200 OK
Content-Length: 45
Content-Type: application/json; charset=utf-8
cache-control: no-cache

18:56:29.441 [AsyncHttpClient-1-2] DEBUG org.asynchttpclient.netty.channel.ChannelManager - Adding key: http://localhost:31786 for channel [id: 0x536e744d, L:/127.0.0.1:61978 - R:localhost/127.0.0.1:31786]
18:56:29.448 [Forwarding screenshot on session 718d3113ec5f0b2a4148c49fd9d7644d to remote] DEBUG org.asynchttpclient.netty.request.NettyRequestSender - Using pooled Channel '[id: 0x536e744d, L:/127.0.0.1:61978 - R:localhost/127.0.0.1:31786]' for 'GET' to 'http://localhost:31786/session/718d3113ec5f0b2a4148c49fd9d7644d/screenshot'
18:56:29.448 [Forwarding screenshot on session 718d3113ec5f0b2a4148c49fd9d7644d to remote] DEBUG org.asynchttpclient.netty.request.NettyRequestSender - Using open Channel [id: 0x536e744d, L:/127.0.0.1:61978 - R:localhost/127.0.0.1:31786] for GET '/session/718d3113ec5f0b2a4148c49fd9d7644d/screenshot'
18:56:29.587 [AsyncHttpClient-1-2] DEBUG org.asynchttpclient.netty.handler.HttpHandler - 

Request DefaultFullHttpRequest(decodeResult: success, version: HTTP/1.1, content: EmptyByteBufBE)
GET /session/718d3113ec5f0b2a4148c49fd9d7644d/screenshot HTTP/1.1
User-Agent: selenium/4.8.1 (java windows)
Cache-Control: no-cache
Content-Type: application/json; charset=utf-8
host: localhost:31786
accept: */*

Response DefaultHttpResponse(decodeResult: success, version: HTTP/1.1)
HTTP/1.1 200 OK
Content-Length: 35188
Content-Type: application/json; charset=utf-8
cache-control: no-cache

18:56:29.588 [AsyncHttpClient-1-2] DEBUG org.asynchttpclient.netty.channel.ChannelManager - Adding key: http://localhost:31786 for channel [id: 0x536e744d, L:/127.0.0.1:61978 - R:localhost/127.0.0.1:31786]
18:56:29.656 [main] DEBUG net.serenitybdd.core.photography.Darkroom - Send negative for processing for target\site\serenity\e1a043f79cde61fd83c796824eb14028e2e774bcf48939784252612fe1cf5b50.png
18:56:29.657 [Darkroom Processing Line] DEBUG net.serenitybdd.core.photography.DarkroomProcessingLine - Processing screenshot image in /var/screenshots/screenshot-3731867541841726247
18:56:29.657 [Darkroom Processing Line] DEBUG net.serenitybdd.core.photography.DarkroomProcessingLine - Saving screenshot to target\site\serenity\e1a043f79cde61fd83c796824eb14028e2e774bcf48939784252612fe1cf5b50.png
18:56:29.659 [main] DEBUG net.thucydides.core.steps.StepInterceptor - STEP DONE: openPage
  &amp#27;[32mGiven &amp#27;[0m&amp#27;[32mI am on the sociops login page&amp#27;[0m          &amp#27;[90m# starter.stepdefinitions.LoginSteps.onTheLoginPage()&amp#27;[0m
18:56:29.674 [Forwarding getPageSource on session 718d3113ec5f0b2a4148c49fd9d7644d to remote] DEBUG org.asynchttpclient.netty.request.NettyRequestSender - Using pooled Channel '[id: 0x536e744d, L:/127.0.0.1:61978 - R:localhost/127.0.0.1:31786]' for 'POST' to 'http://localhost:31786/session/718d3113ec5f0b2a4148c49fd9d7644d/execute/sync'
18:56:29.675 [Forwarding getPageSource on session 718d3113ec5f0b2a4148c49fd9d7644d to remote] DEBUG org.asynchttpclient.netty.request.NettyRequestSender - Using open Channel [id: 0x536e744d, L:/127.0.0.1:61978 - R:localhost/127.0.0.1:31786] for POST '/session/718d3113ec5f0b2a4148c49fd9d7644d/execute/sync'
18:56:29.682 [AsyncHttpClient-1-2] DEBUG org.asynchttpclient.netty.handler.HttpHandler - 

Request DefaultHttpRequest(decodeResult: success, version: HTTP/1.1)
POST /session/718d3113ec5f0b2a4148c49fd9d7644d/execute/sync HTTP/1.1
User-Agent: selenium/4.8.1 (java windows)
Content-Length: 176
Content-Type: application/json; charset=utf-8
host: localhost:31786
accept: */*

Response DefaultHttpResponse(decodeResult: success, version: HTTP/1.1)
HTTP/1.1 200 OK
Content-Length: 9538
Content-Type: application/json; charset=utf-8
cache-control: no-cache

18:56:29.683 [AsyncHttpClient-1-2] DEBUG org.asynchttpclient.netty.channel.ChannelManager - Adding key: http://localhost:31786 for channel [id: 0x536e744d, L:/127.0.0.1:61978 - R:localhost/127.0.0.1:31786]
18:56:29.759 [Forwarding getCurrentUrl on session 718d3113ec5f0b2a4148c49fd9d7644d to remote] DEBUG org.asynchttpclient.netty.request.NettyRequestSender - Using pooled Channel '[id: 0x536e744d, L:/127.0.0.1:61978 - R:localhost/127.0.0.1:31786]' for 'GET' to 'http://localhost:31786/session/718d3113ec5f0b2a4148c49fd9d7644d/url'
18:56:29.759 [Forwarding getCurrentUrl on session 718d3113ec5f0b2a4148c49fd9d7644d to remote] DEBUG org.asynchttpclient.netty.request.NettyRequestSender - Using open Channel [id: 0x536e744d, L:/127.0.0.1:61978 - R:localhost/127.0.0.1:31786] for GET '/session/718d3113ec5f0b2a4148c49fd9d7644d/url'
18:56:29.763 [AsyncHttpClient-1-1] DEBUG org.asynchttpclient.netty.channel.DefaultChannelPool - Entry count for : http://localhost:61980 : 1
18:56:29.763 [AsyncHttpClient-1-2] DEBUG org.asynchttpclient.netty.handler.HttpHandler - 

Request DefaultFullHttpRequest(decodeResult: success, version: HTTP/1.1, content: EmptyByteBufBE)
GET /session/718d3113ec5f0b2a4148c49fd9d7644d/url HTTP/1.1
User-Agent: selenium/4.8.1 (java windows)
Cache-Control: no-cache
Content-Type: application/json; charset=utf-8
host: localhost:31786
accept: */*

Response DefaultHttpResponse(decodeResult: success, version: HTTP/1.1)
HTTP/1.1 200 OK
Content-Length: 45
Content-Type: application/json; charset=utf-8
cache-control: no-cache

18:56:29.763 [AsyncHttpClient-1-2] DEBUG org.asynchttpclient.netty.channel.ChannelManager - Adding key: http://localhost:31786 for channel [id: 0x536e744d, L:/127.0.0.1:61978 - R:localhost/127.0.0.1:31786]
18:56:29.777 [Forwarding getAlertText on session 718d3113ec5f0b2a4148c49fd9d7644d to remote] DEBUG org.asynchttpclient.netty.request.NettyRequestSender - Using pooled Channel '[id: 0x536e744d, L:/127.0.0.1:61978 - R:localhost/127.0.0.1:31786]' for 'GET' to 'http://localhost:31786/session/718d3113ec5f0b2a4148c49fd9d7644d/alert/text'
18:56:29.777 [Forwarding getAlertText on session 718d3113ec5f0b2a4148c49fd9d7644d to remote] DEBUG org.asynchttpclient.netty.request.NettyRequestSender - Using open Channel [id: 0x536e744d, L:/127.0.0.1:61978 - R:localhost/127.0.0.1:31786] for GET '/session/718d3113ec5f0b2a4148c49fd9d7644d/alert/text'
18:56:29.780 [AsyncHttpClient-1-2] DEBUG org.asynchttpclient.netty.handler.HttpHandler - 

Request DefaultFullHttpRequest(decodeResult: success, version: HTTP/1.1, content: EmptyByteBufBE)
GET /session/718d3113ec5f0b2a4148c49fd9d7644d/alert/text HTTP/1.1
User-Agent: selenium/4.8.1 (java windows)
Cache-Control: no-cache
Content-Type: application/json; charset=utf-8
host: localhost:31786
accept: */*

Response DefaultHttpResponse(decodeResult: success, version: HTTP/1.1)
HTTP/1.1 404 Not Found
Content-Length: 821
Content-Type: application/json; charset=utf-8
cache-control: no-cache

18:56:29.780 [AsyncHttpClient-1-2] DEBUG org.asynchttpclient.netty.channel.ChannelManager - Adding key: http://localhost:31786 for channel [id: 0x536e744d, L:/127.0.0.1:61978 - R:localhost/127.0.0.1:31786]
18:56:29.785 [Forwarding getCurrentUrl on session 718d3113ec5f0b2a4148c49fd9d7644d to remote] DEBUG org.asynchttpclient.netty.request.NettyRequestSender - Using pooled Channel '[id: 0x536e744d, L:/127.0.0.1:61978 - R:localhost/127.0.0.1:31786]' for 'GET' to 'http://localhost:31786/session/718d3113ec5f0b2a4148c49fd9d7644d/url'
18:56:29.785 [Forwarding getCurrentUrl on session 718d3113ec5f0b2a4148c49fd9d7644d to remote] DEBUG org.asynchttpclient.netty.request.NettyRequestSender - Using open Channel [id: 0x536e744d, L:/127.0.0.1:61978 - R:localhost/127.0.0.1:31786] for GET '/session/718d3113ec5f0b2a4148c49fd9d7644d/url'
18:56:29.797 [AsyncHttpClient-1-2] DEBUG org.asynchttpclient.netty.handler.HttpHandler - 

Request DefaultFullHttpRequest(decodeResult: success, version: HTTP/1.1, content: EmptyByteBufBE)
GET /session/718d3113ec5f0b2a4148c49fd9d7644d/url HTTP/1.1
User-Agent: selenium/4.8.1 (java windows)
Cache-Control: no-cache
Content-Type: application/json; charset=utf-8
host: localhost:31786
accept: */*

Response DefaultHttpResponse(decodeResult: success, version: HTTP/1.1)
HTTP/1.1 200 OK
Content-Length: 45
Content-Type: application/json; charset=utf-8
cache-control: no-cache

18:56:29.798 [AsyncHttpClient-1-2] DEBUG org.asynchttpclient.netty.channel.ChannelManager - Adding key: http://localhost:31786 for channel [id: 0x536e744d, L:/127.0.0.1:61978 - R:localhost/127.0.0.1:31786]
18:56:29.801 [Forwarding screenshot on session 718d3113ec5f0b2a4148c49fd9d7644d to remote] DEBUG org.asynchttpclient.netty.request.NettyRequestSender - Using pooled Channel '[id: 0x536e744d, L:/127.0.0.1:61978 - R:localhost/127.0.0.1:31786]' for 'GET' to 'http://localhost:31786/session/718d3113ec5f0b2a4148c49fd9d7644d/screenshot'
18:56:29.801 [Forwarding screenshot on session 718d3113ec5f0b2a4148c49fd9d7644d to remote] DEBUG org.asynchttpclient.netty.request.NettyRequestSender - Using open Channel [id: 0x536e744d, L:/127.0.0.1:61978 - R:localhost/127.0.0.1:31786] for GET '/session/718d3113ec5f0b2a4148c49fd9d7644d/screenshot'
18:56:29.904 [AsyncHttpClient-1-2] DEBUG org.asynchttpclient.netty.handler.HttpHandler - 

Request DefaultFullHttpRequest(decodeResult: success, version: HTTP/1.1, content: EmptyByteBufBE)
GET /session/718d3113ec5f0b2a4148c49fd9d7644d/screenshot HTTP/1.1
User-Agent: selenium/4.8.1 (java windows)
Cache-Control: no-cache
Content-Type: application/json; charset=utf-8
host: localhost:31786
accept: */*

Response DefaultHttpResponse(decodeResult: success, version: HTTP/1.1)
HTTP/1.1 200 OK
Content-Length: 35188
Content-Type: application/json; charset=utf-8
cache-control: no-cache

18:56:29.905 [AsyncHttpClient-1-2] DEBUG org.asynchttpclient.netty.channel.ChannelManager - Adding key: http://localhost:31786 for channel [id: 0x536e744d, L:/127.0.0.1:61978 - R:localhost/127.0.0.1:31786]
18:56:29.908 [main] DEBUG net.serenitybdd.core.photography.Darkroom - Send negative for processing for target\site\serenity\e1a043f79cde61fd83c796824eb14028e2e774bcf48939784252612fe1cf5b50.png
18:56:29.910 [Forwarding getPageSource on session 718d3113ec5f0b2a4148c49fd9d7644d to remote] DEBUG org.asynchttpclient.netty.request.NettyRequestSender - Using pooled Channel '[id: 0x536e744d, L:/127.0.0.1:61978 - R:localhost/127.0.0.1:31786]' for 'POST' to 'http://localhost:31786/session/718d3113ec5f0b2a4148c49fd9d7644d/execute/sync'
18:56:29.910 [Forwarding getPageSource on session 718d3113ec5f0b2a4148c49fd9d7644d to remote] DEBUG org.asynchttpclient.netty.request.NettyRequestSender - Using open Channel [id: 0x536e744d, L:/127.0.0.1:61978 - R:localhost/127.0.0.1:31786] for POST '/session/718d3113ec5f0b2a4148c49fd9d7644d/execute/sync'
18:56:29.917 [AsyncHttpClient-1-2] DEBUG org.asynchttpclient.netty.handler.HttpHandler - 

Request DefaultHttpRequest(decodeResult: success, version: HTTP/1.1)
POST /session/718d3113ec5f0b2a4148c49fd9d7644d/execute/sync HTTP/1.1
User-Agent: selenium/4.8.1 (java windows)
Content-Length: 176
Content-Type: application/json; charset=utf-8
host: localhost:31786
accept: */*

Response DefaultHttpResponse(decodeResult: success, version: HTTP/1.1)
HTTP/1.1 200 OK
Content-Length: 9538
Content-Type: application/json; charset=utf-8
cache-control: no-cache

18:56:29.917 [AsyncHttpClient-1-2] DEBUG org.asynchttpclient.netty.channel.ChannelManager - Adding key: http://localhost:31786 for channel [id: 0x536e744d, L:/127.0.0.1:61978 - R:localhost/127.0.0.1:31786]
18:56:29.924 [Forwarding getCurrentUrl on session 718d3113ec5f0b2a4148c49fd9d7644d to remote] DEBUG org.asynchttpclient.netty.request.NettyRequestSender - Using pooled Channel '[id: 0x536e744d, L:/127.0.0.1:61978 - R:localhost/127.0.0.1:31786]' for 'GET' to 'http://localhost:31786/session/718d3113ec5f0b2a4148c49fd9d7644d/url'
18:56:29.924 [Forwarding getCurrentUrl on session 718d3113ec5f0b2a4148c49fd9d7644d to remote] DEBUG org.asynchttpclient.netty.request.NettyRequestSender - Using open Channel [id: 0x536e744d, L:/127.0.0.1:61978 - R:localhost/127.0.0.1:31786] for GET '/session/718d3113ec5f0b2a4148c49fd9d7644d/url'
18:56:29.928 [AsyncHttpClient-1-2] DEBUG org.asynchttpclient.netty.handler.HttpHandler - 

Request DefaultFullHttpRequest(decodeResult: success, version: HTTP/1.1, content: EmptyByteBufBE)
GET /session/718d3113ec5f0b2a4148c49fd9d7644d/url HTTP/1.1
User-Agent: selenium/4.8.1 (java windows)
Cache-Control: no-cache
Content-Type: application/json; charset=utf-8
host: localhost:31786
accept: */*

Response DefaultHttpResponse(decodeResult: success, version: HTTP/1.1)
HTTP/1.1 200 OK
Content-Length: 45
Content-Type: application/json; charset=utf-8
cache-control: no-cache

18:56:29.928 [AsyncHttpClient-1-2] DEBUG org.asynchttpclient.netty.channel.ChannelManager - Adding key: http://localhost:31786 for channel [id: 0x536e744d, L:/127.0.0.1:61978 - R:localhost/127.0.0.1:31786]
18:56:29.930 [main] DEBUG net.thucydides.core.steps.StepInterceptor - STARTING STEP: LoginSteps.inputEmail - inputEmail
18:56:29.942 [Forwarding findElement on session 718d3113ec5f0b2a4148c49fd9d7644d to remote] DEBUG org.asynchttpclient.netty.request.NettyRequestSender - Using pooled Channel '[id: 0x536e744d, L:/127.0.0.1:61978 - R:localhost/127.0.0.1:31786]' for 'POST' to 'http://localhost:31786/session/718d3113ec5f0b2a4148c49fd9d7644d/element'
18:56:29.943 [Forwarding findElement on session 718d3113ec5f0b2a4148c49fd9d7644d to remote] DEBUG org.asynchttpclient.netty.request.NettyRequestSender - Using open Channel [id: 0x536e744d, L:/127.0.0.1:61978 - R:localhost/127.0.0.1:31786] for POST '/session/718d3113ec5f0b2a4148c49fd9d7644d/element'
18:56:29.954 [AsyncHttpClient-1-2] DEBUG org.asynchttpclient.netty.handler.HttpHandler - 

Request DefaultHttpRequest(decodeResult: success, version: HTTP/1.1)
POST /session/718d3113ec5f0b2a4148c49fd9d7644d/element HTTP/1.1
User-Agent: selenium/4.8.1 (java windows)
Content-Length: 59
Content-Type: application/json; charset=utf-8
host: localhost:31786
accept: */*

Response DefaultHttpResponse(decodeResult: success, version: HTTP/1.1)
HTTP/1.1 200 OK
Content-Length: 94
Content-Type: application/json; charset=utf-8
cache-control: no-cache

18:56:29.954 [AsyncHttpClient-1-2] DEBUG org.asynchttpclient.netty.channel.ChannelManager - Adding key: http://localhost:31786 for channel [id: 0x536e744d, L:/127.0.0.1:61978 - R:localhost/127.0.0.1:31786]
18:56:29.958 [Forwarding clearElement on session 718d3113ec5f0b2a4148c49fd9d7644d to remote] DEBUG org.asynchttpclient.netty.request.NettyRequestSender - Using pooled Channel '[id: 0x536e744d, L:/127.0.0.1:61978 - R:localhost/127.0.0.1:31786]' for 'POST' to 'http://localhost:31786/session/718d3113ec5f0b2a4148c49fd9d7644d/element/572FF2379974B3ECCC3CAA111492F9F7_element_9/clear'
18:56:29.958 [Forwarding clearElement on session 718d3113ec5f0b2a4148c49fd9d7644d to remote] DEBUG org.asynchttpclient.netty.request.NettyRequestSender - Using open Channel [id: 0x536e744d, L:/127.0.0.1:61978 - R:localhost/127.0.0.1:31786] for POST '/session/718d3113ec5f0b2a4148c49fd9d7644d/element/572FF2379974B3ECCC3CAA111492F9F7_element_9/clear'
18:56:29.991 [AsyncHttpClient-1-2] DEBUG org.asynchttpclient.netty.handler.HttpHandler - 

Request DefaultHttpRequest(decodeResult: success, version: HTTP/1.1)
POST /session/718d3113ec5f0b2a4148c49fd9d7644d/element/572FF2379974B3ECCC3CAA111492F9F7_element_9/clear HTTP/1.1
User-Agent: selenium/4.8.1 (java windows)
Content-Length: 56
Content-Type: application/json; charset=utf-8
host: localhost:31786
accept: */*

Response DefaultHttpResponse(decodeResult: success, version: HTTP/1.1)
HTTP/1.1 200 OK
Content-Length: 14
Content-Type: application/json; charset=utf-8
cache-control: no-cache

18:56:29.991 [AsyncHttpClient-1-2] DEBUG org.asynchttpclient.netty.channel.ChannelManager - Adding key: http://localhost:31786 for channel [id: 0x536e744d, L:/127.0.0.1:61978 - R:localhost/127.0.0.1:31786]
18:56:29.995 [Forwarding sendKeysToElement on session 718d3113ec5f0b2a4148c49fd9d7644d to remote] DEBUG org.asynchttpclient.netty.request.NettyRequestSender - Using pooled Channel '[id: 0x536e744d, L:/127.0.0.1:61978 - R:localhost/127.0.0.1:31786]' for 'POST' to 'http://localhost:31786/session/718d3113ec5f0b2a4148c49fd9d7644d/element/572FF2379974B3ECCC3CAA111492F9F7_element_9/value'
18:56:29.995 [Forwarding sendKeysToElement on session 718d3113ec5f0b2a4148c49fd9d7644d to remote] DEBUG org.asynchttpclient.netty.request.NettyRequestSender - Using open Channel [id: 0x536e744d, L:/127.0.0.1:61978 - R:localhost/127.0.0.1:31786] for POST '/session/718d3113ec5f0b2a4148c49fd9d7644d/element/572FF2379974B3ECCC3CAA111492F9F7_element_9/value'
18:56:30.093 [AsyncHttpClient-1-2] DEBUG org.asynchttpclient.netty.handler.HttpHandler - 

Request DefaultHttpRequest(decodeResult: success, version: HTTP/1.1)
POST /session/718d3113ec5f0b2a4148c49fd9d7644d/element/572FF2379974B3ECCC3CAA111492F9F7_element_9/value HTTP/1.1
User-Agent: selenium/4.8.1 (java windows)
Content-Length: 207
Content-Type: application/json; charset=utf-8
host: localhost:31786
accept: */*

Response DefaultHttpResponse(decodeResult: success, version: HTTP/1.1)
HTTP/1.1 200 OK
Content-Length: 14
Content-Type: application/json; charset=utf-8
cache-control: no-cache

18:56:30.093 [AsyncHttpClient-1-2] DEBUG org.asynchttpclient.netty.channel.ChannelManager - Adding key: http://localhost:31786 for channel [id: 0x536e744d, L:/127.0.0.1:61978 - R:localhost/127.0.0.1:31786]
18:56:30.101 [Forwarding getAlertText on session 718d3113ec5f0b2a4148c49fd9d7644d to remote] DEBUG org.asynchttpclient.netty.request.NettyRequestSender - Using pooled Channel '[id: 0x536e744d, L:/127.0.0.1:61978 - R:localhost/127.0.0.1:31786]' for 'GET' to 'http://localhost:31786/session/718d3113ec5f0b2a4148c49fd9d7644d/alert/text'
18:56:30.101 [Forwarding getAlertText on session 718d3113ec5f0b2a4148c49fd9d7644d to remote] DEBUG org.asynchttpclient.netty.request.NettyRequestSender - Using open Channel [id: 0x536e744d, L:/127.0.0.1:61978 - R:localhost/127.0.0.1:31786] for GET '/session/718d3113ec5f0b2a4148c49fd9d7644d/alert/text'
18:56:30.104 [AsyncHttpClient-1-2] DEBUG org.asynchttpclient.netty.handler.HttpHandler - 

Request DefaultFullHttpRequest(decodeResult: success, version: HTTP/1.1, content: EmptyByteBufBE)
GET /session/718d3113ec5f0b2a4148c49fd9d7644d/alert/text HTTP/1.1
User-Agent: selenium/4.8.1 (java windows)
Cache-Control: no-cache
Content-Type: application/json; charset=utf-8
host: localhost:31786
accept: */*

Response DefaultHttpResponse(decodeResult: success, version: HTTP/1.1)
HTTP/1.1 404 Not Found
Content-Length: 821
Content-Type: application/json; charset=utf-8
cache-control: no-cache

18:56:30.106 [AsyncHttpClient-1-2] DEBUG org.asynchttpclient.netty.channel.ChannelManager - Adding key: http://localhost:31786 for channel [id: 0x536e744d, L:/127.0.0.1:61978 - R:localhost/127.0.0.1:31786]
18:56:30.110 [Forwarding getCurrentUrl on session 718d3113ec5f0b2a4148c49fd9d7644d to remote] DEBUG org.asynchttpclient.netty.request.NettyRequestSender - Using pooled Channel '[id: 0x536e744d, L:/127.0.0.1:61978 - R:localhost/127.0.0.1:31786]' for 'GET' to 'http://localhost:31786/session/718d3113ec5f0b2a4148c49fd9d7644d/url'
18:56:30.111 [Forwarding getCurrentUrl on session 718d3113ec5f0b2a4148c49fd9d7644d to remote] DEBUG org.asynchttpclient.netty.request.NettyRequestSender - Using open Channel [id: 0x536e744d, L:/127.0.0.1:61978 - R:localhost/127.0.0.1:31786] for GET '/session/718d3113ec5f0b2a4148c49fd9d7644d/url'
18:56:30.121 [AsyncHttpClient-1-2] DEBUG org.asynchttpclient.netty.handler.HttpHandler - 

Request DefaultFullHttpRequest(decodeResult: success, version: HTTP/1.1, content: EmptyByteBufBE)
GET /session/718d3113ec5f0b2a4148c49fd9d7644d/url HTTP/1.1
User-Agent: selenium/4.8.1 (java windows)
Cache-Control: no-cache
Content-Type: application/json; charset=utf-8
host: localhost:31786
accept: */*

Response DefaultHttpResponse(decodeResult: success, version: HTTP/1.1)
HTTP/1.1 200 OK
Content-Length: 45
Content-Type: application/json; charset=utf-8
cache-control: no-cache

18:56:30.122 [AsyncHttpClient-1-2] DEBUG org.asynchttpclient.netty.channel.ChannelManager - Adding key: http://localhost:31786 for channel [id: 0x536e744d, L:/127.0.0.1:61978 - R:localhost/127.0.0.1:31786]
18:56:30.126 [Forwarding screenshot on session 718d3113ec5f0b2a4148c49fd9d7644d to remote] DEBUG org.asynchttpclient.netty.request.NettyRequestSender - Using pooled Channel '[id: 0x536e744d, L:/127.0.0.1:61978 - R:localhost/127.0.0.1:31786]' for 'GET' to 'http://localhost:31786/session/718d3113ec5f0b2a4148c49fd9d7644d/screenshot'
18:56:30.127 [Forwarding screenshot on session 718d3113ec5f0b2a4148c49fd9d7644d to remote] DEBUG org.asynchttpclient.netty.request.NettyRequestSender - Using open Channel [id: 0x536e744d, L:/127.0.0.1:61978 - R:localhost/127.0.0.1:31786] for GET '/session/718d3113ec5f0b2a4148c49fd9d7644d/screenshot'
18:56:30.245 [AsyncHttpClient-1-2] DEBUG org.asynchttpclient.netty.handler.HttpHandler - 

Request DefaultFullHttpRequest(decodeResult: success, version: HTTP/1.1, content: EmptyByteBufBE)
GET /session/718d3113ec5f0b2a4148c49fd9d7644d/screenshot HTTP/1.1
User-Agent: selenium/4.8.1 (java windows)
Cache-Control: no-cache
Content-Type: application/json; charset=utf-8
host: localhost:31786
accept: */*

Response DefaultHttpResponse(decodeResult: success, version: HTTP/1.1)
HTTP/1.1 200 OK
Content-Length: 39320
Content-Type: application/json; charset=utf-8
cache-control: no-cache

18:56:30.246 [AsyncHttpClient-1-2] DEBUG org.asynchttpclient.netty.channel.ChannelManager - Adding key: http://localhost:31786 for channel [id: 0x536e744d, L:/127.0.0.1:61978 - R:localhost/127.0.0.1:31786]
18:56:30.250 [main] DEBUG net.serenitybdd.core.photography.Darkroom - Send negative for processing for target\site\serenity\0a78271d4cd45ebe50b780dcb158cfe353407df2b7f600becedaa923f5ce3bd7.png
18:56:30.250 [Darkroom Processing Line] DEBUG net.serenitybdd.core.photography.DarkroomProcessingLine - Processing screenshot image in /var/screenshots/screenshot-10242803160789315280
18:56:30.250 [main] DEBUG net.thucydides.core.steps.StepInterceptor - STEP DONE: inputEmail
18:56:30.250 [Darkroom Processing Line] DEBUG net.serenitybdd.core.photography.DarkroomProcessingLine - Saving screenshot to target\site\serenity\0a78271d4cd45ebe50b780dcb158cfe353407df2b7f600becedaa923f5ce3bd7.png
  &amp#27;[32mAnd &amp#27;[0m&amp#27;[32mI type correct email&amp#27;[0m                      &amp#27;[90m# starter.stepdefinitions.LoginSteps.inputEmail()&amp#27;[0m
18:56:30.261 [Forwarding getPageSource on session 718d3113ec5f0b2a4148c49fd9d7644d to remote] DEBUG org.asynchttpclient.netty.request.NettyRequestSender - Using pooled Channel '[id: 0x536e744d, L:/127.0.0.1:61978 - R:localhost/127.0.0.1:31786]' for 'POST' to 'http://localhost:31786/session/718d3113ec5f0b2a4148c49fd9d7644d/execute/sync'
18:56:30.261 [Forwarding getPageSource on session 718d3113ec5f0b2a4148c49fd9d7644d to remote] DEBUG org.asynchttpclient.netty.request.NettyRequestSender - Using open Channel [id: 0x536e744d, L:/127.0.0.1:61978 - R:localhost/127.0.0.1:31786] for POST '/session/718d3113ec5f0b2a4148c49fd9d7644d/execute/sync'
18:56:30.265 [AsyncHttpClient-1-2] DEBUG org.asynchttpclient.netty.handler.HttpHandler - 

Request DefaultHttpRequest(decodeResult: success, version: HTTP/1.1)
POST /session/718d3113ec5f0b2a4148c49fd9d7644d/execute/sync HTTP/1.1
User-Agent: selenium/4.8.1 (java windows)
Content-Length: 176
Content-Type: application/json; charset=utf-8
host: localhost:31786
accept: */*

Response DefaultHttpResponse(decodeResult: success, version: HTTP/1.1)
HTTP/1.1 200 OK
Content-Length: 9550
Content-Type: application/json; charset=utf-8
cache-control: no-cache

18:56:30.265 [AsyncHttpClient-1-2] DEBUG org.asynchttpclient.netty.channel.ChannelManager - Adding key: http://localhost:31786 for channel [id: 0x536e744d, L:/127.0.0.1:61978 - R:localhost/127.0.0.1:31786]
18:56:30.272 [Forwarding getCurrentUrl on session 718d3113ec5f0b2a4148c49fd9d7644d to remote] DEBUG org.asynchttpclient.netty.request.NettyRequestSender - Using pooled Channel '[id: 0x536e744d, L:/127.0.0.1:61978 - R:localhost/127.0.0.1:31786]' for 'GET' to 'http://localhost:31786/session/718d3113ec5f0b2a4148c49fd9d7644d/url'
18:56:30.273 [Forwarding getCurrentUrl on session 718d3113ec5f0b2a4148c49fd9d7644d to remote] DEBUG org.asynchttpclient.netty.request.NettyRequestSender - Using open Channel [id: 0x536e744d, L:/127.0.0.1:61978 - R:localhost/127.0.0.1:31786] for GET '/session/718d3113ec5f0b2a4148c49fd9d7644d/url'
18:56:30.279 [AsyncHttpClient-1-2] DEBUG org.asynchttpclient.netty.handler.HttpHandler - 

Request DefaultFullHttpRequest(decodeResult: success, version: HTTP/1.1, content: EmptyByteBufBE)
GET /session/718d3113ec5f0b2a4148c49fd9d7644d/url HTTP/1.1
User-Agent: selenium/4.8.1 (java windows)
Cache-Control: no-cache
Content-Type: application/json; charset=utf-8
host: localhost:31786
accept: */*

Response DefaultHttpResponse(decodeResult: success, version: HTTP/1.1)
HTTP/1.1 200 OK
Content-Length: 45
Content-Type: application/json; charset=utf-8
cache-control: no-cache

18:56:30.279 [AsyncHttpClient-1-2] DEBUG org.asynchttpclient.netty.channel.ChannelManager - Adding key: http://localhost:31786 for channel [id: 0x536e744d, L:/127.0.0.1:61978 - R:localhost/127.0.0.1:31786]
18:56:30.297 [Forwarding getPageSource on session 718d3113ec5f0b2a4148c49fd9d7644d to remote] DEBUG org.asynchttpclient.netty.request.NettyRequestSender - Using pooled Channel '[id: 0x536e744d, L:/127.0.0.1:61978 - R:localhost/127.0.0.1:31786]' for 'POST' to 'http://localhost:31786/session/718d3113ec5f0b2a4148c49fd9d7644d/execute/sync'
18:56:30.297 [Forwarding getPageSource on session 718d3113ec5f0b2a4148c49fd9d7644d to remote] DEBUG org.asynchttpclient.netty.request.NettyRequestSender - Using open Channel [id: 0x536e744d, L:/127.0.0.1:61978 - R:localhost/127.0.0.1:31786] for POST '/session/718d3113ec5f0b2a4148c49fd9d7644d/execute/sync'
18:56:30.303 [AsyncHttpClient-1-2] DEBUG org.asynchttpclient.netty.handler.HttpHandler - 

Request DefaultHttpRequest(decodeResult: success, version: HTTP/1.1)
POST /session/718d3113ec5f0b2a4148c49fd9d7644d/execute/sync HTTP/1.1
User-Agent: selenium/4.8.1 (java windows)
Content-Length: 176
Content-Type: application/json; charset=utf-8
host: localhost:31786
accept: */*

Response DefaultHttpResponse(decodeResult: success, version: HTTP/1.1)
HTTP/1.1 200 OK
Content-Length: 9550
Content-Type: application/json; charset=utf-8
cache-control: no-cache

18:56:30.303 [AsyncHttpClient-1-2] DEBUG org.asynchttpclient.netty.channel.ChannelManager - Adding key: http://localhost:31786 for channel [id: 0x536e744d, L:/127.0.0.1:61978 - R:localhost/127.0.0.1:31786]
18:56:30.310 [Forwarding getCurrentUrl on session 718d3113ec5f0b2a4148c49fd9d7644d to remote] DEBUG org.asynchttpclient.netty.request.NettyRequestSender - Using pooled Channel '[id: 0x536e744d, L:/127.0.0.1:61978 - R:localhost/127.0.0.1:31786]' for 'GET' to 'http://localhost:31786/session/718d3113ec5f0b2a4148c49fd9d7644d/url'
18:56:30.310 [Forwarding getCurrentUrl on session 718d3113ec5f0b2a4148c49fd9d7644d to remote] DEBUG org.asynchttpclient.netty.request.NettyRequestSender - Using open Channel [id: 0x536e744d, L:/127.0.0.1:61978 - R:localhost/127.0.0.1:31786] for GET '/session/718d3113ec5f0b2a4148c49fd9d7644d/url'
18:56:30.315 [AsyncHttpClient-1-2] DEBUG org.asynchttpclient.netty.handler.HttpHandler - 

Request DefaultFullHttpRequest(decodeResult: success, version: HTTP/1.1, content: EmptyByteBufBE)
GET /session/718d3113ec5f0b2a4148c49fd9d7644d/url HTTP/1.1
User-Agent: selenium/4.8.1 (java windows)
Cache-Control: no-cache
Content-Type: application/json; charset=utf-8
host: localhost:31786
accept: */*

Response DefaultHttpResponse(decodeResult: success, version: HTTP/1.1)
HTTP/1.1 200 OK
Content-Length: 45
Content-Type: application/json; charset=utf-8
cache-control: no-cache

18:56:30.315 [AsyncHttpClient-1-2] DEBUG org.asynchttpclient.netty.channel.ChannelManager - Adding key: http://localhost:31786 for channel [id: 0x536e744d, L:/127.0.0.1:61978 - R:localhost/127.0.0.1:31786]
18:56:30.318 [main] DEBUG net.thucydides.core.steps.StepInterceptor - STARTING STEP: LoginSteps.inputPassword - inputPassword
18:56:30.322 [Forwarding findElement on session 718d3113ec5f0b2a4148c49fd9d7644d to remote] DEBUG org.asynchttpclient.netty.request.NettyRequestSender - Using pooled Channel '[id: 0x536e744d, L:/127.0.0.1:61978 - R:localhost/127.0.0.1:31786]' for 'POST' to 'http://localhost:31786/session/718d3113ec5f0b2a4148c49fd9d7644d/element'
18:56:30.322 [Forwarding findElement on session 718d3113ec5f0b2a4148c49fd9d7644d to remote] DEBUG org.asynchttpclient.netty.request.NettyRequestSender - Using open Channel [id: 0x536e744d, L:/127.0.0.1:61978 - R:localhost/127.0.0.1:31786] for POST '/session/718d3113ec5f0b2a4148c49fd9d7644d/element'
18:56:30.339 [AsyncHttpClient-1-2] DEBUG org.asynchttpclient.netty.handler.HttpHandler - 

Request DefaultHttpRequest(decodeResult: success, version: HTTP/1.1)
POST /session/718d3113ec5f0b2a4148c49fd9d7644d/element HTTP/1.1
User-Agent: selenium/4.8.1 (java windows)
Content-Length: 62
Content-Type: application/json; charset=utf-8
host: localhost:31786
accept: */*

Response DefaultHttpResponse(decodeResult: success, version: HTTP/1.1)
HTTP/1.1 200 OK
Content-Length: 94
Content-Type: application/json; charset=utf-8
cache-control: no-cache

18:56:30.339 [AsyncHttpClient-1-2] DEBUG org.asynchttpclient.netty.channel.ChannelManager - Adding key: http://localhost:31786 for channel [id: 0x536e744d, L:/127.0.0.1:61978 - R:localhost/127.0.0.1:31786]
18:56:30.341 [Forwarding clearElement on session 718d3113ec5f0b2a4148c49fd9d7644d to remote] DEBUG org.asynchttpclient.netty.request.NettyRequestSender - Using pooled Channel '[id: 0x536e744d, L:/127.0.0.1:61978 - R:localhost/127.0.0.1:31786]' for 'POST' to 'http://localhost:31786/session/718d3113ec5f0b2a4148c49fd9d7644d/element/572FF2379974B3ECCC3CAA111492F9F7_element_2/clear'
18:56:30.342 [Forwarding clearElement on session 718d3113ec5f0b2a4148c49fd9d7644d to remote] DEBUG org.asynchttpclient.netty.request.NettyRequestSender - Using open Channel [id: 0x536e744d, L:/127.0.0.1:61978 - R:localhost/127.0.0.1:31786] for POST '/session/718d3113ec5f0b2a4148c49fd9d7644d/element/572FF2379974B3ECCC3CAA111492F9F7_element_2/clear'
18:56:30.373 [AsyncHttpClient-1-2] DEBUG org.asynchttpclient.netty.handler.HttpHandler - 

Request DefaultHttpRequest(decodeResult: success, version: HTTP/1.1)
POST /session/718d3113ec5f0b2a4148c49fd9d7644d/element/572FF2379974B3ECCC3CAA111492F9F7_element_2/clear HTTP/1.1
User-Agent: selenium/4.8.1 (java windows)
Content-Length: 56
Content-Type: application/json; charset=utf-8
host: localhost:31786
accept: */*

Response DefaultHttpResponse(decodeResult: success, version: HTTP/1.1)
HTTP/1.1 200 OK
Content-Length: 14
Content-Type: application/json; charset=utf-8
cache-control: no-cache

18:56:30.373 [AsyncHttpClient-1-2] DEBUG org.asynchttpclient.netty.channel.ChannelManager - Adding key: http://localhost:31786 for channel [id: 0x536e744d, L:/127.0.0.1:61978 - R:localhost/127.0.0.1:31786]
18:56:30.376 [Forwarding sendKeysToElement on session 718d3113ec5f0b2a4148c49fd9d7644d to remote] DEBUG org.asynchttpclient.netty.request.NettyRequestSender - Using pooled Channel '[id: 0x536e744d, L:/127.0.0.1:61978 - R:localhost/127.0.0.1:31786]' for 'POST' to 'http://localhost:31786/session/718d3113ec5f0b2a4148c49fd9d7644d/element/572FF2379974B3ECCC3CAA111492F9F7_element_2/value'
18:56:30.376 [Forwarding sendKeysToElement on session 718d3113ec5f0b2a4148c49fd9d7644d to remote] DEBUG org.asynchttpclient.netty.request.NettyRequestSender - Using open Channel [id: 0x536e744d, L:/127.0.0.1:61978 - R:localhost/127.0.0.1:31786] for POST '/session/718d3113ec5f0b2a4148c49fd9d7644d/element/572FF2379974B3ECCC3CAA111492F9F7_element_2/value'
18:56:30.458 [AsyncHttpClient-1-2] DEBUG org.asynchttpclient.netty.handler.HttpHandler - 

Request DefaultHttpRequest(decodeResult: success, version: HTTP/1.1)
POST /session/718d3113ec5f0b2a4148c49fd9d7644d/element/572FF2379974B3ECCC3CAA111492F9F7_element_2/value HTTP/1.1
User-Agent: selenium/4.8.1 (java windows)
Content-Length: 187
Content-Type: application/json; charset=utf-8
host: localhost:31786
accept: */*

Response DefaultHttpResponse(decodeResult: success, version: HTTP/1.1)
HTTP/1.1 200 OK
Content-Length: 14
Content-Type: application/json; charset=utf-8
cache-control: no-cache

18:56:30.458 [AsyncHttpClient-1-2] DEBUG org.asynchttpclient.netty.channel.ChannelManager - Adding key: http://localhost:31786 for channel [id: 0x536e744d, L:/127.0.0.1:61978 - R:localhost/127.0.0.1:31786]
18:56:30.467 [Forwarding getAlertText on session 718d3113ec5f0b2a4148c49fd9d7644d to remote] DEBUG org.asynchttpclient.netty.request.NettyRequestSender - Using pooled Channel '[id: 0x536e744d, L:/127.0.0.1:61978 - R:localhost/127.0.0.1:31786]' for 'GET' to 'http://localhost:31786/session/718d3113ec5f0b2a4148c49fd9d7644d/alert/text'
18:56:30.467 [Forwarding getAlertText on session 718d3113ec5f0b2a4148c49fd9d7644d to remote] DEBUG org.asynchttpclient.netty.request.NettyRequestSender - Using open Channel [id: 0x536e744d, L:/127.0.0.1:61978 - R:localhost/127.0.0.1:31786] for GET '/session/718d3113ec5f0b2a4148c49fd9d7644d/alert/text'
18:56:30.469 [AsyncHttpClient-1-2] DEBUG org.asynchttpclient.netty.handler.HttpHandler - 

Request DefaultFullHttpRequest(decodeResult: success, version: HTTP/1.1, content: EmptyByteBufBE)
GET /session/718d3113ec5f0b2a4148c49fd9d7644d/alert/text HTTP/1.1
User-Agent: selenium/4.8.1 (java windows)
Cache-Control: no-cache
Content-Type: application/json; charset=utf-8
host: localhost:31786
accept: */*

Response DefaultHttpResponse(decodeResult: success, version: HTTP/1.1)
HTTP/1.1 404 Not Found
Content-Length: 821
Content-Type: application/json; charset=utf-8
cache-control: no-cache

18:56:30.469 [AsyncHttpClient-1-2] DEBUG org.asynchttpclient.netty.channel.ChannelManager - Adding key: http://localhost:31786 for channel [id: 0x536e744d, L:/127.0.0.1:61978 - R:localhost/127.0.0.1:31786]
18:56:30.473 [Forwarding getCurrentUrl on session 718d3113ec5f0b2a4148c49fd9d7644d to remote] DEBUG org.asynchttpclient.netty.request.NettyRequestSender - Using pooled Channel '[id: 0x536e744d, L:/127.0.0.1:61978 - R:localhost/127.0.0.1:31786]' for 'GET' to 'http://localhost:31786/session/718d3113ec5f0b2a4148c49fd9d7644d/url'
18:56:30.473 [Forwarding getCurrentUrl on session 718d3113ec5f0b2a4148c49fd9d7644d to remote] DEBUG org.asynchttpclient.netty.request.NettyRequestSender - Using open Channel [id: 0x536e744d, L:/127.0.0.1:61978 - R:localhost/127.0.0.1:31786] for GET '/session/718d3113ec5f0b2a4148c49fd9d7644d/url'
18:56:30.478 [AsyncHttpClient-1-2] DEBUG org.asynchttpclient.netty.handler.HttpHandler - 

Request DefaultFullHttpRequest(decodeResult: success, version: HTTP/1.1, content: EmptyByteBufBE)
GET /session/718d3113ec5f0b2a4148c49fd9d7644d/url HTTP/1.1
User-Agent: selenium/4.8.1 (java windows)
Cache-Control: no-cache
Content-Type: application/json; charset=utf-8
host: localhost:31786
accept: */*

Response DefaultHttpResponse(decodeResult: success, version: HTTP/1.1)
HTTP/1.1 200 OK
Content-Length: 45
Content-Type: application/json; charset=utf-8
cache-control: no-cache

18:56:30.479 [AsyncHttpClient-1-2] DEBUG org.asynchttpclient.netty.channel.ChannelManager - Adding key: http://localhost:31786 for channel [id: 0x536e744d, L:/127.0.0.1:61978 - R:localhost/127.0.0.1:31786]
18:56:30.480 [Forwarding screenshot on session 718d3113ec5f0b2a4148c49fd9d7644d to remote] DEBUG org.asynchttpclient.netty.request.NettyRequestSender - Using pooled Channel '[id: 0x536e744d, L:/127.0.0.1:61978 - R:localhost/127.0.0.1:31786]' for 'GET' to 'http://localhost:31786/session/718d3113ec5f0b2a4148c49fd9d7644d/screenshot'
18:56:30.480 [Forwarding screenshot on session 718d3113ec5f0b2a4148c49fd9d7644d to remote] DEBUG org.asynchttpclient.netty.request.NettyRequestSender - Using open Channel [id: 0x536e744d, L:/127.0.0.1:61978 - R:localhost/127.0.0.1:31786] for GET '/session/718d3113ec5f0b2a4148c49fd9d7644d/screenshot'
18:56:30.586 [AsyncHttpClient-1-2] DEBUG org.asynchttpclient.netty.handler.HttpHandler - 

Request DefaultFullHttpRequest(decodeResult: success, version: HTTP/1.1, content: EmptyByteBufBE)
GET /session/718d3113ec5f0b2a4148c49fd9d7644d/screenshot HTTP/1.1
User-Agent: selenium/4.8.1 (java windows)
Cache-Control: no-cache
Content-Type: application/json; charset=utf-8
host: localhost:31786
accept: */*

Response DefaultHttpResponse(decodeResult: success, version: HTTP/1.1)
HTTP/1.1 200 OK
Content-Length: 36836
Content-Type: application/json; charset=utf-8
cache-control: no-cache

18:56:30.588 [AsyncHttpClient-1-2] DEBUG org.asynchttpclient.netty.channel.ChannelManager - Adding key: http://localhost:31786 for channel [id: 0x536e744d, L:/127.0.0.1:61978 - R:localhost/127.0.0.1:31786]
18:56:30.592 [main] DEBUG net.serenitybdd.core.photography.Darkroom - Send negative for processing for target\site\serenity\2aa86d31854312c8ab1c6d9551b633df9df65a4d0a000f2ef90d4e167f27fdb2.png
18:56:30.592 [main] DEBUG net.thucydides.core.steps.StepInterceptor - STEP DONE: inputPassword
18:56:30.592 [Darkroom Processing Line] DEBUG net.serenitybdd.core.photography.DarkroomProcessingLine - Processing screenshot image in /var/screenshots/screenshot-3995737608820281770
18:56:30.593 [Darkroom Processing Line] DEBUG net.serenitybdd.core.photography.DarkroomProcessingLine - Saving screenshot to target\site\serenity\2aa86d31854312c8ab1c6d9551b633df9df65a4d0a000f2ef90d4e167f27fdb2.png
  &amp#27;[32mAnd &amp#27;[0m&amp#27;[32mI type correct password&amp#27;[0m                   &amp#27;[90m# starter.stepdefinitions.LoginSteps.inputPassword()&amp#27;[0m
18:56:30.603 [Forwarding getPageSource on session 718d3113ec5f0b2a4148c49fd9d7644d to remote] DEBUG org.asynchttpclient.netty.request.NettyRequestSender - Using pooled Channel '[id: 0x536e744d, L:/127.0.0.1:61978 - R:localhost/127.0.0.1:31786]' for 'POST' to 'http://localhost:31786/session/718d3113ec5f0b2a4148c49fd9d7644d/execute/sync'
18:56:30.603 [Forwarding getPageSource on session 718d3113ec5f0b2a4148c49fd9d7644d to remote] DEBUG org.asynchttpclient.netty.request.NettyRequestSender - Using open Channel [id: 0x536e744d, L:/127.0.0.1:61978 - R:localhost/127.0.0.1:31786] for POST '/session/718d3113ec5f0b2a4148c49fd9d7644d/execute/sync'
18:56:30.611 [AsyncHttpClient-1-2] DEBUG org.asynchttpclient.netty.handler.HttpHandler - 

Request DefaultHttpRequest(decodeResult: success, version: HTTP/1.1)
POST /session/718d3113ec5f0b2a4148c49fd9d7644d/execute/sync HTTP/1.1
User-Agent: selenium/4.8.1 (java windows)
Content-Length: 176
Content-Type: application/json; charset=utf-8
host: localhost:31786
accept: */*

Response DefaultHttpResponse(decodeResult: success, version: HTTP/1.1)
HTTP/1.1 200 OK
Content-Length: 9560
Content-Type: application/json; charset=utf-8
cache-control: no-cache

18:56:30.611 [AsyncHttpClient-1-2] DEBUG org.asynchttpclient.netty.channel.ChannelManager - Adding key: http://localhost:31786 for channel [id: 0x536e744d, L:/127.0.0.1:61978 - R:localhost/127.0.0.1:31786]
18:56:30.616 [Forwarding getCurrentUrl on session 718d3113ec5f0b2a4148c49fd9d7644d to remote] DEBUG org.asynchttpclient.netty.request.NettyRequestSender - Using pooled Channel '[id: 0x536e744d, L:/127.0.0.1:61978 - R:localhost/127.0.0.1:31786]' for 'GET' to 'http://localhost:31786/session/718d3113ec5f0b2a4148c49fd9d7644d/url'
18:56:30.616 [Forwarding getCurrentUrl on session 718d3113ec5f0b2a4148c49fd9d7644d to remote] DEBUG org.asynchttpclient.netty.request.NettyRequestSender - Using open Channel [id: 0x536e744d, L:/127.0.0.1:61978 - R:localhost/127.0.0.1:31786] for GET '/session/718d3113ec5f0b2a4148c49fd9d7644d/url'
18:56:30.622 [AsyncHttpClient-1-2] DEBUG org.asynchttpclient.netty.handler.HttpHandler - 

Request DefaultFullHttpRequest(decodeResult: success, version: HTTP/1.1, content: EmptyByteBufBE)
GET /session/718d3113ec5f0b2a4148c49fd9d7644d/url HTTP/1.1
User-Agent: selenium/4.8.1 (java windows)
Cache-Control: no-cache
Content-Type: application/json; charset=utf-8
host: localhost:31786
accept: */*

Response DefaultHttpResponse(decodeResult: success, version: HTTP/1.1)
HTTP/1.1 200 OK
Content-Length: 45
Content-Type: application/json; charset=utf-8
cache-control: no-cache

18:56:30.622 [AsyncHttpClient-1-2] DEBUG org.asynchttpclient.netty.channel.ChannelManager - Adding key: http://localhost:31786 for channel [id: 0x536e744d, L:/127.0.0.1:61978 - R:localhost/127.0.0.1:31786]
18:56:30.631 [Forwarding getPageSource on session 718d3113ec5f0b2a4148c49fd9d7644d to remote] DEBUG org.asynchttpclient.netty.request.NettyRequestSender - Using pooled Channel '[id: 0x536e744d, L:/127.0.0.1:61978 - R:localhost/127.0.0.1:31786]' for 'POST' to 'http://localhost:31786/session/718d3113ec5f0b2a4148c49fd9d7644d/execute/sync'
18:56:30.631 [Forwarding getPageSource on session 718d3113ec5f0b2a4148c49fd9d7644d to remote] DEBUG org.asynchttpclient.netty.request.NettyRequestSender - Using open Channel [id: 0x536e744d, L:/127.0.0.1:61978 - R:localhost/127.0.0.1:31786] for POST '/session/718d3113ec5f0b2a4148c49fd9d7644d/execute/sync'
18:56:30.636 [AsyncHttpClient-1-2] DEBUG org.asynchttpclient.netty.handler.HttpHandler - 

Request DefaultHttpRequest(decodeResult: success, version: HTTP/1.1)
POST /session/718d3113ec5f0b2a4148c49fd9d7644d/execute/sync HTTP/1.1
User-Agent: selenium/4.8.1 (java windows)
Content-Length: 176
Content-Type: application/json; charset=utf-8
host: localhost:31786
accept: */*

Response DefaultHttpResponse(decodeResult: success, version: HTTP/1.1)
HTTP/1.1 200 OK
Content-Length: 9560
Content-Type: application/json; charset=utf-8
cache-control: no-cache

18:56:30.636 [AsyncHttpClient-1-2] DEBUG org.asynchttpclient.netty.channel.ChannelManager - Adding key: http://localhost:31786 for channel [id: 0x536e744d, L:/127.0.0.1:61978 - R:localhost/127.0.0.1:31786]
18:56:30.641 [Forwarding getCurrentUrl on session 718d3113ec5f0b2a4148c49fd9d7644d to remote] DEBUG org.asynchttpclient.netty.request.NettyRequestSender - Using pooled Channel '[id: 0x536e744d, L:/127.0.0.1:61978 - R:localhost/127.0.0.1:31786]' for 'GET' to 'http://localhost:31786/session/718d3113ec5f0b2a4148c49fd9d7644d/url'
18:56:30.641 [Forwarding getCurrentUrl on session 718d3113ec5f0b2a4148c49fd9d7644d to remote] DEBUG org.asynchttpclient.netty.request.NettyRequestSender - Using open Channel [id: 0x536e744d, L:/127.0.0.1:61978 - R:localhost/127.0.0.1:31786] for GET '/session/718d3113ec5f0b2a4148c49fd9d7644d/url'
18:56:30.648 [AsyncHttpClient-1-2] DEBUG org.asynchttpclient.netty.handler.HttpHandler - 

Request DefaultFullHttpRequest(decodeResult: success, version: HTTP/1.1, content: EmptyByteBufBE)
GET /session/718d3113ec5f0b2a4148c49fd9d7644d/url HTTP/1.1
User-Agent: selenium/4.8.1 (java windows)
Cache-Control: no-cache
Content-Type: application/json; charset=utf-8
host: localhost:31786
accept: */*

Response DefaultHttpResponse(decodeResult: success, version: HTTP/1.1)
HTTP/1.1 200 OK
Content-Length: 45
Content-Type: application/json; charset=utf-8
cache-control: no-cache

18:56:30.648 [AsyncHttpClient-1-2] DEBUG org.asynchttpclient.netty.channel.ChannelManager - Adding key: http://localhost:31786 for channel [id: 0x536e744d, L:/127.0.0.1:61978 - R:localhost/127.0.0.1:31786]
18:56:30.653 [main] DEBUG net.thucydides.core.steps.StepInterceptor - STARTING STEP: LoginSteps.clickLoginButton - clickLoginButton
18:56:30.660 [Forwarding findElement on session 718d3113ec5f0b2a4148c49fd9d7644d to remote] DEBUG org.asynchttpclient.netty.request.NettyRequestSender - Using pooled Channel '[id: 0x536e744d, L:/127.0.0.1:61978 - R:localhost/127.0.0.1:31786]' for 'POST' to 'http://localhost:31786/session/718d3113ec5f0b2a4148c49fd9d7644d/element'
18:56:30.660 [Forwarding findElement on session 718d3113ec5f0b2a4148c49fd9d7644d to remote] DEBUG org.asynchttpclient.netty.request.NettyRequestSender - Using open Channel [id: 0x536e744d, L:/127.0.0.1:61978 - R:localhost/127.0.0.1:31786] for POST '/session/718d3113ec5f0b2a4148c49fd9d7644d/element'
18:56:30.671 [AsyncHttpClient-1-2] DEBUG org.asynchttpclient.netty.handler.HttpHandler - 

Request DefaultHttpRequest(decodeResult: success, version: HTTP/1.1)
POST /session/718d3113ec5f0b2a4148c49fd9d7644d/element HTTP/1.1
User-Agent: selenium/4.8.1 (java windows)
Content-Length: 63
Content-Type: application/json; charset=utf-8
host: localhost:31786
accept: */*

Response DefaultHttpResponse(decodeResult: success, version: HTTP/1.1)
HTTP/1.1 200 OK
Content-Length: 95
Content-Type: application/json; charset=utf-8
cache-control: no-cache

18:56:30.671 [AsyncHttpClient-1-2] DEBUG org.asynchttpclient.netty.channel.ChannelManager - Adding key: http://localhost:31786 for channel [id: 0x536e744d, L:/127.0.0.1:61978 - R:localhost/127.0.0.1:31786]
18:56:30.673 [Forwarding getElementTagName on session 718d3113ec5f0b2a4148c49fd9d7644d to remote] DEBUG org.asynchttpclient.netty.request.NettyRequestSender - Using pooled Channel '[id: 0x536e744d, L:/127.0.0.1:61978 - R:localhost/127.0.0.1:31786]' for 'GET' to 'http://localhost:31786/session/718d3113ec5f0b2a4148c49fd9d7644d/element/572FF2379974B3ECCC3CAA111492F9F7_element_11/name'
18:56:30.673 [Forwarding getElementTagName on session 718d3113ec5f0b2a4148c49fd9d7644d to remote] DEBUG org.asynchttpclient.netty.request.NettyRequestSender - Using open Channel [id: 0x536e744d, L:/127.0.0.1:61978 - R:localhost/127.0.0.1:31786] for GET '/session/718d3113ec5f0b2a4148c49fd9d7644d/element/572FF2379974B3ECCC3CAA111492F9F7_element_11/name'
18:56:30.678 [AsyncHttpClient-1-2] DEBUG org.asynchttpclient.netty.handler.HttpHandler - 

Request DefaultFullHttpRequest(decodeResult: success, version: HTTP/1.1, content: EmptyByteBufBE)
GET /session/718d3113ec5f0b2a4148c49fd9d7644d/element/572FF2379974B3ECCC3CAA111492F9F7_element_11/name HTTP/1.1
User-Agent: selenium/4.8.1 (java windows)
Cache-Control: no-cache
Content-Type: application/json; charset=utf-8
host: localhost:31786
accept: */*

Response DefaultHttpResponse(decodeResult: success, version: HTTP/1.1)
HTTP/1.1 200 OK
Content-Length: 18
Content-Type: application/json; charset=utf-8
cache-control: no-cache

18:56:30.679 [AsyncHttpClient-1-2] DEBUG org.asynchttpclient.netty.channel.ChannelManager - Adding key: http://localhost:31786 for channel [id: 0x536e744d, L:/127.0.0.1:61978 - R:localhost/127.0.0.1:31786]
18:56:30.680 [Forwarding getElementTagName on session 718d3113ec5f0b2a4148c49fd9d7644d to remote] DEBUG org.asynchttpclient.netty.request.NettyRequestSender - Using pooled Channel '[id: 0x536e744d, L:/127.0.0.1:61978 - R:localhost/127.0.0.1:31786]' for 'GET' to 'http://localhost:31786/session/718d3113ec5f0b2a4148c49fd9d7644d/element/572FF2379974B3ECCC3CAA111492F9F7_element_11/name'
18:56:30.680 [Forwarding getElementTagName on session 718d3113ec5f0b2a4148c49fd9d7644d to remote] DEBUG org.asynchttpclient.netty.request.NettyRequestSender - Using open Channel [id: 0x536e744d, L:/127.0.0.1:61978 - R:localhost/127.0.0.1:31786] for GET '/session/718d3113ec5f0b2a4148c49fd9d7644d/element/572FF2379974B3ECCC3CAA111492F9F7_element_11/name'
18:56:30.686 [AsyncHttpClient-1-2] DEBUG org.asynchttpclient.netty.handler.HttpHandler - 

Request DefaultFullHttpRequest(decodeResult: success, version: HTTP/1.1, content: EmptyByteBufBE)
GET /session/718d3113ec5f0b2a4148c49fd9d7644d/element/572FF2379974B3ECCC3CAA111492F9F7_element_11/name HTTP/1.1
User-Agent: selenium/4.8.1 (java windows)
Cache-Control: no-cache
Content-Type: application/json; charset=utf-8
host: localhost:31786
accept: */*

Response DefaultHttpResponse(decodeResult: success, version: HTTP/1.1)
HTTP/1.1 200 OK
Content-Length: 18
Content-Type: application/json; charset=utf-8
cache-control: no-cache

18:56:30.686 [AsyncHttpClient-1-2] DEBUG org.asynchttpclient.netty.channel.ChannelManager - Adding key: http://localhost:31786 for channel [id: 0x536e744d, L:/127.0.0.1:61978 - R:localhost/127.0.0.1:31786]
18:56:30.692 [Forwarding isElementEnabled on session 718d3113ec5f0b2a4148c49fd9d7644d to remote] DEBUG org.asynchttpclient.netty.request.NettyRequestSender - Using pooled Channel '[id: 0x536e744d, L:/127.0.0.1:61978 - R:localhost/127.0.0.1:31786]' for 'GET' to 'http://localhost:31786/session/718d3113ec5f0b2a4148c49fd9d7644d/element/572FF2379974B3ECCC3CAA111492F9F7_element_11/enabled'
18:56:30.692 [Forwarding isElementEnabled on session 718d3113ec5f0b2a4148c49fd9d7644d to remote] DEBUG org.asynchttpclient.netty.request.NettyRequestSender - Using open Channel [id: 0x536e744d, L:/127.0.0.1:61978 - R:localhost/127.0.0.1:31786] for GET '/session/718d3113ec5f0b2a4148c49fd9d7644d/element/572FF2379974B3ECCC3CAA111492F9F7_element_11/enabled'
18:56:30.698 [AsyncHttpClient-1-2] DEBUG org.asynchttpclient.netty.handler.HttpHandler - 

Request DefaultFullHttpRequest(decodeResult: success, version: HTTP/1.1, content: EmptyByteBufBE)
GET /session/718d3113ec5f0b2a4148c49fd9d7644d/element/572FF2379974B3ECCC3CAA111492F9F7_element_11/enabled HTTP/1.1
User-Agent: selenium/4.8.1 (java windows)
Cache-Control: no-cache
Content-Type: application/json; charset=utf-8
host: localhost:31786
accept: */*

Response DefaultHttpResponse(decodeResult: success, version: HTTP/1.1)
HTTP/1.1 200 OK
Content-Length: 14
Content-Type: application/json; charset=utf-8
cache-control: no-cache

18:56:30.698 [AsyncHttpClient-1-2] DEBUG org.asynchttpclient.netty.channel.ChannelManager - Adding key: http://localhost:31786 for channel [id: 0x536e744d, L:/127.0.0.1:61978 - R:localhost/127.0.0.1:31786]
18:56:30.699 [Forwarding isElementEnabled on session 718d3113ec5f0b2a4148c49fd9d7644d to remote] DEBUG org.asynchttpclient.netty.request.NettyRequestSender - Using pooled Channel '[id: 0x536e744d, L:/127.0.0.1:61978 - R:localhost/127.0.0.1:31786]' for 'GET' to 'http://localhost:31786/session/718d3113ec5f0b2a4148c49fd9d7644d/element/572FF2379974B3ECCC3CAA111492F9F7_element_11/enabled'
18:56:30.699 [Forwarding isElementEnabled on session 718d3113ec5f0b2a4148c49fd9d7644d to remote] DEBUG org.asynchttpclient.netty.request.NettyRequestSender - Using open Channel [id: 0x536e744d, L:/127.0.0.1:61978 - R:localhost/127.0.0.1:31786] for GET '/session/718d3113ec5f0b2a4148c49fd9d7644d/element/572FF2379974B3ECCC3CAA111492F9F7_element_11/enabled'
18:56:30.706 [AsyncHttpClient-1-2] DEBUG org.asynchttpclient.netty.handler.HttpHandler - 

Request DefaultFullHttpRequest(decodeResult: success, version: HTTP/1.1, content: EmptyByteBufBE)
GET /session/718d3113ec5f0b2a4148c49fd9d7644d/element/572FF2379974B3ECCC3CAA111492F9F7_element_11/enabled HTTP/1.1
User-Agent: selenium/4.8.1 (java windows)
Cache-Control: no-cache
Content-Type: application/json; charset=utf-8
host: localhost:31786
accept: */*

Response DefaultHttpResponse(decodeResult: success, version: HTTP/1.1)
HTTP/1.1 200 OK
Content-Length: 14
Content-Type: application/json; charset=utf-8
cache-control: no-cache

18:56:30.706 [AsyncHttpClient-1-2] DEBUG org.asynchttpclient.netty.channel.ChannelManager - Adding key: http://localhost:31786 for channel [id: 0x536e744d, L:/127.0.0.1:61978 - R:localhost/127.0.0.1:31786]
18:56:30.708 [Forwarding findElement on session 718d3113ec5f0b2a4148c49fd9d7644d to remote] DEBUG org.asynchttpclient.netty.request.NettyRequestSender - Using pooled Channel '[id: 0x536e744d, L:/127.0.0.1:61978 - R:localhost/127.0.0.1:31786]' for 'POST' to 'http://localhost:31786/session/718d3113ec5f0b2a4148c49fd9d7644d/element'
18:56:30.708 [Forwarding findElement on session 718d3113ec5f0b2a4148c49fd9d7644d to remote] DEBUG org.asynchttpclient.netty.request.NettyRequestSender - Using open Channel [id: 0x536e744d, L:/127.0.0.1:61978 - R:localhost/127.0.0.1:31786] for POST '/session/718d3113ec5f0b2a4148c49fd9d7644d/element'
18:56:30.716 [AsyncHttpClient-1-2] DEBUG org.asynchttpclient.netty.handler.HttpHandler - 

Request DefaultHttpRequest(decodeResult: success, version: HTTP/1.1)
POST /session/718d3113ec5f0b2a4148c49fd9d7644d/element HTTP/1.1
User-Agent: selenium/4.8.1 (java windows)
Content-Length: 63
Content-Type: application/json; charset=utf-8
host: localhost:31786
accept: */*

Response DefaultHttpResponse(decodeResult: success, version: HTTP/1.1)
HTTP/1.1 200 OK
Content-Length: 95
Content-Type: application/json; charset=utf-8
cache-control: no-cache

18:56:30.717 [AsyncHttpClient-1-2] DEBUG org.asynchttpclient.netty.channel.ChannelManager - Adding key: http://localhost:31786 for channel [id: 0x536e744d, L:/127.0.0.1:61978 - R:localhost/127.0.0.1:31786]
18:56:30.718 [Forwarding clickElement on session 718d3113ec5f0b2a4148c49fd9d7644d to remote] DEBUG org.asynchttpclient.netty.request.NettyRequestSender - Using pooled Channel '[id: 0x536e744d, L:/127.0.0.1:61978 - R:localhost/127.0.0.1:31786]' for 'POST' to 'http://localhost:31786/session/718d3113ec5f0b2a4148c49fd9d7644d/element/572FF2379974B3ECCC3CAA111492F9F7_element_11/click'
18:56:30.718 [Forwarding clickElement on session 718d3113ec5f0b2a4148c49fd9d7644d to remote] DEBUG org.asynchttpclient.netty.request.NettyRequestSender - Using open Channel [id: 0x536e744d, L:/127.0.0.1:61978 - R:localhost/127.0.0.1:31786] for POST '/session/718d3113ec5f0b2a4148c49fd9d7644d/element/572FF2379974B3ECCC3CAA111492F9F7_element_11/click'
18:56:30.764 [AsyncHttpClient-1-2] DEBUG org.asynchttpclient.netty.handler.HttpHandler - 

Request DefaultHttpRequest(decodeResult: success, version: HTTP/1.1)
POST /session/718d3113ec5f0b2a4148c49fd9d7644d/element/572FF2379974B3ECCC3CAA111492F9F7_element_11/click HTTP/1.1
User-Agent: selenium/4.8.1 (java windows)
Content-Length: 57
Content-Type: application/json; charset=utf-8
host: localhost:31786
accept: */*

Response DefaultHttpResponse(decodeResult: success, version: HTTP/1.1)
HTTP/1.1 200 OK
Content-Length: 14
Content-Type: application/json; charset=utf-8
cache-control: no-cache

18:56:30.764 [AsyncHttpClient-1-2] DEBUG org.asynchttpclient.netty.channel.ChannelManager - Adding key: http://localhost:31786 for channel [id: 0x536e744d, L:/127.0.0.1:61978 - R:localhost/127.0.0.1:31786]
18:56:30.773 [Forwarding getAlertText on session 718d3113ec5f0b2a4148c49fd9d7644d to remote] DEBUG org.asynchttpclient.netty.request.NettyRequestSender - Using pooled Channel '[id: 0x536e744d, L:/127.0.0.1:61978 - R:localhost/127.0.0.1:31786]' for 'GET' to 'http://localhost:31786/session/718d3113ec5f0b2a4148c49fd9d7644d/alert/text'
18:56:30.773 [Forwarding getAlertText on session 718d3113ec5f0b2a4148c49fd9d7644d to remote] DEBUG org.asynchttpclient.netty.request.NettyRequestSender - Using open Channel [id: 0x536e744d, L:/127.0.0.1:61978 - R:localhost/127.0.0.1:31786] for GET '/session/718d3113ec5f0b2a4148c49fd9d7644d/alert/text'
18:56:30.775 [AsyncHttpClient-1-2] DEBUG org.asynchttpclient.netty.handler.HttpHandler - 

Request DefaultFullHttpRequest(decodeResult: success, version: HTTP/1.1, content: EmptyByteBufBE)
GET /session/718d3113ec5f0b2a4148c49fd9d7644d/alert/text HTTP/1.1
User-Agent: selenium/4.8.1 (java windows)
Cache-Control: no-cache
Content-Type: application/json; charset=utf-8
host: localhost:31786
accept: */*

Response DefaultHttpResponse(decodeResult: success, version: HTTP/1.1)
HTTP/1.1 404 Not Found
Content-Length: 821
Content-Type: application/json; charset=utf-8
cache-control: no-cache

18:56:30.775 [AsyncHttpClient-1-2] DEBUG org.asynchttpclient.netty.channel.ChannelManager - Adding key: http://localhost:31786 for channel [id: 0x536e744d, L:/127.0.0.1:61978 - R:localhost/127.0.0.1:31786]
18:56:30.780 [Forwarding getCurrentUrl on session 718d3113ec5f0b2a4148c49fd9d7644d to remote] DEBUG org.asynchttpclient.netty.request.NettyRequestSender - Using pooled Channel '[id: 0x536e744d, L:/127.0.0.1:61978 - R:localhost/127.0.0.1:31786]' for 'GET' to 'http://localhost:31786/session/718d3113ec5f0b2a4148c49fd9d7644d/url'
18:56:30.780 [Forwarding getCurrentUrl on session 718d3113ec5f0b2a4148c49fd9d7644d to remote] DEBUG org.asynchttpclient.netty.request.NettyRequestSender - Using open Channel [id: 0x536e744d, L:/127.0.0.1:61978 - R:localhost/127.0.0.1:31786] for GET '/session/718d3113ec5f0b2a4148c49fd9d7644d/url'
18:56:30.785 [AsyncHttpClient-1-2] DEBUG org.asynchttpclient.netty.handler.HttpHandler - 

Request DefaultFullHttpRequest(decodeResult: success, version: HTTP/1.1, content: EmptyByteBufBE)
GET /session/718d3113ec5f0b2a4148c49fd9d7644d/url HTTP/1.1
User-Agent: selenium/4.8.1 (java windows)
Cache-Control: no-cache
Content-Type: application/json; charset=utf-8
host: localhost:31786
accept: */*

Response DefaultHttpResponse(decodeResult: success, version: HTTP/1.1)
HTTP/1.1 200 OK
Content-Length: 45
Content-Type: application/json; charset=utf-8
cache-control: no-cache

18:56:30.786 [AsyncHttpClient-1-2] DEBUG org.asynchttpclient.netty.channel.ChannelManager - Adding key: http://localhost:31786 for channel [id: 0x536e744d, L:/127.0.0.1:61978 - R:localhost/127.0.0.1:31786]
18:56:30.786 [Forwarding screenshot on session 718d3113ec5f0b2a4148c49fd9d7644d to remote] DEBUG org.asynchttpclient.netty.request.NettyRequestSender - Using pooled Channel '[id: 0x536e744d, L:/127.0.0.1:61978 - R:localhost/127.0.0.1:31786]' for 'GET' to 'http://localhost:31786/session/718d3113ec5f0b2a4148c49fd9d7644d/screenshot'
18:56:30.788 [Forwarding screenshot on session 718d3113ec5f0b2a4148c49fd9d7644d to remote] DEBUG org.asynchttpclient.netty.request.NettyRequestSender - Using open Channel [id: 0x536e744d, L:/127.0.0.1:61978 - R:localhost/127.0.0.1:31786] for GET '/session/718d3113ec5f0b2a4148c49fd9d7644d/screenshot'
18:56:30.861 [AsyncHttpClient-1-1] DEBUG org.asynchttpclient.netty.channel.DefaultChannelPool - Entry count for : http://localhost:61980 : 1
18:56:30.891 [AsyncHttpClient-1-2] DEBUG org.asynchttpclient.netty.handler.HttpHandler - 

Request DefaultFullHttpRequest(decodeResult: success, version: HTTP/1.1, content: EmptyByteBufBE)
GET /session/718d3113ec5f0b2a4148c49fd9d7644d/screenshot HTTP/1.1
User-Agent: selenium/4.8.1 (java windows)
Cache-Control: no-cache
Content-Type: application/json; charset=utf-8
host: localhost:31786
accept: */*

Response DefaultHttpResponse(decodeResult: success, version: HTTP/1.1)
HTTP/1.1 200 OK
Content-Length: 35192
Content-Type: application/json; charset=utf-8
cache-control: no-cache

18:56:30.891 [AsyncHttpClient-1-2] DEBUG org.asynchttpclient.netty.channel.ChannelManager - Adding key: http://localhost:31786 for channel [id: 0x536e744d, L:/127.0.0.1:61978 - R:localhost/127.0.0.1:31786]
18:56:30.895 [main] DEBUG net.serenitybdd.core.photography.Darkroom - Send negative for processing for target\site\serenity\e867f9d23684302201ecd6fa23f41d731c501b3660cb4f2cd72fd4117d7a7917.png
18:56:30.895 [main] DEBUG net.thucydides.core.steps.StepInterceptor - STEP DONE: clickLoginButton
  &amp#27;[32mWhen &amp#27;[0m&amp#27;[32mI click on the login button&amp#27;[0m              &amp#27;[90m# starter.stepdefinitions.LoginSteps.clickLoginButton()&amp#27;[0m
[...]

Response DefaultHttpResponse(decodeResult: success, version: HTTP/1.1)
HTTP/1.1 200 OK
Content-Length: 37656
Content-Type: application/json; charset=utf-8
cache-control: no-cache

18:57:01.763 [AsyncHttpClient-1-23] DEBUG org.asynchttpclient.netty.channel.ChannelManager - Adding key: http://localhost:30263 for channel [id: 0x26850919, L:/127.0.0.1:62142 - R:localhost/127.0.0.1:30263]
18:57:01.765 [main] DEBUG net.serenitybdd.core.photography.Darkroom - Send negative for processing for target\site\serenity\b07a7c7aad9ec035c588ae23beff9024c94f83c0fe3541f741a29d034c8dc753.png
18:57:01.765 [main] DEBUG net.thucydides.core.steps.StepInterceptor - STEP DONE: clickLoginButton
18:57:01.765 [Darkroom Processing Line] DEBUG net.serenitybdd.core.photography.DarkroomProcessingLine - Processing screenshot image in /var/screenshots/screenshot-7323051645087045708
  &amp#27;[32mWhen &amp#27;[0m&amp#27;[32mI click on the login button&amp#27;[0m                   &amp#27;[90m# starter.stepdefinitions.LoginSteps.clickLoginButton()&amp#27;[0m
18:57:01.766 [Darkroom Processing Line] DEBUG net.serenitybdd.core.photography.DarkroomProcessingLine - Saving screenshot to target\site\serenity\b07a7c7aad9ec035c588ae23beff9024c94f83c0fe3541f741a29d034c8dc753.png
18:57:01.773 [Forwarding getPageSource on session 1985cb2dc8ce37d05ea242bae4b9ed32 to remote] DEBUG org.asynchttpclient.netty.request.NettyRequestSender - Using pooled Channel '[id: 0x26850919, L:/127.0.0.1:62142 - R:localhost/127.0.0.1:30263]' for 'POST' to 'http://localhost:30263/session/1985cb2dc8ce37d05ea242bae4b9ed32/execute/sync'
18:57:01.773 [Forwarding getPageSource on session 1985cb2dc8ce37d05ea242bae4b9ed32 to remote] DEBUG org.asynchttpclient.netty.request.NettyRequestSender - Using open Channel [id: 0x26850919, L:/127.0.0.1:62142 - R:localhost/127.0.0.1:30263] for POST '/session/1985cb2dc8ce37d05ea242bae4b9ed32/execute/sync'
18:57:01.777 [AsyncHttpClient-1-23] DEBUG org.asynchttpclient.netty.handler.HttpHandler - 

Request DefaultHttpRequest(decodeResult: success, version: HTTP/1.1)
POST /session/1985cb2dc8ce37d05ea242bae4b9ed32/execute/sync HTTP/1.1
User-Agent: selenium/4.8.1 (java windows)
Content-Length: 176
Content-Type: application/json; charset=utf-8
host: localhost:30263
accept: */*

Response DefaultHttpResponse(decodeResult: success, version: HTTP/1.1)
HTTP/1.1 200 OK
Content-Length: 9634
Content-Type: application/json; charset=utf-8
cache-control: no-cache

18:57:01.778 [AsyncHttpClient-1-23] DEBUG org.asynchttpclient.netty.channel.ChannelManager - Adding key: http://localhost:30263 for channel [id: 0x26850919, L:/127.0.0.1:62142 - R:localhost/127.0.0.1:30263]
18:57:01.779 [Forwarding getCurrentUrl on session 1985cb2dc8ce37d05ea242bae4b9ed32 to remote] DEBUG org.asynchttpclient.netty.request.NettyRequestSender - Using pooled Channel '[id: 0x26850919, L:/127.0.0.1:62142 - R:localhost/127.0.0.1:30263]' for 'GET' to 'http://localhost:30263/session/1985cb2dc8ce37d05ea242bae4b9ed32/url'
18:57:01.779 [Forwarding getCurrentUrl on session 1985cb2dc8ce37d05ea242bae4b9ed32 to remote] DEBUG org.asynchttpclient.netty.request.NettyRequestSender - Using open Channel [id: 0x26850919, L:/127.0.0.1:62142 - R:localhost/127.0.0.1:30263] for GET '/session/1985cb2dc8ce37d05ea242bae4b9ed32/url'
18:57:01.785 [AsyncHttpClient-1-23] DEBUG org.asynchttpclient.netty.handler.HttpHandler - 

Request DefaultFullHttpRequest(decodeResult: success, version: HTTP/1.1, content: EmptyByteBufBE)
GET /session/1985cb2dc8ce37d05ea242bae4b9ed32/url HTTP/1.1
User-Agent: selenium/4.8.1 (java windows)
Cache-Control: no-cache
Content-Type: application/json; charset=utf-8
host: localhost:30263
accept: */*

Response DefaultHttpResponse(decodeResult: success, version: HTTP/1.1)
HTTP/1.1 200 OK
Content-Length: 45
Content-Type: application/json; charset=utf-8
cache-control: no-cache

18:57:01.785 [AsyncHttpClient-1-23] DEBUG org.asynchttpclient.netty.channel.ChannelManager - Adding key: http://localhost:30263 for channel [id: 0x26850919, L:/127.0.0.1:62142 - R:localhost/127.0.0.1:30263]
18:57:01.793 [Forwarding getPageSource on session 1985cb2dc8ce37d05ea242bae4b9ed32 to remote] DEBUG org.asynchttpclient.netty.request.NettyRequestSender - Using pooled Channel '[id: 0x26850919, L:/127.0.0.1:62142 - R:localhost/127.0.0.1:30263]' for 'POST' to 'http://localhost:30263/session/1985cb2dc8ce37d05ea242bae4b9ed32/execute/sync'
18:57:01.793 [Forwarding getPageSource on session 1985cb2dc8ce37d05ea242bae4b9ed32 to remote] DEBUG org.asynchttpclient.netty.request.NettyRequestSender - Using open Channel [id: 0x26850919, L:/127.0.0.1:62142 - R:localhost/127.0.0.1:30263] for POST '/session/1985cb2dc8ce37d05ea242bae4b9ed32/execute/sync'
18:57:01.799 [AsyncHttpClient-1-23] DEBUG org.asynchttpclient.netty.handler.HttpHandler - 

Request DefaultHttpRequest(decodeResult: success, version: HTTP/1.1)
POST /session/1985cb2dc8ce37d05ea242bae4b9ed32/execute/sync HTTP/1.1
User-Agent: selenium/4.8.1 (java windows)
Content-Length: 176
Content-Type: application/json; charset=utf-8
host: localhost:30263
accept: */*

Response DefaultHttpResponse(decodeResult: success, version: HTTP/1.1)
HTTP/1.1 200 OK
Content-Length: 9634
Content-Type: application/json; charset=utf-8
cache-control: no-cache

18:57:01.799 [AsyncHttpClient-1-23] DEBUG org.asynchttpclient.netty.channel.ChannelManager - Adding key: http://localhost:30263 for channel [id: 0x26850919, L:/127.0.0.1:62142 - R:localhost/127.0.0.1:30263]
18:57:01.801 [Forwarding getCurrentUrl on session 1985cb2dc8ce37d05ea242bae4b9ed32 to remote] DEBUG org.asynchttpclient.netty.request.NettyRequestSender - Using pooled Channel '[id: 0x26850919, L:/127.0.0.1:62142 - R:localhost/127.0.0.1:30263]' for 'GET' to 'http://localhost:30263/session/1985cb2dc8ce37d05ea242bae4b9ed32/url'
18:57:01.801 [Forwarding getCurrentUrl on session 1985cb2dc8ce37d05ea242bae4b9ed32 to remote] DEBUG org.asynchttpclient.netty.request.NettyRequestSender - Using open Channel [id: 0x26850919, L:/127.0.0.1:62142 - R:localhost/127.0.0.1:30263] for GET '/session/1985cb2dc8ce37d05ea242bae4b9ed32/url'
18:57:01.804 [AsyncHttpClient-1-23] DEBUG org.asynchttpclient.netty.handler.HttpHandler - 

Request DefaultFullHttpRequest(decodeResult: success, version: HTTP/1.1, content: EmptyByteBufBE)
GET /session/1985cb2dc8ce37d05ea242bae4b9ed32/url HTTP/1.1
User-Agent: selenium/4.8.1 (java windows)
Cache-Control: no-cache
Content-Type: application/json; charset=utf-8
host: localhost:30263
accept: */*

Response DefaultHttpResponse(decodeResult: success, version: HTTP/1.1)
HTTP/1.1 200 OK
Content-Length: 45
Content-Type: application/json; charset=utf-8
cache-control: no-cache

18:57:01.804 [AsyncHttpClient-1-23] DEBUG org.asynchttpclient.netty.channel.ChannelManager - Adding key: http://localhost:30263 for channel [id: 0x26850919, L:/127.0.0.1:62142 - R:localhost/127.0.0.1:30263]
18:57:01.805 [main] DEBUG net.thucydides.core.steps.StepInterceptor - STARTING STEP: LoginSteps.checkWarningCharPassword - checkWarningCharPassword
18:57:01.807 [Forwarding findElement on session 1985cb2dc8ce37d05ea242bae4b9ed32 to remote] DEBUG org.asynchttpclient.netty.request.NettyRequestSender - Using pooled Channel '[id: 0x26850919, L:/127.0.0.1:62142 - R:localhost/127.0.0.1:30263]' for 'POST' to 'http://localhost:30263/session/1985cb2dc8ce37d05ea242bae4b9ed32/element'
18:57:01.807 [Forwarding findElement on session 1985cb2dc8ce37d05ea242bae4b9ed32 to remote] DEBUG org.asynchttpclient.netty.request.NettyRequestSender - Using open Channel [id: 0x26850919, L:/127.0.0.1:62142 - R:localhost/127.0.0.1:30263] for POST '/session/1985cb2dc8ce37d05ea242bae4b9ed32/element'
18:57:01.817 [AsyncHttpClient-1-23] DEBUG org.asynchttpclient.netty.handler.HttpHandler - 

Request DefaultHttpRequest(decodeResult: success, version: HTTP/1.1)
POST /session/1985cb2dc8ce37d05ea242bae4b9ed32/element HTTP/1.1
User-Agent: selenium/4.8.1 (java windows)
Content-Length: 51
Content-Type: application/json; charset=utf-8
host: localhost:30263
accept: */*

Response DefaultHttpResponse(decodeResult: success, version: HTTP/1.1)
HTTP/1.1 200 OK
Content-Length: 95
Content-Type: application/json; charset=utf-8
cache-control: no-cache

18:57:01.817 [AsyncHttpClient-1-23] DEBUG org.asynchttpclient.netty.channel.ChannelManager - Adding key: http://localhost:30263 for channel [id: 0x26850919, L:/127.0.0.1:62142 - R:localhost/127.0.0.1:30263]
18:57:01.819 [Forwarding isElementDisplayed on session 1985cb2dc8ce37d05ea242bae4b9ed32 to remote] DEBUG org.asynchttpclient.netty.request.NettyRequestSender - Using pooled Channel '[id: 0x26850919, L:/127.0.0.1:62142 - R:localhost/127.0.0.1:30263]' for 'POST' to 'http://localhost:30263/session/1985cb2dc8ce37d05ea242bae4b9ed32/execute/sync'
18:57:01.819 [Forwarding isElementDisplayed on session 1985cb2dc8ce37d05ea242bae4b9ed32 to remote] DEBUG org.asynchttpclient.netty.request.NettyRequestSender - Using open Channel [id: 0x26850919, L:/127.0.0.1:62142 - R:localhost/127.0.0.1:30263] for POST '/session/1985cb2dc8ce37d05ea242bae4b9ed32/execute/sync'
18:57:01.830 [AsyncHttpClient-1-23] DEBUG org.asynchttpclient.netty.handler.HttpHandler - 

Request DefaultHttpRequest(decodeResult: success, version: HTTP/1.1)
POST /session/1985cb2dc8ce37d05ea242bae4b9ed32/execute/sync HTTP/1.1
User-Agent: selenium/4.8.1 (java windows)
Content-Length: 48814
Content-Type: application/json; charset=utf-8
host: localhost:30263
accept: */*

Response DefaultHttpResponse(decodeResult: success, version: HTTP/1.1)
HTTP/1.1 200 OK
Content-Length: 14
Content-Type: application/json; charset=utf-8
cache-control: no-cache

18:57:01.831 [AsyncHttpClient-1-23] DEBUG org.asynchttpclient.netty.channel.ChannelManager - Adding key: http://localhost:30263 for channel [id: 0x26850919, L:/127.0.0.1:62142 - R:localhost/127.0.0.1:30263]
18:57:01.835 [Forwarding getAlertText on session 1985cb2dc8ce37d05ea242bae4b9ed32 to remote] DEBUG org.asynchttpclient.netty.request.NettyRequestSender - Using pooled Channel '[id: 0x26850919, L:/127.0.0.1:62142 - R:localhost/127.0.0.1:30263]' for 'GET' to 'http://localhost:30263/session/1985cb2dc8ce37d05ea242bae4b9ed32/alert/text'
18:57:01.835 [Forwarding getAlertText on session 1985cb2dc8ce37d05ea242bae4b9ed32 to remote] DEBUG org.asynchttpclient.netty.request.NettyRequestSender - Using open Channel [id: 0x26850919, L:/127.0.0.1:62142 - R:localhost/127.0.0.1:30263] for GET '/session/1985cb2dc8ce37d05ea242bae4b9ed32/alert/text'
18:57:01.837 [AsyncHttpClient-1-23] DEBUG org.asynchttpclient.netty.handler.HttpHandler - 

Request DefaultFullHttpRequest(decodeResult: success, version: HTTP/1.1, content: EmptyByteBufBE)
GET /session/1985cb2dc8ce37d05ea242bae4b9ed32/alert/text HTTP/1.1
User-Agent: selenium/4.8.1 (java windows)
Cache-Control: no-cache
Content-Type: application/json; charset=utf-8
host: localhost:30263
accept: */*

Response DefaultHttpResponse(decodeResult: success, version: HTTP/1.1)
HTTP/1.1 404 Not Found
Content-Length: 821
Content-Type: application/json; charset=utf-8
cache-control: no-cache

18:57:01.837 [AsyncHttpClient-1-23] DEBUG org.asynchttpclient.netty.channel.ChannelManager - Adding key: http://localhost:30263 for channel [id: 0x26850919, L:/127.0.0.1:62142 - R:localhost/127.0.0.1:30263]
18:57:01.837 [Forwarding getCurrentUrl on session 1985cb2dc8ce37d05ea242bae4b9ed32 to remote] DEBUG org.asynchttpclient.netty.request.NettyRequestSender - Using pooled Channel '[id: 0x26850919, L:/127.0.0.1:62142 - R:localhost/127.0.0.1:30263]' for 'GET' to 'http://localhost:30263/session/1985cb2dc8ce37d05ea242bae4b9ed32/url'
18:57:01.837 [Forwarding getCurrentUrl on session 1985cb2dc8ce37d05ea242bae4b9ed32 to remote] DEBUG org.asynchttpclient.netty.request.NettyRequestSender - Using open Channel [id: 0x26850919, L:/127.0.0.1:62142 - R:localhost/127.0.0.1:30263] for GET '/session/1985cb2dc8ce37d05ea242bae4b9ed32/url'
18:57:01.840 [AsyncHttpClient-1-23] DEBUG org.asynchttpclient.netty.handler.HttpHandler - 

Request DefaultFullHttpRequest(decodeResult: success, version: HTTP/1.1, content: EmptyByteBufBE)
GET /session/1985cb2dc8ce37d05ea242bae4b9ed32/url HTTP/1.1
User-Agent: selenium/4.8.1 (java windows)
Cache-Control: no-cache
Content-Type: application/json; charset=utf-8
host: localhost:30263
accept: */*

Response DefaultHttpResponse(decodeResult: success, version: HTTP/1.1)
HTTP/1.1 200 OK
Content-Length: 45
Content-Type: application/json; charset=utf-8
cache-control: no-cache

18:57:01.840 [AsyncHttpClient-1-23] DEBUG org.asynchttpclient.netty.channel.ChannelManager - Adding key: http://localhost:30263 for channel [id: 0x26850919, L:/127.0.0.1:62142 - R:localhost/127.0.0.1:30263]
18:57:01.841 [Forwarding screenshot on session 1985cb2dc8ce37d05ea242bae4b9ed32 to remote] DEBUG org.asynchttpclient.netty.request.NettyRequestSender - Using pooled Channel '[id: 0x26850919, L:/127.0.0.1:62142 - R:localhost/127.0.0.1:30263]' for 'GET' to 'http://localhost:30263/session/1985cb2dc8ce37d05ea242bae4b9ed32/screenshot'
18:57:01.841 [Forwarding screenshot on session 1985cb2dc8ce37d05ea242bae4b9ed32 to remote] DEBUG org.asynchttpclient.netty.request.NettyRequestSender - Using open Channel [id: 0x26850919, L:/127.0.0.1:62142 - R:localhost/127.0.0.1:30263] for GET '/session/1985cb2dc8ce37d05ea242bae4b9ed32/screenshot'
18:57:01.994 [AsyncHttpClient-1-23] DEBUG org.asynchttpclient.netty.handler.HttpHandler - 

Request DefaultFullHttpRequest(decodeResult: success, version: HTTP/1.1, content: EmptyByteBufBE)
GET /session/1985cb2dc8ce37d05ea242bae4b9ed32/screenshot HTTP/1.1
User-Agent: selenium/4.8.1 (java windows)
Cache-Control: no-cache
Content-Type: application/json; charset=utf-8
host: localhost:30263
accept: */*

Response DefaultHttpResponse(decodeResult: success, version: HTTP/1.1)
HTTP/1.1 200 OK
Content-Length: 37688
Content-Type: application/json; charset=utf-8
cache-control: no-cache

18:57:01.994 [AsyncHttpClient-1-23] DEBUG org.asynchttpclient.netty.channel.ChannelManager - Adding key: http://localhost:30263 for channel [id: 0x26850919, L:/127.0.0.1:62142 - R:localhost/127.0.0.1:30263]
18:57:01.996 [main] DEBUG net.serenitybdd.core.photography.Darkroom - Send negative for processing for target\site\serenity\c25af72f1ed0bbcfc572d93e83673e744327d5a404242ed215ef15c33c5888a3.png
18:57:01.996 [main] DEBUG net.thucydides.core.steps.StepInterceptor - STEP DONE: checkWarningCharPassword
  &amp#27;[32mThen &amp#27;[0m&amp#27;[32mI should see warning char password&amp#27;[0m            &amp#27;[90m# starter.stepdefinitions.LoginSteps.checkWarningCharPassword()&amp#27;[0m
18:57:01.996 [Darkroom Processing Line] DEBUG net.serenitybdd.core.photography.DarkroomProcessingLine - Processing screenshot image in /var/screenshots/screenshot-4234217709525028338
18:57:01.996 [Darkroom Processing Line] DEBUG net.serenitybdd.core.photography.DarkroomProcessingLine - Saving screenshot to target\site\serenity\c25af72f1ed0bbcfc572d93e83673e744327d5a404242ed215ef15c33c5888a3.png
18:57:02.000 [main] INFO  - 
  _____   ___   ___   _____     ___     _     ___   ___   ___   ___  
 |_   _| | __| / __| |_   _|   | _ \   /_\   / __| / __| | __| |   \ 
   | |   | _|  \__ \   | |     |  _/  / _ \  \__ \ \__ \ | _|  | |) |
   |_|   |___| |___/   |_|     |_|   /_/ \_\ |___/ |___/ |___| |___/ 

Admin login with password less than 8 char
----------------------------------------------------------------------
18:57:02.001 [AsyncHttpClient-1-25] DEBUG org.asynchttpclient.netty.handler.WebSocketHandler - Channel Closed: [id: 0x4e84e673, L:/127.0.0.1:62151 ! R:localhost/127.0.0.1:62144] with attribute NettyResponseFuture{currentRetry=0,
	isDone=1,
	isCancelled=0,
	asyncHandler=org.asynchttpclient.ws.WebSocketUpgradeHandler@bc3ea40,
	nettyRequest=org.asynchttpclient.netty.request.NettyRequest@4ec1655c,
	future=java.util.concurrent.CompletableFuture@13ae5fb5[Completed normally],
	uri=ws://localhost:62144/devtools/browser/811e9ff5-289a-4853-8431-393850f25bec,
	keepAlive=true,
	redirectCount=0,
	timeoutsHolder=null,
	inAuth=0,
	touch=1687780620048}
18:57:02.001 [Driver Command Executor] DEBUG org.asynchttpclient.netty.request.NettyRequestSender - Using pooled Channel '[id: 0x26850919, L:/127.0.0.1:62142 - R:localhost/127.0.0.1:30263]' for 'DELETE' to 'http://localhost:30263/session/1985cb2dc8ce37d05ea242bae4b9ed32'
18:57:02.001 [AsyncHttpClient-1-25] DEBUG org.asynchttpclient.netty.channel.ChannelManager - Closing Channel [id: 0x4e84e673, L:/127.0.0.1:62151 ! R:localhost/127.0.0.1:62144] 
18:57:02.001 [Driver Command Executor] DEBUG org.asynchttpclient.netty.request.NettyRequestSender - Using open Channel [id: 0x26850919, L:/127.0.0.1:62142 - R:localhost/127.0.0.1:30263] for DELETE '/session/1985cb2dc8ce37d05ea242bae4b9ed32'
18:57:02.026 [AsyncHttpClient-1-24] DEBUG org.asynchttpclient.netty.handler.HttpHandler - Unexpected I/O exception on channel [id: 0xb3b4b787, L:/127.0.0.1:62150 - R:localhost/127.0.0.1:62144]
java.net.SocketException: Connection reset
	at java.base/sun.nio.ch.SocketChannelImpl.throwConnectionReset(SocketChannelImpl.java:367)
	at java.base/sun.nio.ch.SocketChannelImpl.read(SocketChannelImpl.java:398)
	at io.netty.buffer.PooledByteBuf.setBytes(PooledByteBuf.java:259)
	at io.netty.buffer.AbstractByteBuf.writeBytes(AbstractByteBuf.java:1132)
	at io.netty.channel.socket.nio.NioSocketChannel.doReadBytes(NioSocketChannel.java:357)
	at io.netty.channel.nio.AbstractNioByteChannel$NioByteUnsafe.read(AbstractNioByteChannel.java:151)
	at io.netty.channel.nio.NioEventLoop.processSelectedKey(NioEventLoop.java:788)
	at io.netty.channel.nio.NioEventLoop.processSelectedKeysOptimized(NioEventLoop.java:724)
	at io.netty.channel.nio.NioEventLoop.processSelectedKeys(NioEventLoop.java:650)
	at io.netty.channel.nio.NioEventLoop.run(NioEventLoop.java:562)
	at io.netty.util.concurrent.SingleThreadEventExecutor$4.run(SingleThreadEventExecutor.java:997)
	at io.netty.util.internal.ThreadExecutorMap$2.run(ThreadExecutorMap.java:74)
	at io.netty.util.concurrent.FastThreadLocalRunnable.run(FastThreadLocalRunnable.java:30)
	at java.base/java.lang.Thread.run(Thread.java:832)
18:57:02.026 [AsyncHttpClient-1-24] DEBUG org.asynchttpclient.netty.channel.ChannelManager - Closing Channel [id: 0xb3b4b787, L:/127.0.0.1:62150 - R:localhost/127.0.0.1:62144] 
18:57:02.027 [AsyncHttpClient-1-24] DEBUG org.asynchttpclient.netty.handler.HttpHandler - Channel Closed: [id: 0xb3b4b787, L:/127.0.0.1:62150 ! R:localhost/127.0.0.1:62144] with attribute DISCARD
18:57:02.036 [AsyncHttpClient-1-23] DEBUG org.asynchttpclient.netty.handler.HttpHandler - 

Request DefaultFullHttpRequest(decodeResult: success, version: HTTP/1.1, content: EmptyByteBufBE)
DELETE /session/1985cb2dc8ce37d05ea242bae4b9ed32 HTTP/1.1
User-Agent: selenium/4.8.1 (java windows)
Content-Type: application/json; charset=utf-8
host: localhost:30263
accept: */*

Response DefaultHttpResponse(decodeResult: success, version: HTTP/1.1)
HTTP/1.1 200 OK
Content-Length: 14
Content-Type: application/json; charset=utf-8
cache-control: no-cache

18:57:02.036 [AsyncHttpClient-1-23] DEBUG org.asynchttpclient.netty.channel.ChannelManager - Adding key: http://localhost:30263 for channel [id: 0x26850919, L:/127.0.0.1:62142 - R:localhost/127.0.0.1:30263]
18:57:02.075 [AsyncHttpClient-1-23] DEBUG org.asynchttpclient.netty.handler.HttpHandler - Channel Closed: [id: 0x26850919, L:/127.0.0.1:62142 ! R:localhost/127.0.0.1:30263] with attribute DISCARD
]]></system-out>
    <system-err><![CDATA[Starting ChromeDriver 114.0.5735.16 (7e1ff058633f5b79b1cd7479aca585ba385519d8-refs/branch-heads/5735@{#182}) on port 30263
Only local connections are allowed.
Please see https://chromedriver.chromium.org/security-considerations for suggestions on keeping ChromeDriver safe.
ChromeDriver was started successfully.
Jun 26, 2023 6:57:00 PM org.openqa.selenium.devtools.CdpVersionFinder findNearestMatch
WARNING: Unable to find an exact match for CDP version 114, so returning the closest version found: 110
]]></system-err>
  </testcase>
</testsuite>