<?xml version="1.0" encoding="UTF-8" standalone="no"?><testsuite errors="0" failures="0" name="Login to Sociops Admin Account" skipped="0" tests="8" time="33.82" timestamp="2023-06-26 06:56:23"><testcase name="Login with correct credentials"/><testcase name="Login with incorrect password"/><testcase name="Login with incorrect email"/><testcase name="Verify email input must be valid value"/><testcase name="Admin login without fill password"/><testcase name="Admin login without fill email"/><testcase name="Admin login with email less than 2 char"/><testcase name="Admin login with password less than 8 char"/></testsuite>